<?xml version="1.0" encoding="UTF-8"?>
<coverage generated="1670714734496" clover="3.2.0">
  <project timestamp="1670714734497" name="All files">
    <metrics statements="567" coveredstatements="439" conditionals="193" coveredconditionals="95" methods="191" coveredmethods="176" elements="951" coveredelements="710" complexity="0" loc="567" ncloc="567" packages="1" files="4" classes="4"/>
    <file name="hikedao.js" path="C:\Users\user\Desktop\Cihan PoliTo\2.Year\Soft-eng II\Project_v1\HikeTracker\server\modules\dao\hikedao.js">
      <metrics statements="290" coveredstatements="226" conditionals="109" coveredconditionals="55" methods="83" coveredmethods="77"/>
      <line num="6" count="3" type="stmt"/>
      <line num="9" count="3" type="stmt"/>
      <line num="10" count="3" type="cond" truecount="1" falsecount="1"/>
      <line num="14" count="3" type="stmt"/>
      <line num="19" count="3" type="stmt"/>
      <line num="20" count="1" type="stmt"/>
      <line num="22" count="1" type="stmt"/>
      <line num="23" count="1" type="stmt"/>
      <line num="24" count="1" type="cond" truecount="1" falsecount="1"/>
      <line num="26" count="1" type="stmt"/>
      <line num="27" count="1" type="stmt"/>
      <line num="33" count="3" type="stmt"/>
      <line num="34" count="1" type="stmt"/>
      <line num="36" count="1" type="stmt"/>
      <line num="38" count="1" type="stmt"/>
      <line num="39" count="1" type="cond" truecount="1" falsecount="1"/>
      <line num="40" count="0" type="stmt"/>
      <line num="42" count="1" type="stmt"/>
      <line num="48" count="3" type="stmt"/>
      <line num="49" count="1" type="stmt"/>
      <line num="51" count="1" type="stmt"/>
      <line num="52" count="1" type="stmt"/>
      <line num="53" count="1" type="cond" truecount="1" falsecount="1"/>
      <line num="55" count="1" type="stmt"/>
      <line num="56" count="1" type="stmt"/>
      <line num="62" count="3" type="stmt"/>
      <line num="63" count="1" type="stmt"/>
      <line num="65" count="1" type="stmt"/>
      <line num="66" count="1" type="stmt"/>
      <line num="67" count="1" type="cond" truecount="1" falsecount="1"/>
      <line num="69" count="1" type="stmt"/>
      <line num="70" count="1" type="stmt"/>
      <line num="76" count="3" type="stmt"/>
      <line num="79" count="1" type="stmt"/>
      <line num="81" count="1" type="stmt"/>
      <line num="82" count="1" type="stmt"/>
      <line num="83" count="1" type="cond" truecount="1" falsecount="1"/>
      <line num="85" count="1" type="stmt"/>
      <line num="86" count="1" type="stmt"/>
      <line num="92" count="3" type="stmt"/>
      <line num="94" count="1" type="stmt"/>
      <line num="95" count="1" type="stmt"/>
      <line num="99" count="1" type="stmt"/>
      <line num="101" count="1" type="stmt"/>
      <line num="103" count="1" type="stmt"/>
      <line num="104" count="1" type="cond" truecount="1" falsecount="1"/>
      <line num="107" count="1" type="stmt"/>
      <line num="108" count="1" type="stmt"/>
      <line num="110" count="4" type="stmt"/>
      <line num="112" count="4" type="cond" truecount="4" falsecount="0"/>
      <line num="114" count="2" type="stmt"/>
      <line num="119" count="1" type="stmt"/>
      <line num="125" count="3" type="stmt"/>
      <line num="126" count="1" type="stmt"/>
      <line num="128" count="1" type="stmt"/>
      <line num="129" count="1" type="stmt"/>
      <line num="130" count="1" type="cond" truecount="1" falsecount="1"/>
      <line num="132" count="1" type="stmt"/>
      <line num="133" count="1" type="stmt"/>
      <line num="139" count="3" type="stmt"/>
      <line num="140" count="1" type="stmt"/>
      <line num="142" count="1" type="stmt"/>
      <line num="143" count="1" type="stmt"/>
      <line num="144" count="1" type="cond" truecount="1" falsecount="1"/>
      <line num="146" count="1" type="stmt"/>
      <line num="147" count="1" type="stmt"/>
      <line num="153" count="3" type="stmt"/>
      <line num="154" count="0" type="stmt"/>
      <line num="155" count="0" type="stmt"/>
      <line num="156" count="0" type="stmt"/>
      <line num="158" count="0" type="stmt"/>
      <line num="159" count="0" type="stmt"/>
      <line num="160" count="0" type="cond" truecount="0" falsecount="2"/>
      <line num="162" count="0" type="stmt"/>
      <line num="163" count="0" type="stmt"/>
      <line num="168" count="3" type="stmt"/>
      <line num="181" count="7" type="stmt"/>
      <line num="182" count="7" type="stmt"/>
      <line num="183" count="7" type="stmt"/>
      <line num="184" count="7" type="stmt"/>
      <line num="185" count="42" type="cond" truecount="2" falsecount="0"/>
      <line num="186" count="21" type="cond" truecount="2" falsecount="0"/>
      <line num="187" count="14" type="stmt"/>
      <line num="202" count="21" type="stmt"/>
      <line num="203" count="21" type="stmt"/>
      <line num="204" count="21" type="stmt"/>
      <line num="205" count="21" type="stmt"/>
      <line num="206" count="21" type="stmt"/>
      <line num="207" count="21" type="stmt"/>
      <line num="208" count="21" type="stmt"/>
      <line num="209" count="21" type="stmt"/>
      <line num="210" count="21" type="stmt"/>
      <line num="211" count="21" type="stmt"/>
      <line num="213" count="42" type="stmt"/>
      <line num="214" count="42" type="stmt"/>
      <line num="221" count="42" type="cond" truecount="2" falsecount="3"/>
      <line num="223" count="21" type="stmt"/>
      <line num="224" count="21" type="stmt"/>
      <line num="226" count="21" type="stmt"/>
      <line num="227" count="21" type="stmt"/>
      <line num="229" count="0" type="stmt"/>
      <line num="230" count="0" type="stmt"/>
      <line num="232" count="0" type="stmt"/>
      <line num="233" count="0" type="stmt"/>
      <line num="235" count="0" type="stmt"/>
      <line num="236" count="0" type="stmt"/>
      <line num="239" count="7" type="stmt"/>
      <line num="253" count="7" type="stmt"/>
      <line num="259" count="3" type="stmt"/>
      <line num="260" count="3" type="stmt"/>
      <line num="261" count="3" type="stmt"/>
      <line num="263" count="3" type="stmt"/>
      <line num="264" count="1" type="cond" truecount="1" falsecount="1"/>
      <line num="265" count="1" type="stmt"/>
      <line num="267" count="1" type="stmt"/>
      <line num="268" count="1" type="stmt"/>
      <line num="269" count="1" type="stmt"/>
      <line num="270" count="1" type="stmt"/>
      <line num="271" count="1" type="stmt"/>
      <line num="275" count="1" type="stmt"/>
      <line num="279" count="1" type="stmt"/>
      <line num="280" count="1" type="stmt"/>
      <line num="281" count="1" type="stmt"/>
      <line num="283" count="0" type="stmt"/>
      <line num="288" count="1" type="stmt"/>
      <line num="289" count="1" type="stmt"/>
      <line num="290" count="1" type="stmt"/>
      <line num="291" count="494" type="stmt"/>
      <line num="292" count="494" type="stmt"/>
      <line num="293" count="494" type="stmt"/>
      <line num="294" count="494" type="stmt"/>
      <line num="295" count="494" type="stmt"/>
      <line num="297" count="1" type="stmt"/>
      <line num="301" count="1" type="stmt"/>
      <line num="303" count="1" type="cond" truecount="1" falsecount="1"/>
      <line num="304" count="0" type="stmt"/>
      <line num="306" count="1" type="cond" truecount="3" falsecount="1"/>
      <line num="307" count="0" type="stmt"/>
      <line num="309" count="1" type="cond" truecount="3" falsecount="1"/>
      <line num="310" count="0" type="stmt"/>
      <line num="313" count="1" type="stmt"/>
      <line num="317" count="1" type="cond" truecount="3" falsecount="1"/>
      <line num="318" count="0" type="stmt"/>
      <line num="320" count="1" type="cond" truecount="3" falsecount="1"/>
      <line num="321" count="0" type="stmt"/>
      <line num="323" count="1" type="cond" truecount="1" falsecount="1"/>
      <line num="324" count="1" type="stmt"/>
      <line num="326" count="0" type="cond" truecount="0" falsecount="4"/>
      <line num="327" count="0" type="stmt"/>
      <line num="329" count="0" type="cond" truecount="0" falsecount="4"/>
      <line num="330" count="0" type="stmt"/>
      <line num="332" count="0" type="cond" truecount="0" falsecount="4"/>
      <line num="333" count="0" type="stmt"/>
      <line num="336" count="0" type="stmt"/>
      <line num="339" count="1" type="cond" truecount="1" falsecount="1"/>
      <line num="340" count="0" type="stmt"/>
      <line num="341" count="1" type="cond" truecount="3" falsecount="1"/>
      <line num="342" count="0" type="stmt"/>
      <line num="344" count="1" type="stmt"/>
      <line num="351" count="3" type="stmt"/>
      <line num="352" count="1" type="stmt"/>
      <line num="353" count="1" type="stmt"/>
      <line num="354" count="1" type="stmt"/>
      <line num="355" count="1" type="cond" truecount="1" falsecount="1"/>
      <line num="356" count="0" type="stmt"/>
      <line num="358" count="1" type="stmt"/>
      <line num="363" count="3" type="stmt"/>
      <line num="365" count="62" type="stmt"/>
      <line num="366" count="62" type="stmt"/>
      <line num="367" count="62" type="stmt"/>
      <line num="368" count="62" type="cond" truecount="1" falsecount="1"/>
      <line num="369" count="0" type="stmt"/>
      <line num="370" count="0" type="stmt"/>
      <line num="372" count="62" type="stmt"/>
      <line num="380" count="3" type="stmt"/>
      <line num="381" count="15" type="stmt"/>
      <line num="382" count="15" type="stmt"/>
      <line num="383" count="15" type="stmt"/>
      <line num="384" count="15" type="stmt"/>
      <line num="385" count="15" type="cond" truecount="1" falsecount="1"/>
      <line num="386" count="0" type="stmt"/>
      <line num="389" count="15" type="stmt"/>
      <line num="390" count="15" type="cond" truecount="1" falsecount="1"/>
      <line num="391" count="0" type="stmt"/>
      <line num="394" count="15" type="stmt"/>
      <line num="403" count="3" type="stmt"/>
      <line num="404" count="31" type="stmt"/>
      <line num="405" count="31" type="stmt"/>
      <line num="406" count="31" type="stmt"/>
      <line num="407" count="31" type="stmt"/>
      <line num="408" count="31" type="cond" truecount="1" falsecount="1"/>
      <line num="409" count="0" type="stmt"/>
      <line num="412" count="31" type="stmt"/>
      <line num="413" count="31" type="cond" truecount="1" falsecount="1"/>
      <line num="414" count="0" type="stmt"/>
      <line num="417" count="31" type="stmt"/>
      <line num="426" count="3" type="stmt"/>
      <line num="427" count="48" type="stmt"/>
      <line num="428" count="48" type="stmt"/>
      <line num="429" count="48" type="stmt"/>
      <line num="436" count="48" type="cond" truecount="1" falsecount="1"/>
      <line num="437" count="0" type="stmt"/>
      <line num="438" count="0" type="stmt"/>
      <line num="441" count="48" type="stmt"/>
      <line num="447" count="3" type="stmt"/>
      <line num="448" count="64" type="stmt"/>
      <line num="449" count="64" type="stmt"/>
      <line num="450" count="64" type="stmt"/>
      <line num="451" count="64" type="cond" truecount="1" falsecount="1"/>
      <line num="452" count="0" type="stmt"/>
      <line num="453" count="0" type="stmt"/>
      <line num="456" count="64" type="stmt"/>
      <line num="462" count="3" type="stmt"/>
      <line num="463" count="9" type="stmt"/>
      <line num="464" count="9" type="stmt"/>
      <line num="465" count="9" type="stmt"/>
      <line num="466" count="9" type="cond" truecount="1" falsecount="1"/>
      <line num="467" count="0" type="stmt"/>
      <line num="468" count="0" type="stmt"/>
      <line num="471" count="9" type="stmt"/>
      <line num="478" count="3" type="stmt"/>
      <line num="479" count="15" type="stmt"/>
      <line num="480" count="15" type="stmt"/>
      <line num="481" count="15" type="stmt"/>
      <line num="482" count="15" type="cond" truecount="1" falsecount="1"/>
      <line num="483" count="0" type="stmt"/>
      <line num="484" count="0" type="stmt"/>
      <line num="487" count="15" type="stmt"/>
      <line num="494" count="3" type="stmt"/>
      <line num="495" count="148" type="stmt"/>
      <line num="496" count="148" type="stmt"/>
      <line num="497" count="148" type="stmt"/>
      <line num="498" count="148" type="cond" truecount="1" falsecount="1"/>
      <line num="499" count="0" type="stmt"/>
      <line num="500" count="0" type="stmt"/>
      <line num="503" count="148" type="stmt"/>
      <line num="509" count="3" type="stmt"/>
      <line num="510" count="16" type="stmt"/>
      <line num="511" count="16" type="stmt"/>
      <line num="512" count="16" type="stmt"/>
      <line num="513" count="16" type="cond" truecount="1" falsecount="1"/>
      <line num="514" count="0" type="stmt"/>
      <line num="515" count="0" type="stmt"/>
      <line num="518" count="16" type="stmt"/>
      <line num="524" count="3" type="stmt"/>
      <line num="525" count="2" type="stmt"/>
      <line num="526" count="2" type="stmt"/>
      <line num="527" count="2" type="stmt"/>
      <line num="528" count="2" type="cond" truecount="1" falsecount="1"/>
      <line num="529" count="0" type="stmt"/>
      <line num="530" count="0" type="stmt"/>
      <line num="533" count="2" type="stmt"/>
      <line num="540" count="3" type="stmt"/>
      <line num="541" count="1" type="stmt"/>
      <line num="542" count="1" type="stmt"/>
      <line num="543" count="1" type="stmt"/>
      <line num="544" count="1" type="cond" truecount="1" falsecount="1"/>
      <line num="545" count="0" type="stmt"/>
      <line num="546" count="0" type="stmt"/>
      <line num="549" count="1" type="stmt"/>
      <line num="556" count="3" type="stmt"/>
      <line num="557" count="1" type="stmt"/>
      <line num="558" count="1" type="stmt"/>
      <line num="559" count="1" type="stmt"/>
      <line num="560" count="1" type="cond" truecount="1" falsecount="1"/>
      <line num="561" count="0" type="stmt"/>
      <line num="562" count="0" type="stmt"/>
      <line num="565" count="1" type="stmt"/>
      <line num="572" count="3" type="stmt"/>
      <line num="573" count="15" type="stmt"/>
      <line num="574" count="15" type="stmt"/>
      <line num="575" count="15" type="stmt"/>
      <line num="576" count="15" type="cond" truecount="1" falsecount="1"/>
      <line num="577" count="0" type="stmt"/>
      <line num="578" count="0" type="stmt"/>
      <line num="581" count="15" type="stmt"/>
      <line num="588" count="3" type="stmt"/>
      <line num="589" count="1" type="stmt"/>
      <line num="590" count="1" type="stmt"/>
      <line num="591" count="1" type="stmt"/>
      <line num="592" count="1" type="cond" truecount="1" falsecount="1"/>
      <line num="593" count="0" type="stmt"/>
      <line num="596" count="1" type="stmt"/>
      <line num="606" count="3" type="stmt"/>
      <line num="607" count="0" type="stmt"/>
      <line num="608" count="0" type="stmt"/>
      <line num="609" count="0" type="stmt"/>
      <line num="610" count="0" type="cond" truecount="0" falsecount="2"/>
      <line num="611" count="0" type="stmt"/>
      <line num="614" count="0" type="stmt"/>
    </file>
    <file name="hutdao.js" path="C:\Users\user\Desktop\Cihan PoliTo\2.Year\Soft-eng II\Project_v1\HikeTracker\server\modules\dao\hutdao.js">
      <metrics statements="142" coveredstatements="100" conditionals="40" coveredconditionals="17" methods="56" coveredmethods="47"/>
      <line num="6" count="1" type="stmt"/>
      <line num="9" count="1" type="stmt"/>
      <line num="10" count="1" type="cond" truecount="1" falsecount="1"/>
      <line num="13" count="1" type="stmt"/>
      <line num="15" count="48" type="stmt"/>
      <line num="16" count="48" type="stmt"/>
      <line num="20" count="48" type="stmt"/>
      <line num="39" count="48" type="cond" truecount="1" falsecount="1"/>
      <line num="40" count="0" type="stmt"/>
      <line num="41" count="0" type="stmt"/>
      <line num="43" count="48" type="stmt"/>
      <line num="49" count="1" type="stmt"/>
      <line num="50" count="12" type="stmt"/>
      <line num="52" count="12" type="stmt"/>
      <line num="53" count="12" type="stmt"/>
      <line num="54" count="12" type="cond" truecount="1" falsecount="1"/>
      <line num="55" count="0" type="stmt"/>
      <line num="56" count="0" type="stmt"/>
      <line num="58" count="12" type="stmt"/>
      <line num="62" count="12" type="stmt"/>
      <line num="63" count="12" type="stmt"/>
      <line num="64" count="12" type="cond" truecount="1" falsecount="1"/>
      <line num="65" count="0" type="stmt"/>
      <line num="66" count="0" type="stmt"/>
      <line num="68" count="12" type="stmt"/>
      <line num="74" count="1" type="stmt"/>
      <line num="75" count="12" type="stmt"/>
      <line num="77" count="12" type="stmt"/>
      <line num="78" count="12" type="stmt"/>
      <line num="79" count="12" type="cond" truecount="1" falsecount="1"/>
      <line num="80" count="0" type="stmt"/>
      <line num="81" count="0" type="stmt"/>
      <line num="83" count="12" type="stmt"/>
      <line num="89" count="1" type="stmt"/>
      <line num="90" count="1" type="stmt"/>
      <line num="92" count="1" type="stmt"/>
      <line num="96" count="1" type="stmt"/>
      <line num="97" count="1" type="cond" truecount="1" falsecount="1"/>
      <line num="98" count="0" type="stmt"/>
      <line num="100" count="1" type="stmt"/>
      <line num="106" count="1" type="stmt"/>
      <line num="107" count="1" type="stmt"/>
      <line num="109" count="1" type="stmt"/>
      <line num="113" count="1" type="stmt"/>
      <line num="114" count="1" type="cond" truecount="1" falsecount="1"/>
      <line num="115" count="0" type="stmt"/>
      <line num="117" count="1" type="stmt"/>
      <line num="123" count="1" type="stmt"/>
      <line num="124" count="1" type="stmt"/>
      <line num="126" count="1" type="stmt"/>
      <line num="130" count="1" type="stmt"/>
      <line num="131" count="1" type="cond" truecount="1" falsecount="1"/>
      <line num="132" count="0" type="stmt"/>
      <line num="134" count="1" type="stmt"/>
      <line num="140" count="1" type="stmt"/>
      <line num="141" count="1" type="stmt"/>
      <line num="143" count="1" type="stmt"/>
      <line num="147" count="1" type="stmt"/>
      <line num="148" count="1" type="cond" truecount="1" falsecount="1"/>
      <line num="149" count="0" type="stmt"/>
      <line num="151" count="1" type="stmt"/>
      <line num="157" count="1" type="stmt"/>
      <line num="158" count="1" type="stmt"/>
      <line num="160" count="1" type="stmt"/>
      <line num="164" count="1" type="stmt"/>
      <line num="165" count="1" type="cond" truecount="1" falsecount="1"/>
      <line num="166" count="0" type="stmt"/>
      <line num="168" count="1" type="stmt"/>
      <line num="174" count="1" type="stmt"/>
      <line num="175" count="1" type="stmt"/>
      <line num="177" count="1" type="stmt"/>
      <line num="181" count="1" type="stmt"/>
      <line num="182" count="1" type="cond" truecount="1" falsecount="1"/>
      <line num="183" count="0" type="stmt"/>
      <line num="185" count="1" type="stmt"/>
      <line num="191" count="1" type="stmt"/>
      <line num="192" count="1" type="stmt"/>
      <line num="194" count="1" type="stmt"/>
      <line num="198" count="1" type="stmt"/>
      <line num="199" count="1" type="cond" truecount="1" falsecount="1"/>
      <line num="200" count="0" type="stmt"/>
      <line num="202" count="1" type="stmt"/>
      <line num="208" count="1" type="stmt"/>
      <line num="209" count="1" type="stmt"/>
      <line num="211" count="1" type="stmt"/>
      <line num="215" count="1" type="stmt"/>
      <line num="216" count="1" type="cond" truecount="1" falsecount="1"/>
      <line num="217" count="0" type="stmt"/>
      <line num="219" count="1" type="stmt"/>
      <line num="225" count="1" type="stmt"/>
      <line num="226" count="1" type="stmt"/>
      <line num="228" count="1" type="stmt"/>
      <line num="232" count="1" type="stmt"/>
      <line num="233" count="1" type="cond" truecount="1" falsecount="1"/>
      <line num="234" count="0" type="stmt"/>
      <line num="236" count="1" type="stmt"/>
      <line num="242" count="1" type="stmt"/>
      <line num="243" count="1" type="stmt"/>
      <line num="245" count="1" type="stmt"/>
      <line num="249" count="1" type="stmt"/>
      <line num="250" count="1" type="cond" truecount="1" falsecount="1"/>
      <line num="251" count="0" type="stmt"/>
      <line num="253" count="1" type="stmt"/>
      <line num="259" count="1" type="stmt"/>
      <line num="260" count="1" type="stmt"/>
      <line num="262" count="1" type="stmt"/>
      <line num="266" count="1" type="stmt"/>
      <line num="267" count="1" type="cond" truecount="1" falsecount="1"/>
      <line num="268" count="0" type="stmt"/>
      <line num="270" count="1" type="stmt"/>
      <line num="276" count="1" type="stmt"/>
      <line num="277" count="1" type="stmt"/>
      <line num="279" count="1" type="stmt"/>
      <line num="283" count="1" type="stmt"/>
      <line num="284" count="1" type="cond" truecount="1" falsecount="1"/>
      <line num="285" count="0" type="stmt"/>
      <line num="287" count="1" type="stmt"/>
      <line num="296" count="1" type="stmt"/>
      <line num="297" count="0" type="stmt"/>
      <line num="298" count="0" type="stmt"/>
      <line num="299" count="0" type="stmt"/>
      <line num="301" count="0" type="stmt"/>
      <line num="305" count="0" type="stmt"/>
      <line num="306" count="0" type="cond" truecount="0" falsecount="2"/>
      <line num="307" count="0" type="stmt"/>
      <line num="309" count="0" type="stmt"/>
      <line num="316" count="1" type="stmt"/>
      <line num="317" count="0" type="stmt"/>
      <line num="318" count="0" type="stmt"/>
      <line num="319" count="0" type="stmt"/>
      <line num="320" count="0" type="cond" truecount="0" falsecount="2"/>
      <line num="321" count="0" type="stmt"/>
      <line num="322" count="0" type="stmt"/>
      <line num="325" count="0" type="stmt"/>
      <line num="332" count="1" type="stmt"/>
      <line num="333" count="0" type="stmt"/>
      <line num="334" count="0" type="stmt"/>
      <line num="335" count="0" type="stmt"/>
      <line num="336" count="0" type="cond" truecount="0" falsecount="2"/>
      <line num="337" count="0" type="stmt"/>
      <line num="338" count="0" type="stmt"/>
      <line num="341" count="0" type="stmt"/>
    </file>
    <file name="parkingdao.js" path="C:\Users\user\Desktop\Cihan PoliTo\2.Year\Soft-eng II\Project_v1\HikeTracker\server\modules\dao\parkingdao.js">
      <metrics statements="35" coveredstatements="33" conditionals="12" coveredconditionals="6" methods="16" coveredmethods="16"/>
      <line num="5" count="1" type="stmt"/>
      <line num="8" count="1" type="stmt"/>
      <line num="9" count="1" type="cond" truecount="1" falsecount="1"/>
      <line num="17" count="1" type="stmt"/>
      <line num="18" count="1" type="stmt"/>
      <line num="20" count="1" type="stmt"/>
      <line num="21" count="1" type="stmt"/>
      <line num="22" count="1" type="cond" truecount="1" falsecount="1"/>
      <line num="23" count="1" type="stmt"/>
      <line num="29" count="1" type="stmt"/>
      <line num="30" count="1" type="stmt"/>
      <line num="32" count="1" type="stmt"/>
      <line num="33" count="1" type="stmt"/>
      <line num="34" count="1" type="cond" truecount="1" falsecount="1"/>
      <line num="35" count="1" type="stmt"/>
      <line num="40" count="1" type="stmt"/>
      <line num="41" count="1" type="stmt"/>
      <line num="43" count="1" type="stmt"/>
      <line num="44" count="1" type="stmt"/>
      <line num="45" count="1" type="cond" truecount="1" falsecount="1"/>
      <line num="46" count="1" type="stmt"/>
      <line num="50" count="1" type="stmt"/>
      <line num="59" count="9" type="stmt"/>
      <line num="60" count="9" type="stmt"/>
      <line num="61" count="9" type="stmt"/>
      <line num="73" count="9" type="cond" truecount="1" falsecount="1"/>
      <line num="74" count="0" type="stmt"/>
      <line num="75" count="0" type="stmt"/>
      <line num="77" count="9" type="stmt"/>
      <line num="83" count="1" type="stmt"/>
      <line num="84" count="4" type="stmt"/>
      <line num="85" count="4" type="stmt"/>
      <line num="86" count="4" type="stmt"/>
      <line num="87" count="4" type="cond" truecount="1" falsecount="1"/>
      <line num="89" count="4" type="stmt"/>
    </file>
    <file name="userdao.js" path="C:\Users\user\Desktop\Cihan PoliTo\2.Year\Soft-eng II\Project_v1\HikeTracker\server\modules\dao\userdao.js">
      <metrics statements="100" coveredstatements="80" conditionals="32" coveredconditionals="17" methods="36" coveredmethods="36"/>
      <line num="5" count="2" type="stmt"/>
      <line num="6" count="2" type="stmt"/>
      <line num="9" count="2" type="stmt"/>
      <line num="10" count="2" type="cond" truecount="1" falsecount="1"/>
      <line num="15" count="2" type="stmt"/>
      <line num="16" count="31" type="stmt"/>
      <line num="18" count="31" type="stmt"/>
      <line num="19" count="31" type="stmt"/>
      <line num="29" count="31" type="cond" truecount="1" falsecount="1"/>
      <line num="30" count="0" type="stmt"/>
      <line num="31" count="0" type="stmt"/>
      <line num="33" count="31" type="stmt"/>
      <line num="38" count="2" type="stmt"/>
      <line num="39" count="1" type="stmt"/>
      <line num="40" count="1" type="stmt"/>
      <line num="41" count="1" type="stmt"/>
      <line num="42" count="1" type="cond" truecount="1" falsecount="1"/>
      <line num="43" count="0" type="stmt"/>
      <line num="44" count="0" type="stmt"/>
      <line num="46" count="1" type="stmt"/>
      <line num="51" count="2" type="stmt"/>
      <line num="52" count="2" type="stmt"/>
      <line num="53" count="2" type="stmt"/>
      <line num="54" count="2" type="stmt"/>
      <line num="55" count="2" type="cond" truecount="1" falsecount="1"/>
      <line num="56" count="0" type="stmt"/>
      <line num="58" count="2" type="stmt"/>
      <line num="64" count="2" type="stmt"/>
      <line num="65" count="1" type="stmt"/>
      <line num="66" count="1" type="stmt"/>
      <line num="67" count="1" type="stmt"/>
      <line num="68" count="1" type="cond" truecount="1" falsecount="1"/>
      <line num="69" count="0" type="stmt"/>
      <line num="70" count="1" type="cond" truecount="1" falsecount="1"/>
      <line num="71" count="0" type="stmt"/>
      <line num="73" count="1" type="stmt"/>
      <line num="79" count="2" type="stmt"/>
      <line num="80" count="2" type="stmt"/>
      <line num="81" count="2" type="stmt"/>
      <line num="82" count="2" type="stmt"/>
      <line num="83" count="2" type="cond" truecount="1" falsecount="1"/>
      <line num="84" count="0" type="stmt"/>
      <line num="86" count="2" type="stmt"/>
      <line num="92" count="2" type="stmt"/>
      <line num="93" count="1" type="stmt"/>
      <line num="94" count="1" type="stmt"/>
      <line num="95" count="1" type="stmt"/>
      <line num="96" count="1" type="cond" truecount="1" falsecount="1"/>
      <line num="97" count="0" type="stmt"/>
      <line num="99" count="1" type="stmt"/>
      <line num="105" count="2" type="stmt"/>
      <line num="106" count="2" type="stmt"/>
      <line num="107" count="2" type="stmt"/>
      <line num="108" count="2" type="stmt"/>
      <line num="109" count="2" type="cond" truecount="1" falsecount="1"/>
      <line num="110" count="0" type="stmt"/>
      <line num="111" count="2" type="cond" truecount="1" falsecount="1"/>
      <line num="112" count="0" type="stmt"/>
      <line num="113" count="0" type="stmt"/>
      <line num="115" count="2" type="stmt"/>
      <line num="116" count="2" type="cond" truecount="2" falsecount="0"/>
      <line num="118" count="1" type="stmt"/>
      <line num="120" count="1" type="stmt"/>
      <line num="121" count="1" type="stmt"/>
      <line num="129" count="2" type="stmt"/>
      <line num="130" count="1" type="stmt"/>
      <line num="131" count="1" type="stmt"/>
      <line num="132" count="1" type="stmt"/>
      <line num="133" count="1" type="cond" truecount="1" falsecount="1"/>
      <line num="134" count="0" type="stmt"/>
      <line num="136" count="1" type="stmt"/>
      <line num="142" count="2" type="stmt"/>
      <line num="143" count="1" type="stmt"/>
      <line num="144" count="1" type="stmt"/>
      <line num="145" count="1" type="stmt"/>
      <line num="146" count="1" type="cond" truecount="1" falsecount="1"/>
      <line num="147" count="0" type="stmt"/>
      <line num="149" count="1" type="stmt"/>
      <line num="155" count="2" type="stmt"/>
      <line num="156" count="16" type="stmt"/>
      <line num="158" count="16" type="stmt"/>
      <line num="159" count="16" type="stmt"/>
      <line num="160" count="16" type="cond" truecount="1" falsecount="1"/>
      <line num="161" count="0" type="stmt"/>
      <line num="162" count="0" type="stmt"/>
      <line num="164" count="16" type="stmt"/>
      <line num="168" count="16" type="stmt"/>
      <line num="169" count="16" type="stmt"/>
      <line num="170" count="16" type="cond" truecount="1" falsecount="1"/>
      <line num="171" count="0" type="stmt"/>
      <line num="172" count="0" type="stmt"/>
      <line num="174" count="16" type="stmt"/>
      <line num="180" count="2" type="stmt"/>
      <line num="181" count="1" type="stmt"/>
      <line num="183" count="1" type="stmt"/>
      <line num="184" count="1" type="stmt"/>
      <line num="185" count="1" type="cond" truecount="1" falsecount="1"/>
      <line num="186" count="0" type="stmt"/>
      <line num="187" count="0" type="stmt"/>
      <line num="189" count="1" type="stmt"/>
    </file>
  </project>
</coverage>
