<?xml version="1.0" encoding="UTF-8"?>
<coverage generated="1670715392332" clover="3.2.0">
  <project timestamp="1670715392333" name="All files">
    <metrics statements="519" coveredstatements="472" conditionals="195" coveredconditionals="101" methods="192" coveredmethods="192" elements="906" coveredelements="765" complexity="0" loc="519" ncloc="519" packages="1" files="5" classes="5"/>
    <file name="hikedao.js" path="C:\Users\user\Desktop\Cihan PoliTo\2.Year\Soft-eng II\Project_v1\HikeTracker\server\modules\dao\hikedao.js">
      <metrics statements="254" coveredstatements="233" conditionals="107" coveredconditionals="56" methods="80" coveredmethods="80"/>
      <line num="6" count="4" type="stmt"/>
      <line num="9" count="4" type="stmt"/>
      <line num="10" count="4" type="cond" truecount="1" falsecount="1"/>
      <line num="14" count="4" type="stmt"/>
      <line num="19" count="4" type="stmt"/>
      <line num="20" count="1" type="stmt"/>
      <line num="22" count="1" type="stmt"/>
      <line num="23" count="1" type="stmt"/>
      <line num="24" count="1" type="cond" truecount="1" falsecount="1"/>
      <line num="26" count="1" type="stmt"/>
      <line num="27" count="1" type="stmt"/>
      <line num="33" count="4" type="stmt"/>
      <line num="34" count="1" type="stmt"/>
      <line num="36" count="1" type="stmt"/>
      <line num="38" count="1" type="stmt"/>
      <line num="39" count="1" type="cond" truecount="1" falsecount="1"/>
      <line num="41" count="1" type="stmt"/>
      <line num="47" count="4" type="stmt"/>
      <line num="48" count="1" type="stmt"/>
      <line num="50" count="1" type="stmt"/>
      <line num="51" count="1" type="stmt"/>
      <line num="52" count="1" type="cond" truecount="1" falsecount="1"/>
      <line num="54" count="1" type="stmt"/>
      <line num="55" count="1" type="stmt"/>
      <line num="61" count="4" type="stmt"/>
      <line num="62" count="1" type="stmt"/>
      <line num="64" count="1" type="stmt"/>
      <line num="65" count="1" type="stmt"/>
      <line num="66" count="1" type="cond" truecount="1" falsecount="1"/>
      <line num="68" count="1" type="stmt"/>
      <line num="69" count="1" type="stmt"/>
      <line num="75" count="4" type="stmt"/>
      <line num="78" count="1" type="stmt"/>
      <line num="80" count="1" type="stmt"/>
      <line num="81" count="1" type="stmt"/>
      <line num="82" count="1" type="cond" truecount="1" falsecount="1"/>
      <line num="84" count="1" type="stmt"/>
      <line num="85" count="1" type="stmt"/>
      <line num="91" count="4" type="stmt"/>
      <line num="93" count="1" type="stmt"/>
      <line num="94" count="1" type="stmt"/>
      <line num="98" count="1" type="stmt"/>
      <line num="100" count="1" type="stmt"/>
      <line num="102" count="1" type="stmt"/>
      <line num="103" count="1" type="cond" truecount="1" falsecount="1"/>
      <line num="106" count="1" type="stmt"/>
      <line num="107" count="1" type="stmt"/>
      <line num="109" count="4" type="stmt"/>
      <line num="111" count="4" type="cond" truecount="4" falsecount="0"/>
      <line num="113" count="2" type="stmt"/>
      <line num="118" count="1" type="stmt"/>
      <line num="124" count="4" type="stmt"/>
      <line num="125" count="1" type="stmt"/>
      <line num="127" count="1" type="stmt"/>
      <line num="128" count="1" type="stmt"/>
      <line num="129" count="1" type="cond" truecount="1" falsecount="1"/>
      <line num="131" count="1" type="stmt"/>
      <line num="132" count="1" type="stmt"/>
      <line num="138" count="4" type="stmt"/>
      <line num="139" count="1" type="stmt"/>
      <line num="141" count="1" type="stmt"/>
      <line num="142" count="1" type="stmt"/>
      <line num="143" count="1" type="cond" truecount="1" falsecount="1"/>
      <line num="145" count="1" type="stmt"/>
      <line num="146" count="1" type="stmt"/>
      <line num="152" count="4" type="stmt"/>
      <line num="153" count="1" type="stmt"/>
      <line num="154" count="1" type="stmt"/>
      <line num="155" count="1" type="stmt"/>
      <line num="157" count="1" type="stmt"/>
      <line num="158" count="1" type="stmt"/>
      <line num="159" count="1" type="cond" truecount="1" falsecount="1"/>
      <line num="161" count="1" type="stmt"/>
      <line num="162" count="1" type="stmt"/>
      <line num="167" count="4" type="stmt"/>
      <line num="180" count="8" type="stmt"/>
      <line num="181" count="8" type="stmt"/>
      <line num="182" count="8" type="stmt"/>
      <line num="183" count="8" type="stmt"/>
      <line num="184" count="50" type="cond" truecount="2" falsecount="0"/>
      <line num="185" count="25" type="cond" truecount="2" falsecount="0"/>
      <line num="186" count="17" type="stmt"/>
      <line num="201" count="25" type="stmt"/>
      <line num="202" count="25" type="stmt"/>
      <line num="203" count="25" type="stmt"/>
      <line num="204" count="25" type="stmt"/>
      <line num="205" count="25" type="stmt"/>
      <line num="206" count="25" type="stmt"/>
      <line num="207" count="25" type="stmt"/>
      <line num="208" count="25" type="stmt"/>
      <line num="209" count="25" type="stmt"/>
      <line num="210" count="25" type="stmt"/>
      <line num="212" count="50" type="stmt"/>
      <line num="213" count="50" type="stmt"/>
      <line num="220" count="50" type="cond" truecount="2" falsecount="3"/>
      <line num="222" count="25" type="stmt"/>
      <line num="223" count="25" type="stmt"/>
      <line num="225" count="25" type="stmt"/>
      <line num="226" count="25" type="stmt"/>
      <line num="228" count="0" type="stmt"/>
      <line num="229" count="0" type="stmt"/>
      <line num="231" count="0" type="stmt"/>
      <line num="232" count="0" type="stmt"/>
      <line num="234" count="0" type="stmt"/>
      <line num="235" count="0" type="stmt"/>
      <line num="238" count="8" type="stmt"/>
      <line num="252" count="8" type="stmt"/>
      <line num="258" count="4" type="stmt"/>
      <line num="259" count="4" type="stmt"/>
      <line num="260" count="4" type="stmt"/>
      <line num="262" count="4" type="stmt"/>
      <line num="263" count="1" type="cond" truecount="1" falsecount="1"/>
      <line num="264" count="1" type="stmt"/>
      <line num="266" count="1" type="stmt"/>
      <line num="267" count="1" type="stmt"/>
      <line num="268" count="1" type="stmt"/>
      <line num="269" count="1" type="stmt"/>
      <line num="270" count="1" type="stmt"/>
      <line num="274" count="1" type="stmt"/>
      <line num="278" count="1" type="stmt"/>
      <line num="279" count="1" type="stmt"/>
      <line num="280" count="1" type="stmt"/>
      <line num="282" count="0" type="stmt"/>
      <line num="287" count="1" type="stmt"/>
      <line num="288" count="1" type="stmt"/>
      <line num="289" count="1" type="stmt"/>
      <line num="290" count="494" type="stmt"/>
      <line num="291" count="494" type="stmt"/>
      <line num="292" count="494" type="stmt"/>
      <line num="293" count="494" type="stmt"/>
      <line num="294" count="494" type="stmt"/>
      <line num="296" count="1" type="stmt"/>
      <line num="300" count="1" type="stmt"/>
      <line num="302" count="1" type="cond" truecount="1" falsecount="1"/>
      <line num="303" count="0" type="stmt"/>
      <line num="305" count="1" type="cond" truecount="3" falsecount="1"/>
      <line num="306" count="0" type="stmt"/>
      <line num="308" count="1" type="cond" truecount="3" falsecount="1"/>
      <line num="309" count="0" type="stmt"/>
      <line num="312" count="1" type="stmt"/>
      <line num="316" count="1" type="cond" truecount="3" falsecount="1"/>
      <line num="317" count="0" type="stmt"/>
      <line num="319" count="1" type="cond" truecount="3" falsecount="1"/>
      <line num="320" count="0" type="stmt"/>
      <line num="322" count="1" type="cond" truecount="1" falsecount="1"/>
      <line num="323" count="1" type="stmt"/>
      <line num="325" count="0" type="cond" truecount="0" falsecount="4"/>
      <line num="326" count="0" type="stmt"/>
      <line num="328" count="0" type="cond" truecount="0" falsecount="4"/>
      <line num="329" count="0" type="stmt"/>
      <line num="331" count="0" type="cond" truecount="0" falsecount="4"/>
      <line num="332" count="0" type="stmt"/>
      <line num="335" count="0" type="stmt"/>
      <line num="338" count="1" type="cond" truecount="1" falsecount="1"/>
      <line num="339" count="0" type="stmt"/>
      <line num="340" count="1" type="cond" truecount="3" falsecount="1"/>
      <line num="341" count="0" type="stmt"/>
      <line num="343" count="1" type="stmt"/>
      <line num="350" count="4" type="stmt"/>
      <line num="351" count="1" type="stmt"/>
      <line num="352" count="1" type="stmt"/>
      <line num="353" count="1" type="stmt"/>
      <line num="354" count="1" type="cond" truecount="1" falsecount="1"/>
      <line num="356" count="1" type="stmt"/>
      <line num="361" count="4" type="stmt"/>
      <line num="363" count="67" type="stmt"/>
      <line num="364" count="67" type="stmt"/>
      <line num="365" count="67" type="stmt"/>
      <line num="366" count="67" type="cond" truecount="1" falsecount="1"/>
      <line num="368" count="67" type="stmt"/>
      <line num="376" count="4" type="stmt"/>
      <line num="377" count="17" type="stmt"/>
      <line num="378" count="17" type="stmt"/>
      <line num="379" count="17" type="stmt"/>
      <line num="380" count="17" type="stmt"/>
      <line num="381" count="17" type="cond" truecount="1" falsecount="1"/>
      <line num="384" count="17" type="stmt"/>
      <line num="385" count="17" type="cond" truecount="1" falsecount="1"/>
      <line num="388" count="17" type="stmt"/>
      <line num="397" count="4" type="stmt"/>
      <line num="398" count="36" type="stmt"/>
      <line num="399" count="36" type="stmt"/>
      <line num="400" count="36" type="stmt"/>
      <line num="401" count="36" type="stmt"/>
      <line num="402" count="36" type="cond" truecount="1" falsecount="1"/>
      <line num="405" count="36" type="stmt"/>
      <line num="406" count="36" type="cond" truecount="1" falsecount="1"/>
      <line num="408" count="36" type="stmt"/>
      <line num="417" count="4" type="stmt"/>
      <line num="418" count="60" type="stmt"/>
      <line num="419" count="60" type="stmt"/>
      <line num="420" count="60" type="stmt"/>
      <line num="427" count="60" type="cond" truecount="1" falsecount="1"/>
      <line num="430" count="60" type="stmt"/>
      <line num="436" count="4" type="stmt"/>
      <line num="437" count="70" type="stmt"/>
      <line num="438" count="70" type="stmt"/>
      <line num="439" count="70" type="stmt"/>
      <line num="440" count="70" type="cond" truecount="1" falsecount="1"/>
      <line num="442" count="70" type="stmt"/>
      <line num="448" count="4" type="stmt"/>
      <line num="449" count="9" type="stmt"/>
      <line num="450" count="9" type="stmt"/>
      <line num="451" count="9" type="stmt"/>
      <line num="452" count="9" type="cond" truecount="1" falsecount="1"/>
      <line num="454" count="9" type="stmt"/>
      <line num="461" count="4" type="stmt"/>
      <line num="462" count="17" type="stmt"/>
      <line num="463" count="17" type="stmt"/>
      <line num="464" count="17" type="stmt"/>
      <line num="465" count="17" type="cond" truecount="1" falsecount="1"/>
      <line num="467" count="17" type="stmt"/>
      <line num="474" count="4" type="stmt"/>
      <line num="475" count="164" type="stmt"/>
      <line num="476" count="164" type="stmt"/>
      <line num="477" count="164" type="stmt"/>
      <line num="478" count="164" type="cond" truecount="1" falsecount="1"/>
      <line num="480" count="164" type="stmt"/>
      <line num="486" count="4" type="stmt"/>
      <line num="487" count="17" type="stmt"/>
      <line num="488" count="17" type="stmt"/>
      <line num="489" count="17" type="stmt"/>
      <line num="490" count="17" type="cond" truecount="1" falsecount="1"/>
      <line num="492" count="17" type="stmt"/>
      <line num="498" count="4" type="stmt"/>
      <line num="499" count="2" type="stmt"/>
      <line num="500" count="2" type="stmt"/>
      <line num="501" count="2" type="stmt"/>
      <line num="502" count="2" type="cond" truecount="1" falsecount="1"/>
      <line num="504" count="2" type="stmt"/>
      <line num="511" count="4" type="stmt"/>
      <line num="512" count="1" type="stmt"/>
      <line num="513" count="1" type="stmt"/>
      <line num="514" count="1" type="stmt"/>
      <line num="515" count="1" type="cond" truecount="1" falsecount="1"/>
      <line num="517" count="1" type="stmt"/>
      <line num="524" count="4" type="stmt"/>
      <line num="525" count="1" type="stmt"/>
      <line num="526" count="1" type="stmt"/>
      <line num="527" count="1" type="stmt"/>
      <line num="528" count="1" type="cond" truecount="1" falsecount="1"/>
      <line num="530" count="1" type="stmt"/>
      <line num="537" count="4" type="stmt"/>
      <line num="538" count="16" type="stmt"/>
      <line num="539" count="16" type="stmt"/>
      <line num="540" count="16" type="stmt"/>
      <line num="541" count="16" type="cond" truecount="1" falsecount="1"/>
      <line num="543" count="16" type="stmt"/>
      <line num="550" count="4" type="stmt"/>
      <line num="551" count="1" type="stmt"/>
      <line num="552" count="1" type="stmt"/>
      <line num="553" count="1" type="stmt"/>
      <line num="554" count="1" type="cond" truecount="1" falsecount="1"/>
      <line num="556" count="1" type="stmt"/>
    </file>
    <file name="hutdao.js" path="C:\Users\user\Desktop\Cihan PoliTo\2.Year\Soft-eng II\Project_v1\HikeTracker\server\modules\dao\hutdao.js">
      <metrics statements="128" coveredstatements="117" conditionals="40" coveredconditionals="20" methods="56" coveredmethods="56"/>
      <line num="6" count="1" type="stmt"/>
      <line num="9" count="1" type="stmt"/>
      <line num="10" count="1" type="cond" truecount="1" falsecount="1"/>
      <line num="13" count="1" type="stmt"/>
      <line num="15" count="60" type="stmt"/>
      <line num="16" count="60" type="stmt"/>
      <line num="20" count="60" type="stmt"/>
      <line num="39" count="60" type="cond" truecount="1" falsecount="1"/>
      <line num="40" count="0" type="stmt"/>
      <line num="41" count="0" type="stmt"/>
      <line num="43" count="60" type="stmt"/>
      <line num="49" count="1" type="stmt"/>
      <line num="50" count="15" type="stmt"/>
      <line num="52" count="15" type="stmt"/>
      <line num="53" count="15" type="stmt"/>
      <line num="54" count="15" type="cond" truecount="1" falsecount="1"/>
      <line num="55" count="0" type="stmt"/>
      <line num="56" count="0" type="stmt"/>
      <line num="58" count="15" type="stmt"/>
      <line num="62" count="15" type="stmt"/>
      <line num="63" count="15" type="stmt"/>
      <line num="64" count="15" type="cond" truecount="1" falsecount="1"/>
      <line num="65" count="0" type="stmt"/>
      <line num="66" count="0" type="stmt"/>
      <line num="68" count="15" type="stmt"/>
      <line num="74" count="1" type="stmt"/>
      <line num="75" count="15" type="stmt"/>
      <line num="77" count="15" type="stmt"/>
      <line num="78" count="15" type="stmt"/>
      <line num="79" count="15" type="cond" truecount="1" falsecount="1"/>
      <line num="80" count="0" type="stmt"/>
      <line num="81" count="0" type="stmt"/>
      <line num="83" count="15" type="stmt"/>
      <line num="88" count="1" type="stmt"/>
      <line num="89" count="1" type="stmt"/>
      <line num="91" count="1" type="stmt"/>
      <line num="95" count="1" type="stmt"/>
      <line num="96" count="1" type="cond" truecount="1" falsecount="1"/>
      <line num="98" count="1" type="stmt"/>
      <line num="104" count="1" type="stmt"/>
      <line num="105" count="1" type="stmt"/>
      <line num="107" count="1" type="stmt"/>
      <line num="111" count="1" type="stmt"/>
      <line num="112" count="1" type="cond" truecount="1" falsecount="1"/>
      <line num="113" count="0" type="stmt"/>
      <line num="115" count="1" type="stmt"/>
      <line num="121" count="1" type="stmt"/>
      <line num="122" count="1" type="stmt"/>
      <line num="124" count="1" type="stmt"/>
      <line num="128" count="1" type="stmt"/>
      <line num="129" count="1" type="cond" truecount="1" falsecount="1"/>
      <line num="130" count="0" type="stmt"/>
      <line num="132" count="1" type="stmt"/>
      <line num="138" count="1" type="stmt"/>
      <line num="139" count="1" type="stmt"/>
      <line num="141" count="1" type="stmt"/>
      <line num="145" count="1" type="stmt"/>
      <line num="146" count="1" type="cond" truecount="1" falsecount="1"/>
      <line num="147" count="0" type="stmt"/>
      <line num="149" count="1" type="stmt"/>
      <line num="155" count="1" type="stmt"/>
      <line num="156" count="1" type="stmt"/>
      <line num="158" count="1" type="stmt"/>
      <line num="162" count="1" type="stmt"/>
      <line num="163" count="1" type="cond" truecount="1" falsecount="1"/>
      <line num="165" count="1" type="stmt"/>
      <line num="171" count="1" type="stmt"/>
      <line num="172" count="1" type="stmt"/>
      <line num="174" count="1" type="stmt"/>
      <line num="178" count="1" type="stmt"/>
      <line num="179" count="1" type="cond" truecount="1" falsecount="1"/>
      <line num="181" count="1" type="stmt"/>
      <line num="187" count="1" type="stmt"/>
      <line num="188" count="1" type="stmt"/>
      <line num="190" count="1" type="stmt"/>
      <line num="194" count="1" type="stmt"/>
      <line num="195" count="1" type="cond" truecount="1" falsecount="1"/>
      <line num="197" count="1" type="stmt"/>
      <line num="203" count="1" type="stmt"/>
      <line num="204" count="1" type="stmt"/>
      <line num="206" count="1" type="stmt"/>
      <line num="210" count="1" type="stmt"/>
      <line num="211" count="1" type="cond" truecount="1" falsecount="1"/>
      <line num="213" count="1" type="stmt"/>
      <line num="219" count="1" type="stmt"/>
      <line num="220" count="1" type="stmt"/>
      <line num="222" count="1" type="stmt"/>
      <line num="226" count="1" type="stmt"/>
      <line num="227" count="1" type="cond" truecount="1" falsecount="1"/>
      <line num="229" count="1" type="stmt"/>
      <line num="235" count="1" type="stmt"/>
      <line num="236" count="1" type="stmt"/>
      <line num="238" count="1" type="stmt"/>
      <line num="242" count="1" type="stmt"/>
      <line num="243" count="1" type="cond" truecount="1" falsecount="1"/>
      <line num="245" count="1" type="stmt"/>
      <line num="251" count="1" type="stmt"/>
      <line num="252" count="1" type="stmt"/>
      <line num="254" count="1" type="stmt"/>
      <line num="258" count="1" type="stmt"/>
      <line num="259" count="1" type="cond" truecount="1" falsecount="1"/>
      <line num="261" count="1" type="stmt"/>
      <line num="267" count="1" type="stmt"/>
      <line num="268" count="1" type="stmt"/>
      <line num="270" count="1" type="stmt"/>
      <line num="274" count="1" type="stmt"/>
      <line num="275" count="1" type="cond" truecount="1" falsecount="1"/>
      <line num="277" count="1" type="stmt"/>
      <line num="286" count="1" type="stmt"/>
      <line num="287" count="1" type="stmt"/>
      <line num="288" count="1" type="stmt"/>
      <line num="289" count="1" type="stmt"/>
      <line num="291" count="1" type="stmt"/>
      <line num="295" count="1" type="stmt"/>
      <line num="296" count="1" type="cond" truecount="1" falsecount="1"/>
      <line num="298" count="1" type="stmt"/>
      <line num="305" count="1" type="stmt"/>
      <line num="306" count="1" type="stmt"/>
      <line num="307" count="1" type="stmt"/>
      <line num="308" count="1" type="stmt"/>
      <line num="309" count="1" type="cond" truecount="1" falsecount="1"/>
      <line num="311" count="1" type="stmt"/>
      <line num="318" count="1" type="stmt"/>
      <line num="319" count="1" type="stmt"/>
      <line num="320" count="1" type="stmt"/>
      <line num="321" count="1" type="stmt"/>
      <line num="322" count="1" type="cond" truecount="1" falsecount="1"/>
      <line num="324" count="1" type="stmt"/>
    </file>
    <file name="parkingdao.js" path="C:\Users\user\Desktop\Cihan PoliTo\2.Year\Soft-eng II\Project_v1\HikeTracker\server\modules\dao\parkingdao.js">
      <metrics statements="33" coveredstatements="33" conditionals="12" coveredconditionals="6" methods="16" coveredmethods="16"/>
      <line num="5" count="1" type="stmt"/>
      <line num="8" count="1" type="stmt"/>
      <line num="9" count="1" type="cond" truecount="1" falsecount="1"/>
      <line num="17" count="1" type="stmt"/>
      <line num="18" count="1" type="stmt"/>
      <line num="20" count="1" type="stmt"/>
      <line num="21" count="1" type="stmt"/>
      <line num="22" count="1" type="cond" truecount="1" falsecount="1"/>
      <line num="23" count="1" type="stmt"/>
      <line num="29" count="1" type="stmt"/>
      <line num="30" count="1" type="stmt"/>
      <line num="32" count="1" type="stmt"/>
      <line num="33" count="1" type="stmt"/>
      <line num="34" count="1" type="cond" truecount="1" falsecount="1"/>
      <line num="35" count="1" type="stmt"/>
      <line num="40" count="1" type="stmt"/>
      <line num="41" count="1" type="stmt"/>
      <line num="43" count="1" type="stmt"/>
      <line num="44" count="1" type="stmt"/>
      <line num="45" count="1" type="cond" truecount="1" falsecount="1"/>
      <line num="46" count="1" type="stmt"/>
      <line num="50" count="1" type="stmt"/>
      <line num="59" count="9" type="stmt"/>
      <line num="60" count="9" type="stmt"/>
      <line num="61" count="9" type="stmt"/>
      <line num="73" count="9" type="cond" truecount="1" falsecount="1"/>
      <line num="75" count="9" type="stmt"/>
      <line num="81" count="1" type="stmt"/>
      <line num="82" count="4" type="stmt"/>
      <line num="83" count="4" type="stmt"/>
      <line num="84" count="4" type="stmt"/>
      <line num="85" count="4" type="cond" truecount="1" falsecount="1"/>
      <line num="87" count="4" type="stmt"/>
    </file>
    <file name="point.js" path="C:\Users\user\Desktop\Cihan PoliTo\2.Year\Soft-eng II\Project_v1\HikeTracker\server\modules\dao\point.js">
      <metrics statements="9" coveredstatements="9" conditionals="4" coveredconditionals="2" methods="4" coveredmethods="4"/>
      <line num="6" count="1" type="stmt"/>
      <line num="9" count="1" type="stmt"/>
      <line num="10" count="1" type="cond" truecount="1" falsecount="1"/>
      <line num="14" count="1" type="stmt"/>
      <line num="15" count="1" type="stmt"/>
      <line num="16" count="1" type="stmt"/>
      <line num="17" count="1" type="stmt"/>
      <line num="18" count="1" type="cond" truecount="1" falsecount="1"/>
      <line num="19" count="1" type="stmt"/>
    </file>
    <file name="userdao.js" path="C:\Users\user\Desktop\Cihan PoliTo\2.Year\Soft-eng II\Project_v1\HikeTracker\server\modules\dao\userdao.js">
      <metrics statements="95" coveredstatements="80" conditionals="32" coveredconditionals="17" methods="36" coveredmethods="36"/>
      <line num="5" count="2" type="stmt"/>
      <line num="6" count="2" type="stmt"/>
      <line num="9" count="2" type="stmt"/>
      <line num="10" count="2" type="cond" truecount="1" falsecount="1"/>
      <line num="15" count="2" type="stmt"/>
      <line num="16" count="33" type="stmt"/>
      <line num="18" count="33" type="stmt"/>
      <line num="19" count="33" type="stmt"/>
      <line num="29" count="33" type="cond" truecount="1" falsecount="1"/>
      <line num="30" count="33" type="stmt"/>
      <line num="35" count="2" type="stmt"/>
      <line num="36" count="1" type="stmt"/>
      <line num="37" count="1" type="stmt"/>
      <line num="38" count="1" type="stmt"/>
      <line num="39" count="1" type="cond" truecount="1" falsecount="1"/>
      <line num="40" count="1" type="stmt"/>
      <line num="45" count="2" type="stmt"/>
      <line num="46" count="2" type="stmt"/>
      <line num="47" count="2" type="stmt"/>
      <line num="48" count="2" type="stmt"/>
      <line num="49" count="2" type="cond" truecount="1" falsecount="1"/>
      <line num="51" count="2" type="stmt"/>
      <line num="57" count="2" type="stmt"/>
      <line num="58" count="1" type="stmt"/>
      <line num="59" count="1" type="stmt"/>
      <line num="60" count="1" type="stmt"/>
      <line num="61" count="1" type="cond" truecount="1" falsecount="1"/>
      <line num="62" count="0" type="stmt"/>
      <line num="63" count="1" type="cond" truecount="1" falsecount="1"/>
      <line num="64" count="0" type="stmt"/>
      <line num="66" count="1" type="stmt"/>
      <line num="72" count="2" type="stmt"/>
      <line num="73" count="2" type="stmt"/>
      <line num="74" count="2" type="stmt"/>
      <line num="75" count="2" type="stmt"/>
      <line num="76" count="2" type="cond" truecount="1" falsecount="1"/>
      <line num="77" count="0" type="stmt"/>
      <line num="79" count="2" type="stmt"/>
      <line num="85" count="2" type="stmt"/>
      <line num="86" count="1" type="stmt"/>
      <line num="87" count="1" type="stmt"/>
      <line num="88" count="1" type="stmt"/>
      <line num="89" count="1" type="cond" truecount="1" falsecount="1"/>
      <line num="90" count="0" type="stmt"/>
      <line num="92" count="1" type="stmt"/>
      <line num="98" count="2" type="stmt"/>
      <line num="99" count="2" type="stmt"/>
      <line num="100" count="2" type="stmt"/>
      <line num="101" count="2" type="stmt"/>
      <line num="102" count="2" type="cond" truecount="1" falsecount="1"/>
      <line num="103" count="0" type="stmt"/>
      <line num="104" count="2" type="cond" truecount="1" falsecount="1"/>
      <line num="105" count="0" type="stmt"/>
      <line num="106" count="0" type="stmt"/>
      <line num="108" count="2" type="stmt"/>
      <line num="109" count="2" type="cond" truecount="2" falsecount="0"/>
      <line num="111" count="1" type="stmt"/>
      <line num="113" count="1" type="stmt"/>
      <line num="114" count="1" type="stmt"/>
      <line num="122" count="2" type="stmt"/>
      <line num="123" count="1" type="stmt"/>
      <line num="124" count="1" type="stmt"/>
      <line num="125" count="1" type="stmt"/>
      <line num="126" count="1" type="cond" truecount="1" falsecount="1"/>
      <line num="127" count="0" type="stmt"/>
      <line num="129" count="1" type="stmt"/>
      <line num="135" count="2" type="stmt"/>
      <line num="136" count="1" type="stmt"/>
      <line num="137" count="1" type="stmt"/>
      <line num="138" count="1" type="stmt"/>
      <line num="139" count="1" type="cond" truecount="1" falsecount="1"/>
      <line num="140" count="0" type="stmt"/>
      <line num="142" count="1" type="stmt"/>
      <line num="148" count="2" type="stmt"/>
      <line num="149" count="17" type="stmt"/>
      <line num="151" count="17" type="stmt"/>
      <line num="152" count="17" type="stmt"/>
      <line num="153" count="17" type="cond" truecount="1" falsecount="1"/>
      <line num="154" count="0" type="stmt"/>
      <line num="155" count="0" type="stmt"/>
      <line num="157" count="17" type="stmt"/>
      <line num="161" count="17" type="stmt"/>
      <line num="162" count="17" type="stmt"/>
      <line num="163" count="17" type="cond" truecount="1" falsecount="1"/>
      <line num="164" count="0" type="stmt"/>
      <line num="165" count="0" type="stmt"/>
      <line num="167" count="17" type="stmt"/>
      <line num="173" count="2" type="stmt"/>
      <line num="174" count="1" type="stmt"/>
      <line num="176" count="1" type="stmt"/>
      <line num="177" count="1" type="stmt"/>
      <line num="178" count="1" type="cond" truecount="1" falsecount="1"/>
      <line num="179" count="0" type="stmt"/>
      <line num="180" count="0" type="stmt"/>
      <line num="182" count="1" type="stmt"/>
    </file>
  </project>
</coverage>
