{"C:\\Users\\user\\Desktop\\Cihan PoliTo\\2.Year\\Soft-eng II\\Project_v1\\HikeTracker\\server\\modules\\dao\\hikedao.js": {"path":"C:\\Users\\user\\Desktop\\Cihan PoliTo\\2.Year\\Soft-eng II\\Project_v1\\HikeTracker\\server\\modules\\dao\\hikedao.js","statementMap":{"0":{"start":{"line":6,"column":15},"end":{"line":6,"column":33}},"1":{"start":{"line":9,"column":11},"end":{"line":11,"column":2}},"2":{"start":{"line":10,"column":1},"end":{"line":10,"column":20}},"3":{"start":{"line":10,"column":10},"end":{"line":10,"column":20}},"4":{"start":{"line":14,"column":18},"end":{"line":14,"column":47}},"5":{"start":{"line":19,"column":0},"end":{"line":31,"column":2}},"6":{"start":{"line":20,"column":1},"end":{"line":30,"column":4}},"7":{"start":{"line":22,"column":3},"end":{"line":22,"column":354}},"8":{"start":{"line":23,"column":2},"end":{"line":29,"column":5}},"9":{"start":{"line":24,"column":3},"end":{"line":28,"column":4}},"10":{"start":{"line":24,"column":12},"end":{"line":24,"column":24}},"11":{"start":{"line":26,"column":18},"end":{"line":26,"column":38}},"12":{"start":{"line":27,"column":4},"end":{"line":27,"column":19}},"13":{"start":{"line":33,"column":0},"end":{"line":45,"column":2}},"14":{"start":{"line":34,"column":1},"end":{"line":44,"column":4}},"15":{"start":{"line":36,"column":3},"end":{"line":36,"column":36}},"16":{"start":{"line":38,"column":2},"end":{"line":43,"column":5}},"17":{"start":{"line":39,"column":3},"end":{"line":42,"column":4}},"18":{"start":{"line":39,"column":12},"end":{"line":39,"column":24}},"19":{"start":{"line":41,"column":4},"end":{"line":41,"column":17}},"20":{"start":{"line":47,"column":0},"end":{"line":59,"column":2}},"21":{"start":{"line":48,"column":1},"end":{"line":58,"column":4}},"22":{"start":{"line":50,"column":3},"end":{"line":50,"column":383}},"23":{"start":{"line":51,"column":2},"end":{"line":57,"column":5}},"24":{"start":{"line":52,"column":3},"end":{"line":56,"column":4}},"25":{"start":{"line":52,"column":12},"end":{"line":52,"column":24}},"26":{"start":{"line":54,"column":18},"end":{"line":54,"column":38}},"27":{"start":{"line":55,"column":4},"end":{"line":55,"column":19}},"28":{"start":{"line":61,"column":0},"end":{"line":73,"column":2}},"29":{"start":{"line":62,"column":1},"end":{"line":72,"column":4}},"30":{"start":{"line":64,"column":3},"end":{"line":64,"column":375}},"31":{"start":{"line":65,"column":2},"end":{"line":71,"column":5}},"32":{"start":{"line":66,"column":3},"end":{"line":70,"column":4}},"33":{"start":{"line":66,"column":12},"end":{"line":66,"column":24}},"34":{"start":{"line":68,"column":18},"end":{"line":68,"column":38}},"35":{"start":{"line":69,"column":4},"end":{"line":69,"column":19}},"36":{"start":{"line":75,"column":0},"end":{"line":89,"column":2}},"37":{"start":{"line":78,"column":1},"end":{"line":88,"column":4}},"38":{"start":{"line":80,"column":3},"end":{"line":80,"column":390}},"39":{"start":{"line":81,"column":2},"end":{"line":87,"column":5}},"40":{"start":{"line":82,"column":3},"end":{"line":86,"column":4}},"41":{"start":{"line":82,"column":12},"end":{"line":82,"column":24}},"42":{"start":{"line":84,"column":18},"end":{"line":84,"column":38}},"43":{"start":{"line":85,"column":4},"end":{"line":85,"column":19}},"44":{"start":{"line":91,"column":0},"end":{"line":122,"column":2}},"45":{"start":{"line":93,"column":15},"end":{"line":93,"column":34}},"46":{"start":{"line":94,"column":13},"end":{"line":94,"column":32}},"47":{"start":{"line":98,"column":1},"end":{"line":121,"column":4}},"48":{"start":{"line":100,"column":3},"end":{"line":100,"column":354}},"49":{"start":{"line":102,"column":2},"end":{"line":120,"column":5}},"50":{"start":{"line":103,"column":3},"end":{"line":119,"column":4}},"51":{"start":{"line":103,"column":12},"end":{"line":103,"column":24}},"52":{"start":{"line":106,"column":16},"end":{"line":106,"column":36}},"53":{"start":{"line":107,"column":4},"end":{"line":117,"column":6}},"54":{"start":{"line":109,"column":22},"end":{"line":109,"column":49}},"55":{"start":{"line":111,"column":5},"end":{"line":114,"column":6}},"56":{"start":{"line":113,"column":6},"end":{"line":113,"column":15}},"57":{"start":{"line":118,"column":4},"end":{"line":118,"column":19}},"58":{"start":{"line":124,"column":0},"end":{"line":136,"column":2}},"59":{"start":{"line":125,"column":1},"end":{"line":135,"column":4}},"60":{"start":{"line":127,"column":3},"end":{"line":127,"column":502}},"61":{"start":{"line":128,"column":2},"end":{"line":134,"column":5}},"62":{"start":{"line":129,"column":3},"end":{"line":133,"column":4}},"63":{"start":{"line":129,"column":12},"end":{"line":129,"column":24}},"64":{"start":{"line":131,"column":18},"end":{"line":131,"column":38}},"65":{"start":{"line":132,"column":4},"end":{"line":132,"column":19}},"66":{"start":{"line":138,"column":0},"end":{"line":150,"column":2}},"67":{"start":{"line":139,"column":1},"end":{"line":149,"column":4}},"68":{"start":{"line":141,"column":3},"end":{"line":141,"column":498}},"69":{"start":{"line":142,"column":2},"end":{"line":148,"column":5}},"70":{"start":{"line":143,"column":3},"end":{"line":147,"column":4}},"71":{"start":{"line":143,"column":12},"end":{"line":143,"column":24}},"72":{"start":{"line":145,"column":18},"end":{"line":145,"column":38}},"73":{"start":{"line":146,"column":4},"end":{"line":146,"column":19}},"74":{"start":{"line":152,"column":0},"end":{"line":166,"column":2}},"75":{"start":{"line":153,"column":1},"end":{"line":165,"column":4}},"76":{"start":{"line":154,"column":24},"end":{"line":154,"column":49}},"77":{"start":{"line":155,"column":24},"end":{"line":155,"column":49}},"78":{"start":{"line":157,"column":3},"end":{"line":157,"column":546}},"79":{"start":{"line":158,"column":2},"end":{"line":164,"column":5}},"80":{"start":{"line":159,"column":3},"end":{"line":163,"column":4}},"81":{"start":{"line":159,"column":12},"end":{"line":159,"column":24}},"82":{"start":{"line":161,"column":18},"end":{"line":161,"column":38}},"83":{"start":{"line":162,"column":4},"end":{"line":162,"column":19}},"84":{"start":{"line":167,"column":23},"end":{"line":253,"column":1}},"85":{"start":{"line":180,"column":16},"end":{"line":180,"column":20}},"86":{"start":{"line":181,"column":25},"end":{"line":181,"column":27}},"87":{"start":{"line":182,"column":15},"end":{"line":182,"column":17}},"88":{"start":{"line":183,"column":1},"end":{"line":237,"column":2}},"89":{"start":{"line":184,"column":2},"end":{"line":211,"column":3}},"90":{"start":{"line":185,"column":3},"end":{"line":200,"column":4}},"91":{"start":{"line":186,"column":4},"end":{"line":199,"column":7}},"92":{"start":{"line":201,"column":3},"end":{"line":201,"column":23}},"93":{"start":{"line":202,"column":3},"end":{"line":202,"column":25}},"94":{"start":{"line":203,"column":3},"end":{"line":203,"column":21}},"95":{"start":{"line":204,"column":3},"end":{"line":204,"column":41}},"96":{"start":{"line":205,"column":3},"end":{"line":205,"column":35}},"97":{"start":{"line":206,"column":3},"end":{"line":206,"column":41}},"98":{"start":{"line":207,"column":3},"end":{"line":207,"column":27}},"99":{"start":{"line":208,"column":3},"end":{"line":208,"column":39}},"100":{"start":{"line":209,"column":3},"end":{"line":209,"column":41}},"101":{"start":{"line":210,"column":3},"end":{"line":210,"column":26}},"102":{"start":{"line":212,"column":2},"end":{"line":212,"column":19}},"103":{"start":{"line":213,"column":2},"end":{"line":219,"column":4}},"104":{"start":{"line":220,"column":2},"end":{"line":236,"column":3}},"105":{"start":{"line":222,"column":4},"end":{"line":222,"column":26}},"106":{"start":{"line":223,"column":4},"end":{"line":223,"column":10}},"107":{"start":{"line":225,"column":4},"end":{"line":225,"column":24}},"108":{"start":{"line":226,"column":4},"end":{"line":226,"column":10}},"109":{"start":{"line":228,"column":4},"end":{"line":228,"column":34}},"110":{"start":{"line":229,"column":4},"end":{"line":229,"column":10}},"111":{"start":{"line":231,"column":4},"end":{"line":231,"column":34}},"112":{"start":{"line":232,"column":4},"end":{"line":232,"column":10}},"113":{"start":{"line":234,"column":4},"end":{"line":234,"column":36}},"114":{"start":{"line":235,"column":4},"end":{"line":235,"column":40}},"115":{"start":{"line":238,"column":1},"end":{"line":251,"column":4}},"116":{"start":{"line":252,"column":1},"end":{"line":252,"column":14}},"117":{"start":{"line":258,"column":18},"end":{"line":258,"column":46}},"118":{"start":{"line":259,"column":18},"end":{"line":259,"column":45}},"119":{"start":{"line":260,"column":11},"end":{"line":260,"column":24}},"120":{"start":{"line":262,"column":0},"end":{"line":284,"column":1}},"121":{"start":{"line":263,"column":1},"end":{"line":281,"column":2}},"122":{"start":{"line":264,"column":28},"end":{"line":264,"column":91}},"123":{"start":{"line":266,"column":20},"end":{"line":266,"column":52}},"124":{"start":{"line":267,"column":22},"end":{"line":267,"column":64}},"125":{"start":{"line":268,"column":16},"end":{"line":268,"column":30}},"126":{"start":{"line":269,"column":14},"end":{"line":269,"column":47}},"127":{"start":{"line":270,"column":24},"end":{"line":273,"column":3}},"128":{"start":{"line":274,"column":22},"end":{"line":277,"column":3}},"129":{"start":{"line":278,"column":39},"end":{"line":278,"column":78}},"130":{"start":{"line":279,"column":21},"end":{"line":279,"column":67}},"131":{"start":{"line":280,"column":2},"end":{"line":280,"column":146}},"132":{"start":{"line":282,"column":1},"end":{"line":282,"column":11}},"133":{"start":{"line":287,"column":16},"end":{"line":287,"column":17}},"134":{"start":{"line":288,"column":14},"end":{"line":288,"column":15}},"135":{"start":{"line":289,"column":1},"end":{"line":295,"column":2}},"136":{"start":{"line":289,"column":14},"end":{"line":289,"column":15}},"137":{"start":{"line":290,"column":15},"end":{"line":290,"column":74}},"138":{"start":{"line":291,"column":15},"end":{"line":291,"column":78}},"139":{"start":{"line":292,"column":23},"end":{"line":292,"column":62}},"140":{"start":{"line":293,"column":2},"end":{"line":293,"column":55}},"141":{"start":{"line":294,"column":2},"end":{"line":294,"column":35}},"142":{"start":{"line":296,"column":1},"end":{"line":296,"column":54}},"143":{"start":{"line":300,"column":23},"end":{"line":300,"column":24}},"144":{"start":{"line":302,"column":1},"end":{"line":313,"column":2}},"145":{"start":{"line":303,"column":2},"end":{"line":303,"column":23}},"146":{"start":{"line":305,"column":6},"end":{"line":313,"column":2}},"147":{"start":{"line":306,"column":2},"end":{"line":306,"column":23}},"148":{"start":{"line":308,"column":6},"end":{"line":313,"column":2}},"149":{"start":{"line":309,"column":2},"end":{"line":309,"column":23}},"150":{"start":{"line":312,"column":2},"end":{"line":312,"column":23}},"151":{"start":{"line":316,"column":1},"end":{"line":336,"column":2}},"152":{"start":{"line":317,"column":2},"end":{"line":317,"column":23}},"153":{"start":{"line":319,"column":6},"end":{"line":336,"column":2}},"154":{"start":{"line":320,"column":2},"end":{"line":320,"column":23}},"155":{"start":{"line":322,"column":6},"end":{"line":336,"column":2}},"156":{"start":{"line":323,"column":2},"end":{"line":323,"column":23}},"157":{"start":{"line":325,"column":6},"end":{"line":336,"column":2}},"158":{"start":{"line":326,"column":2},"end":{"line":326,"column":23}},"159":{"start":{"line":328,"column":6},"end":{"line":336,"column":2}},"160":{"start":{"line":329,"column":2},"end":{"line":329,"column":23}},"161":{"start":{"line":331,"column":6},"end":{"line":336,"column":2}},"162":{"start":{"line":332,"column":2},"end":{"line":332,"column":23}},"163":{"start":{"line":335,"column":2},"end":{"line":335,"column":23}},"164":{"start":{"line":338,"column":1},"end":{"line":344,"column":2}},"165":{"start":{"line":339,"column":2},"end":{"line":339,"column":15}},"166":{"start":{"line":340,"column":8},"end":{"line":344,"column":2}},"167":{"start":{"line":341,"column":2},"end":{"line":341,"column":18}},"168":{"start":{"line":343,"column":2},"end":{"line":343,"column":20}},"169":{"start":{"line":350,"column":0},"end":{"line":359,"column":1}},"170":{"start":{"line":351,"column":1},"end":{"line":358,"column":3}},"171":{"start":{"line":352,"column":14},"end":{"line":352,"column":56}},"172":{"start":{"line":353,"column":2},"end":{"line":357,"column":4}},"173":{"start":{"line":354,"column":3},"end":{"line":356,"column":17}},"174":{"start":{"line":354,"column":12},"end":{"line":354,"column":24}},"175":{"start":{"line":356,"column":4},"end":{"line":356,"column":17}},"176":{"start":{"line":361,"column":0},"end":{"line":371,"column":1}},"177":{"start":{"line":363,"column":1},"end":{"line":370,"column":4}},"178":{"start":{"line":364,"column":14},"end":{"line":364,"column":137}},"179":{"start":{"line":365,"column":2},"end":{"line":369,"column":5}},"180":{"start":{"line":366,"column":3},"end":{"line":368,"column":29}},"181":{"start":{"line":366,"column":12},"end":{"line":366,"column":24}},"182":{"start":{"line":368,"column":8},"end":{"line":368,"column":29}},"183":{"start":{"line":376,"column":0},"end":{"line":395,"column":2}},"184":{"start":{"line":377,"column":1},"end":{"line":393,"column":3}},"185":{"start":{"line":378,"column":15},"end":{"line":378,"column":33}},"186":{"start":{"line":379,"column":15},"end":{"line":379,"column":67}},"187":{"start":{"line":380,"column":2},"end":{"line":392,"column":4}},"188":{"start":{"line":381,"column":3},"end":{"line":391,"column":4}},"189":{"start":{"line":381,"column":12},"end":{"line":381,"column":24}},"190":{"start":{"line":384,"column":4},"end":{"line":390,"column":7}},"191":{"start":{"line":385,"column":5},"end":{"line":389,"column":6}},"192":{"start":{"line":385,"column":14},"end":{"line":385,"column":25}},"193":{"start":{"line":388,"column":6},"end":{"line":388,"column":15}},"194":{"start":{"line":397,"column":0},"end":{"line":415,"column":2}},"195":{"start":{"line":398,"column":1},"end":{"line":413,"column":3}},"196":{"start":{"line":399,"column":15},"end":{"line":399,"column":34}},"197":{"start":{"line":400,"column":15},"end":{"line":400,"column":68}},"198":{"start":{"line":401,"column":2},"end":{"line":412,"column":4}},"199":{"start":{"line":402,"column":3},"end":{"line":411,"column":4}},"200":{"start":{"line":402,"column":12},"end":{"line":402,"column":24}},"201":{"start":{"line":405,"column":4},"end":{"line":410,"column":7}},"202":{"start":{"line":406,"column":5},"end":{"line":409,"column":6}},"203":{"start":{"line":406,"column":14},"end":{"line":406,"column":25}},"204":{"start":{"line":408,"column":6},"end":{"line":408,"column":15}},"205":{"start":{"line":417,"column":0},"end":{"line":434,"column":2}},"206":{"start":{"line":418,"column":1},"end":{"line":433,"column":3}},"207":{"start":{"line":419,"column":14},"end":{"line":419,"column":99}},"208":{"start":{"line":420,"column":2},"end":{"line":432,"column":5}},"209":{"start":{"line":427,"column":3},"end":{"line":431,"column":4}},"210":{"start":{"line":427,"column":12},"end":{"line":427,"column":24}},"211":{"start":{"line":430,"column":4},"end":{"line":430,"column":24}},"212":{"start":{"line":436,"column":0},"end":{"line":446,"column":2}},"213":{"start":{"line":437,"column":1},"end":{"line":445,"column":3}},"214":{"start":{"line":438,"column":14},"end":{"line":438,"column":106}},"215":{"start":{"line":439,"column":2},"end":{"line":444,"column":5}},"216":{"start":{"line":440,"column":3},"end":{"line":443,"column":4}},"217":{"start":{"line":440,"column":12},"end":{"line":440,"column":24}},"218":{"start":{"line":442,"column":4},"end":{"line":442,"column":24}},"219":{"start":{"line":448,"column":0},"end":{"line":458,"column":2}},"220":{"start":{"line":449,"column":1},"end":{"line":457,"column":3}},"221":{"start":{"line":450,"column":14},"end":{"line":450,"column":106}},"222":{"start":{"line":451,"column":2},"end":{"line":456,"column":5}},"223":{"start":{"line":452,"column":3},"end":{"line":455,"column":4}},"224":{"start":{"line":452,"column":12},"end":{"line":452,"column":24}},"225":{"start":{"line":454,"column":4},"end":{"line":454,"column":24}},"226":{"start":{"line":461,"column":0},"end":{"line":472,"column":2}},"227":{"start":{"line":462,"column":1},"end":{"line":470,"column":3}},"228":{"start":{"line":463,"column":15},"end":{"line":463,"column":39}},"229":{"start":{"line":464,"column":2},"end":{"line":469,"column":4}},"230":{"start":{"line":465,"column":3},"end":{"line":468,"column":4}},"231":{"start":{"line":465,"column":12},"end":{"line":465,"column":24}},"232":{"start":{"line":467,"column":4},"end":{"line":467,"column":26}},"233":{"start":{"line":474,"column":0},"end":{"line":484,"column":2}},"234":{"start":{"line":475,"column":1},"end":{"line":483,"column":3}},"235":{"start":{"line":476,"column":14},"end":{"line":476,"column":78}},"236":{"start":{"line":477,"column":2},"end":{"line":482,"column":5}},"237":{"start":{"line":478,"column":3},"end":{"line":481,"column":4}},"238":{"start":{"line":478,"column":12},"end":{"line":478,"column":24}},"239":{"start":{"line":480,"column":4},"end":{"line":480,"column":24}},"240":{"start":{"line":486,"column":0},"end":{"line":496,"column":2}},"241":{"start":{"line":487,"column":1},"end":{"line":495,"column":3}},"242":{"start":{"line":488,"column":14},"end":{"line":488,"column":51}},"243":{"start":{"line":489,"column":2},"end":{"line":494,"column":5}},"244":{"start":{"line":490,"column":3},"end":{"line":493,"column":4}},"245":{"start":{"line":490,"column":12},"end":{"line":490,"column":24}},"246":{"start":{"line":492,"column":4},"end":{"line":492,"column":13}},"247":{"start":{"line":498,"column":0},"end":{"line":508,"column":2}},"248":{"start":{"line":499,"column":1},"end":{"line":507,"column":3}},"249":{"start":{"line":500,"column":14},"end":{"line":500,"column":57}},"250":{"start":{"line":501,"column":2},"end":{"line":506,"column":5}},"251":{"start":{"line":502,"column":3},"end":{"line":505,"column":4}},"252":{"start":{"line":502,"column":12},"end":{"line":502,"column":24}},"253":{"start":{"line":504,"column":4},"end":{"line":504,"column":16}},"254":{"start":{"line":511,"column":0},"end":{"line":521,"column":2}},"255":{"start":{"line":512,"column":1},"end":{"line":520,"column":3}},"256":{"start":{"line":513,"column":14},"end":{"line":513,"column":113}},"257":{"start":{"line":514,"column":2},"end":{"line":519,"column":5}},"258":{"start":{"line":515,"column":3},"end":{"line":518,"column":4}},"259":{"start":{"line":515,"column":12},"end":{"line":515,"column":24}},"260":{"start":{"line":517,"column":4},"end":{"line":517,"column":17}},"261":{"start":{"line":524,"column":0},"end":{"line":534,"column":2}},"262":{"start":{"line":525,"column":1},"end":{"line":533,"column":3}},"263":{"start":{"line":526,"column":14},"end":{"line":526,"column":117}},"264":{"start":{"line":527,"column":2},"end":{"line":532,"column":5}},"265":{"start":{"line":528,"column":3},"end":{"line":531,"column":4}},"266":{"start":{"line":528,"column":12},"end":{"line":528,"column":24}},"267":{"start":{"line":530,"column":4},"end":{"line":530,"column":17}},"268":{"start":{"line":537,"column":0},"end":{"line":548,"column":2}},"269":{"start":{"line":538,"column":1},"end":{"line":546,"column":3}},"270":{"start":{"line":539,"column":15},"end":{"line":539,"column":32}},"271":{"start":{"line":540,"column":2},"end":{"line":545,"column":4}},"272":{"start":{"line":541,"column":3},"end":{"line":544,"column":4}},"273":{"start":{"line":541,"column":12},"end":{"line":541,"column":24}},"274":{"start":{"line":543,"column":4},"end":{"line":543,"column":13}},"275":{"start":{"line":550,"column":0},"end":{"line":560,"column":1}},"276":{"start":{"line":551,"column":1},"end":{"line":559,"column":3}},"277":{"start":{"line":552,"column":14},"end":{"line":552,"column":79}},"278":{"start":{"line":553,"column":2},"end":{"line":558,"column":4}},"279":{"start":{"line":554,"column":3},"end":{"line":557,"column":4}},"280":{"start":{"line":554,"column":12},"end":{"line":554,"column":23}},"281":{"start":{"line":556,"column":4},"end":{"line":556,"column":24}}},"fnMap":{"0":{"name":"(anonymous_0)","decl":{"start":{"line":9,"column":49},"end":{"line":9,"column":50}},"loc":{"start":{"line":9,"column":58},"end":{"line":11,"column":1}},"line":9},"1":{"name":"(anonymous_1)","decl":{"start":{"line":19,"column":19},"end":{"line":19,"column":20}},"loc":{"start":{"line":19,"column":25},"end":{"line":31,"column":1}},"line":19},"2":{"name":"(anonymous_2)","decl":{"start":{"line":20,"column":20},"end":{"line":20,"column":21}},"loc":{"start":{"line":20,"column":41},"end":{"line":30,"column":2}},"line":20},"3":{"name":"(anonymous_3)","decl":{"start":{"line":23,"column":18},"end":{"line":23,"column":19}},"loc":{"start":{"line":23,"column":33},"end":{"line":29,"column":3}},"line":23},"4":{"name":"(anonymous_4)","decl":{"start":{"line":33,"column":22},"end":{"line":33,"column":23}},"loc":{"start":{"line":33,"column":30},"end":{"line":45,"column":1}},"line":33},"5":{"name":"(anonymous_5)","decl":{"start":{"line":34,"column":20},"end":{"line":34,"column":21}},"loc":{"start":{"line":34,"column":41},"end":{"line":44,"column":2}},"line":34},"6":{"name":"(anonymous_6)","decl":{"start":{"line":38,"column":20},"end":{"line":38,"column":21}},"loc":{"start":{"line":38,"column":34},"end":{"line":43,"column":3}},"line":38},"7":{"name":"(anonymous_7)","decl":{"start":{"line":47,"column":26},"end":{"line":47,"column":27}},"loc":{"start":{"line":47,"column":48},"end":{"line":59,"column":1}},"line":47},"8":{"name":"(anonymous_8)","decl":{"start":{"line":48,"column":20},"end":{"line":48,"column":21}},"loc":{"start":{"line":48,"column":41},"end":{"line":58,"column":2}},"line":48},"9":{"name":"(anonymous_9)","decl":{"start":{"line":51,"column":34},"end":{"line":51,"column":35}},"loc":{"start":{"line":51,"column":49},"end":{"line":57,"column":3}},"line":51},"10":{"name":"(anonymous_10)","decl":{"start":{"line":61,"column":29},"end":{"line":61,"column":30}},"loc":{"start":{"line":61,"column":39},"end":{"line":73,"column":1}},"line":61},"11":{"name":"(anonymous_11)","decl":{"start":{"line":62,"column":20},"end":{"line":62,"column":21}},"loc":{"start":{"line":62,"column":41},"end":{"line":72,"column":2}},"line":62},"12":{"name":"(anonymous_12)","decl":{"start":{"line":65,"column":22},"end":{"line":65,"column":23}},"loc":{"start":{"line":65,"column":37},"end":{"line":71,"column":3}},"line":65},"13":{"name":"(anonymous_13)","decl":{"start":{"line":75,"column":26},"end":{"line":75,"column":27}},"loc":{"start":{"line":75,"column":46},"end":{"line":89,"column":1}},"line":75},"14":{"name":"(anonymous_14)","decl":{"start":{"line":78,"column":20},"end":{"line":78,"column":21}},"loc":{"start":{"line":78,"column":41},"end":{"line":88,"column":2}},"line":78},"15":{"name":"(anonymous_15)","decl":{"start":{"line":81,"column":32},"end":{"line":81,"column":33}},"loc":{"start":{"line":81,"column":47},"end":{"line":87,"column":3}},"line":81},"16":{"name":"(anonymous_16)","decl":{"start":{"line":91,"column":32},"end":{"line":91,"column":33}},"loc":{"start":{"line":91,"column":54},"end":{"line":122,"column":1}},"line":91},"17":{"name":"(anonymous_17)","decl":{"start":{"line":98,"column":20},"end":{"line":98,"column":21}},"loc":{"start":{"line":98,"column":41},"end":{"line":121,"column":2}},"line":98},"18":{"name":"(anonymous_18)","decl":{"start":{"line":102,"column":18},"end":{"line":102,"column":19}},"loc":{"start":{"line":102,"column":33},"end":{"line":120,"column":3}},"line":102},"19":{"name":"(anonymous_19)","decl":{"start":{"line":107,"column":25},"end":{"line":107,"column":26}},"loc":{"start":{"line":108,"column":4},"end":{"line":116,"column":5}},"line":108},"20":{"name":"(anonymous_20)","decl":{"start":{"line":124,"column":28},"end":{"line":124,"column":29}},"loc":{"start":{"line":124,"column":42},"end":{"line":136,"column":1}},"line":124},"21":{"name":"(anonymous_21)","decl":{"start":{"line":125,"column":20},"end":{"line":125,"column":21}},"loc":{"start":{"line":125,"column":41},"end":{"line":135,"column":2}},"line":125},"22":{"name":"(anonymous_22)","decl":{"start":{"line":128,"column":26},"end":{"line":128,"column":27}},"loc":{"start":{"line":128,"column":41},"end":{"line":134,"column":3}},"line":128},"23":{"name":"(anonymous_23)","decl":{"start":{"line":138,"column":24},"end":{"line":138,"column":25}},"loc":{"start":{"line":138,"column":34},"end":{"line":150,"column":1}},"line":138},"24":{"name":"(anonymous_24)","decl":{"start":{"line":139,"column":20},"end":{"line":139,"column":21}},"loc":{"start":{"line":139,"column":41},"end":{"line":149,"column":2}},"line":139},"25":{"name":"(anonymous_25)","decl":{"start":{"line":142,"column":22},"end":{"line":142,"column":23}},"loc":{"start":{"line":142,"column":37},"end":{"line":148,"column":3}},"line":142},"26":{"name":"(anonymous_26)","decl":{"start":{"line":152,"column":25},"end":{"line":152,"column":26}},"loc":{"start":{"line":152,"column":61},"end":{"line":166,"column":1}},"line":152},"27":{"name":"(anonymous_27)","decl":{"start":{"line":153,"column":20},"end":{"line":153,"column":21}},"loc":{"start":{"line":153,"column":41},"end":{"line":165,"column":2}},"line":153},"28":{"name":"(anonymous_28)","decl":{"start":{"line":158,"column":120},"end":{"line":158,"column":121}},"loc":{"start":{"line":158,"column":135},"end":{"line":164,"column":3}},"line":158},"29":{"name":"(anonymous_29)","decl":{"start":{"line":167,"column":23},"end":{"line":167,"column":24}},"loc":{"start":{"line":167,"column":33},"end":{"line":253,"column":1}},"line":167},"30":{"name":"(anonymous_30)","decl":{"start":{"line":262,"column":21},"end":{"line":262,"column":22}},"loc":{"start":{"line":262,"column":31},"end":{"line":284,"column":1}},"line":262},"31":{"name":"calculateDistanceAndAscent","decl":{"start":{"line":286,"column":9},"end":{"line":286,"column":35}},"loc":{"start":{"line":286,"column":49},"end":{"line":297,"column":1}},"line":286},"32":{"name":"estimateDifficulty","decl":{"start":{"line":299,"column":9},"end":{"line":299,"column":27}},"loc":{"start":{"line":299,"column":56},"end":{"line":345,"column":1}},"line":299},"33":{"name":"(anonymous_33)","decl":{"start":{"line":350,"column":22},"end":{"line":350,"column":23}},"loc":{"start":{"line":350,"column":30},"end":{"line":359,"column":1}},"line":350},"34":{"name":"(anonymous_34)","decl":{"start":{"line":351,"column":20},"end":{"line":351,"column":21}},"loc":{"start":{"line":351,"column":41},"end":{"line":358,"column":2}},"line":351},"35":{"name":"(anonymous_35)","decl":{"start":{"line":353,"column":20},"end":{"line":353,"column":21}},"loc":{"start":{"line":353,"column":34},"end":{"line":357,"column":3}},"line":353},"36":{"name":"(anonymous_36)","decl":{"start":{"line":361,"column":23},"end":{"line":361,"column":24}},"loc":{"start":{"line":361,"column":104},"end":{"line":371,"column":1}},"line":361},"37":{"name":"(anonymous_37)","decl":{"start":{"line":363,"column":20},"end":{"line":363,"column":21}},"loc":{"start":{"line":363,"column":41},"end":{"line":370,"column":2}},"line":363},"38":{"name":"(anonymous_38)","decl":{"start":{"line":365,"column":93},"end":{"line":365,"column":94}},"loc":{"start":{"line":365,"column":108},"end":{"line":369,"column":3}},"line":365},"39":{"name":"(anonymous_39)","decl":{"start":{"line":376,"column":22},"end":{"line":376,"column":23}},"loc":{"start":{"line":376,"column":28},"end":{"line":395,"column":1}},"line":376},"40":{"name":"(anonymous_40)","decl":{"start":{"line":377,"column":20},"end":{"line":377,"column":21}},"loc":{"start":{"line":377,"column":41},"end":{"line":393,"column":2}},"line":377},"41":{"name":"(anonymous_41)","decl":{"start":{"line":380,"column":19},"end":{"line":380,"column":20}},"loc":{"start":{"line":380,"column":34},"end":{"line":392,"column":3}},"line":380},"42":{"name":"(anonymous_42)","decl":{"start":{"line":384,"column":21},"end":{"line":384,"column":22}},"loc":{"start":{"line":384,"column":36},"end":{"line":390,"column":5}},"line":384},"43":{"name":"(anonymous_43)","decl":{"start":{"line":397,"column":22},"end":{"line":397,"column":23}},"loc":{"start":{"line":397,"column":28},"end":{"line":415,"column":1}},"line":397},"44":{"name":"(anonymous_44)","decl":{"start":{"line":398,"column":20},"end":{"line":398,"column":21}},"loc":{"start":{"line":398,"column":41},"end":{"line":413,"column":2}},"line":398},"45":{"name":"(anonymous_45)","decl":{"start":{"line":401,"column":19},"end":{"line":401,"column":20}},"loc":{"start":{"line":401,"column":34},"end":{"line":412,"column":3}},"line":401},"46":{"name":"(anonymous_46)","decl":{"start":{"line":405,"column":21},"end":{"line":405,"column":22}},"loc":{"start":{"line":405,"column":36},"end":{"line":410,"column":5}},"line":405},"47":{"name":"(anonymous_47)","decl":{"start":{"line":417,"column":23},"end":{"line":417,"column":24}},"loc":{"start":{"line":417,"column":34},"end":{"line":434,"column":1}},"line":417},"48":{"name":"(anonymous_48)","decl":{"start":{"line":418,"column":20},"end":{"line":418,"column":21}},"loc":{"start":{"line":418,"column":41},"end":{"line":433,"column":2}},"line":418},"49":{"name":"(anonymous_49)","decl":{"start":{"line":426,"column":5},"end":{"line":426,"column":6}},"loc":{"start":{"line":426,"column":20},"end":{"line":432,"column":3}},"line":426},"50":{"name":"(anonymous_50)","decl":{"start":{"line":436,"column":20},"end":{"line":436,"column":21}},"loc":{"start":{"line":436,"column":30},"end":{"line":446,"column":1}},"line":436},"51":{"name":"(anonymous_51)","decl":{"start":{"line":437,"column":20},"end":{"line":437,"column":21}},"loc":{"start":{"line":437,"column":41},"end":{"line":445,"column":2}},"line":437},"52":{"name":"(anonymous_52)","decl":{"start":{"line":439,"column":124},"end":{"line":439,"column":125}},"loc":{"start":{"line":439,"column":139},"end":{"line":444,"column":3}},"line":439},"53":{"name":"(anonymous_53)","decl":{"start":{"line":448,"column":24},"end":{"line":448,"column":25}},"loc":{"start":{"line":448,"column":34},"end":{"line":458,"column":1}},"line":448},"54":{"name":"(anonymous_54)","decl":{"start":{"line":449,"column":20},"end":{"line":449,"column":21}},"loc":{"start":{"line":449,"column":41},"end":{"line":457,"column":2}},"line":449},"55":{"name":"(anonymous_55)","decl":{"start":{"line":451,"column":95},"end":{"line":451,"column":96}},"loc":{"start":{"line":451,"column":110},"end":{"line":456,"column":3}},"line":451},"56":{"name":"(anonymous_56)","decl":{"start":{"line":461,"column":27},"end":{"line":461,"column":28}},"loc":{"start":{"line":461,"column":33},"end":{"line":472,"column":1}},"line":461},"57":{"name":"(anonymous_57)","decl":{"start":{"line":462,"column":20},"end":{"line":462,"column":21}},"loc":{"start":{"line":462,"column":41},"end":{"line":470,"column":2}},"line":462},"58":{"name":"(anonymous_58)","decl":{"start":{"line":464,"column":19},"end":{"line":464,"column":20}},"loc":{"start":{"line":464,"column":34},"end":{"line":469,"column":3}},"line":464},"59":{"name":"(anonymous_59)","decl":{"start":{"line":474,"column":25},"end":{"line":474,"column":26}},"loc":{"start":{"line":474,"column":52},"end":{"line":484,"column":1}},"line":474},"60":{"name":"(anonymous_60)","decl":{"start":{"line":475,"column":20},"end":{"line":475,"column":21}},"loc":{"start":{"line":475,"column":41},"end":{"line":483,"column":2}},"line":475},"61":{"name":"(anonymous_61)","decl":{"start":{"line":477,"column":39},"end":{"line":477,"column":40}},"loc":{"start":{"line":477,"column":54},"end":{"line":482,"column":3}},"line":477},"62":{"name":"(anonymous_62)","decl":{"start":{"line":486,"column":19},"end":{"line":486,"column":20}},"loc":{"start":{"line":486,"column":28},"end":{"line":496,"column":1}},"line":486},"63":{"name":"(anonymous_63)","decl":{"start":{"line":487,"column":20},"end":{"line":487,"column":21}},"loc":{"start":{"line":487,"column":41},"end":{"line":495,"column":2}},"line":487},"64":{"name":"(anonymous_64)","decl":{"start":{"line":489,"column":21},"end":{"line":489,"column":22}},"loc":{"start":{"line":489,"column":36},"end":{"line":494,"column":3}},"line":489},"65":{"name":"(anonymous_65)","decl":{"start":{"line":498,"column":29},"end":{"line":498,"column":30}},"loc":{"start":{"line":498,"column":37},"end":{"line":508,"column":1}},"line":498},"66":{"name":"(anonymous_66)","decl":{"start":{"line":499,"column":20},"end":{"line":499,"column":21}},"loc":{"start":{"line":499,"column":41},"end":{"line":507,"column":2}},"line":499},"67":{"name":"(anonymous_67)","decl":{"start":{"line":501,"column":20},"end":{"line":501,"column":21}},"loc":{"start":{"line":501,"column":40},"end":{"line":506,"column":3}},"line":501},"68":{"name":"(anonymous_68)","decl":{"start":{"line":511,"column":24},"end":{"line":511,"column":25}},"loc":{"start":{"line":511,"column":30},"end":{"line":521,"column":1}},"line":511},"69":{"name":"(anonymous_69)","decl":{"start":{"line":512,"column":20},"end":{"line":512,"column":21}},"loc":{"start":{"line":512,"column":41},"end":{"line":520,"column":2}},"line":512},"70":{"name":"(anonymous_70)","decl":{"start":{"line":514,"column":18},"end":{"line":514,"column":19}},"loc":{"start":{"line":514,"column":39},"end":{"line":519,"column":3}},"line":514},"71":{"name":"(anonymous_71)","decl":{"start":{"line":524,"column":27},"end":{"line":524,"column":28}},"loc":{"start":{"line":524,"column":33},"end":{"line":534,"column":1}},"line":524},"72":{"name":"(anonymous_72)","decl":{"start":{"line":525,"column":20},"end":{"line":525,"column":21}},"loc":{"start":{"line":525,"column":41},"end":{"line":533,"column":2}},"line":525},"73":{"name":"(anonymous_73)","decl":{"start":{"line":527,"column":18},"end":{"line":527,"column":19}},"loc":{"start":{"line":527,"column":39},"end":{"line":532,"column":3}},"line":527},"74":{"name":"(anonymous_74)","decl":{"start":{"line":537,"column":20},"end":{"line":537,"column":21}},"loc":{"start":{"line":537,"column":26},"end":{"line":548,"column":1}},"line":537},"75":{"name":"(anonymous_75)","decl":{"start":{"line":538,"column":20},"end":{"line":538,"column":21}},"loc":{"start":{"line":538,"column":41},"end":{"line":546,"column":2}},"line":538},"76":{"name":"(anonymous_76)","decl":{"start":{"line":540,"column":19},"end":{"line":540,"column":20}},"loc":{"start":{"line":540,"column":34},"end":{"line":545,"column":3}},"line":540},"77":{"name":"(anonymous_77)","decl":{"start":{"line":550,"column":26},"end":{"line":550,"column":27}},"loc":{"start":{"line":550,"column":53},"end":{"line":560,"column":1}},"line":550},"78":{"name":"(anonymous_78)","decl":{"start":{"line":551,"column":20},"end":{"line":551,"column":21}},"loc":{"start":{"line":551,"column":41},"end":{"line":559,"column":2}},"line":551},"79":{"name":"(anonymous_79)","decl":{"start":{"line":553,"column":39},"end":{"line":553,"column":40}},"loc":{"start":{"line":553,"column":54},"end":{"line":558,"column":3}},"line":553}},"branchMap":{"0":{"loc":{"start":{"line":10,"column":1},"end":{"line":10,"column":20}},"type":"if","locations":[{"start":{"line":10,"column":1},"end":{"line":10,"column":20}},{"start":{},"end":{}}],"line":10},"1":{"loc":{"start":{"line":24,"column":3},"end":{"line":28,"column":4}},"type":"if","locations":[{"start":{"line":24,"column":3},"end":{"line":28,"column":4}},{"start":{"line":25,"column":8},"end":{"line":28,"column":4}}],"line":24},"2":{"loc":{"start":{"line":39,"column":3},"end":{"line":42,"column":4}},"type":"if","locations":[{"start":{"line":39,"column":3},"end":{"line":42,"column":4}},{"start":{"line":40,"column":8},"end":{"line":42,"column":4}}],"line":39},"3":{"loc":{"start":{"line":52,"column":3},"end":{"line":56,"column":4}},"type":"if","locations":[{"start":{"line":52,"column":3},"end":{"line":56,"column":4}},{"start":{"line":53,"column":8},"end":{"line":56,"column":4}}],"line":52},"4":{"loc":{"start":{"line":66,"column":3},"end":{"line":70,"column":4}},"type":"if","locations":[{"start":{"line":66,"column":3},"end":{"line":70,"column":4}},{"start":{"line":67,"column":8},"end":{"line":70,"column":4}}],"line":66},"5":{"loc":{"start":{"line":82,"column":3},"end":{"line":86,"column":4}},"type":"if","locations":[{"start":{"line":82,"column":3},"end":{"line":86,"column":4}},{"start":{"line":83,"column":8},"end":{"line":86,"column":4}}],"line":82},"6":{"loc":{"start":{"line":103,"column":3},"end":{"line":119,"column":4}},"type":"if","locations":[{"start":{"line":103,"column":3},"end":{"line":119,"column":4}},{"start":{"line":104,"column":8},"end":{"line":119,"column":4}}],"line":103},"7":{"loc":{"start":{"line":111,"column":5},"end":{"line":114,"column":6}},"type":"if","locations":[{"start":{"line":111,"column":5},"end":{"line":114,"column":6}},{"start":{},"end":{}}],"line":111},"8":{"loc":{"start":{"line":111,"column":9},"end":{"line":111,"column":41}},"type":"binary-expr","locations":[{"start":{"line":111,"column":9},"end":{"line":111,"column":24}},{"start":{"line":111,"column":28},"end":{"line":111,"column":41}}],"line":111},"9":{"loc":{"start":{"line":129,"column":3},"end":{"line":133,"column":4}},"type":"if","locations":[{"start":{"line":129,"column":3},"end":{"line":133,"column":4}},{"start":{"line":130,"column":8},"end":{"line":133,"column":4}}],"line":129},"10":{"loc":{"start":{"line":143,"column":3},"end":{"line":147,"column":4}},"type":"if","locations":[{"start":{"line":143,"column":3},"end":{"line":147,"column":4}},{"start":{"line":144,"column":8},"end":{"line":147,"column":4}}],"line":143},"11":{"loc":{"start":{"line":159,"column":3},"end":{"line":163,"column":4}},"type":"if","locations":[{"start":{"line":159,"column":3},"end":{"line":163,"column":4}},{"start":{"line":160,"column":8},"end":{"line":163,"column":4}}],"line":159},"12":{"loc":{"start":{"line":184,"column":2},"end":{"line":211,"column":3}},"type":"if","locations":[{"start":{"line":184,"column":2},"end":{"line":211,"column":3}},{"start":{},"end":{}}],"line":184},"13":{"loc":{"start":{"line":185,"column":3},"end":{"line":200,"column":4}},"type":"if","locations":[{"start":{"line":185,"column":3},"end":{"line":200,"column":4}},{"start":{},"end":{}}],"line":185},"14":{"loc":{"start":{"line":220,"column":2},"end":{"line":236,"column":3}},"type":"switch","locations":[{"start":{"line":221,"column":3},"end":{"line":223,"column":10}},{"start":{"line":224,"column":3},"end":{"line":226,"column":10}},{"start":{"line":227,"column":3},"end":{"line":229,"column":10}},{"start":{"line":230,"column":3},"end":{"line":232,"column":10}},{"start":{"line":233,"column":3},"end":{"line":235,"column":40}}],"line":220},"15":{"loc":{"start":{"line":263,"column":1},"end":{"line":281,"column":2}},"type":"if","locations":[{"start":{"line":263,"column":1},"end":{"line":281,"column":2}},{"start":{},"end":{}}],"line":263},"16":{"loc":{"start":{"line":302,"column":1},"end":{"line":313,"column":2}},"type":"if","locations":[{"start":{"line":302,"column":1},"end":{"line":313,"column":2}},{"start":{"line":305,"column":6},"end":{"line":313,"column":2}}],"line":302},"17":{"loc":{"start":{"line":305,"column":6},"end":{"line":313,"column":2}},"type":"if","locations":[{"start":{"line":305,"column":6},"end":{"line":313,"column":2}},{"start":{"line":308,"column":6},"end":{"line":313,"column":2}}],"line":305},"18":{"loc":{"start":{"line":305,"column":10},"end":{"line":305,"column":49}},"type":"binary-expr","locations":[{"start":{"line":305,"column":10},"end":{"line":305,"column":28}},{"start":{"line":305,"column":32},"end":{"line":305,"column":49}}],"line":305},"19":{"loc":{"start":{"line":308,"column":6},"end":{"line":313,"column":2}},"type":"if","locations":[{"start":{"line":308,"column":6},"end":{"line":313,"column":2}},{"start":{"line":311,"column":6},"end":{"line":313,"column":2}}],"line":308},"20":{"loc":{"start":{"line":308,"column":10},"end":{"line":308,"column":50}},"type":"binary-expr","locations":[{"start":{"line":308,"column":10},"end":{"line":308,"column":28}},{"start":{"line":308,"column":32},"end":{"line":308,"column":50}}],"line":308},"21":{"loc":{"start":{"line":316,"column":1},"end":{"line":336,"column":2}},"type":"if","locations":[{"start":{"line":316,"column":1},"end":{"line":336,"column":2}},{"start":{"line":319,"column":6},"end":{"line":336,"column":2}}],"line":316},"22":{"loc":{"start":{"line":316,"column":5},"end":{"line":316,"column":42}},"type":"binary-expr","locations":[{"start":{"line":316,"column":5},"end":{"line":316,"column":20}},{"start":{"line":316,"column":24},"end":{"line":316,"column":42}}],"line":316},"23":{"loc":{"start":{"line":319,"column":6},"end":{"line":336,"column":2}},"type":"if","locations":[{"start":{"line":319,"column":6},"end":{"line":336,"column":2}},{"start":{"line":322,"column":6},"end":{"line":336,"column":2}}],"line":319},"24":{"loc":{"start":{"line":319,"column":10},"end":{"line":319,"column":51}},"type":"binary-expr","locations":[{"start":{"line":319,"column":10},"end":{"line":319,"column":29}},{"start":{"line":319,"column":33},"end":{"line":319,"column":51}}],"line":319},"25":{"loc":{"start":{"line":322,"column":6},"end":{"line":336,"column":2}},"type":"if","locations":[{"start":{"line":322,"column":6},"end":{"line":336,"column":2}},{"start":{"line":325,"column":6},"end":{"line":336,"column":2}}],"line":322},"26":{"loc":{"start":{"line":325,"column":6},"end":{"line":336,"column":2}},"type":"if","locations":[{"start":{"line":325,"column":6},"end":{"line":336,"column":2}},{"start":{"line":328,"column":6},"end":{"line":336,"column":2}}],"line":325},"27":{"loc":{"start":{"line":325,"column":10},"end":{"line":325,"column":47}},"type":"binary-expr","locations":[{"start":{"line":325,"column":10},"end":{"line":325,"column":26}},{"start":{"line":325,"column":30},"end":{"line":325,"column":47}}],"line":325},"28":{"loc":{"start":{"line":328,"column":6},"end":{"line":336,"column":2}},"type":"if","locations":[{"start":{"line":328,"column":6},"end":{"line":336,"column":2}},{"start":{"line":331,"column":6},"end":{"line":336,"column":2}}],"line":328},"29":{"loc":{"start":{"line":328,"column":10},"end":{"line":328,"column":49}},"type":"binary-expr","locations":[{"start":{"line":328,"column":10},"end":{"line":328,"column":28}},{"start":{"line":328,"column":32},"end":{"line":328,"column":49}}],"line":328},"30":{"loc":{"start":{"line":331,"column":6},"end":{"line":336,"column":2}},"type":"if","locations":[{"start":{"line":331,"column":6},"end":{"line":336,"column":2}},{"start":{"line":334,"column":6},"end":{"line":336,"column":2}}],"line":331},"31":{"loc":{"start":{"line":331,"column":10},"end":{"line":331,"column":49}},"type":"binary-expr","locations":[{"start":{"line":331,"column":10},"end":{"line":331,"column":28}},{"start":{"line":331,"column":32},"end":{"line":331,"column":49}}],"line":331},"32":{"loc":{"start":{"line":338,"column":1},"end":{"line":344,"column":2}},"type":"if","locations":[{"start":{"line":338,"column":1},"end":{"line":344,"column":2}},{"start":{"line":340,"column":8},"end":{"line":344,"column":2}}],"line":338},"33":{"loc":{"start":{"line":340,"column":8},"end":{"line":344,"column":2}},"type":"if","locations":[{"start":{"line":340,"column":8},"end":{"line":344,"column":2}},{"start":{"line":342,"column":8},"end":{"line":344,"column":2}}],"line":340},"34":{"loc":{"start":{"line":340,"column":12},"end":{"line":340,"column":56}},"type":"binary-expr","locations":[{"start":{"line":340,"column":12},"end":{"line":340,"column":32}},{"start":{"line":340,"column":36},"end":{"line":340,"column":56}}],"line":340},"35":{"loc":{"start":{"line":354,"column":3},"end":{"line":356,"column":17}},"type":"if","locations":[{"start":{"line":354,"column":3},"end":{"line":356,"column":17}},{"start":{"line":356,"column":4},"end":{"line":356,"column":17}}],"line":354},"36":{"loc":{"start":{"line":366,"column":3},"end":{"line":368,"column":29}},"type":"if","locations":[{"start":{"line":366,"column":3},"end":{"line":368,"column":29}},{"start":{"line":368,"column":8},"end":{"line":368,"column":29}}],"line":366},"37":{"loc":{"start":{"line":381,"column":3},"end":{"line":391,"column":4}},"type":"if","locations":[{"start":{"line":381,"column":3},"end":{"line":391,"column":4}},{"start":{"line":383,"column":8},"end":{"line":391,"column":4}}],"line":381},"38":{"loc":{"start":{"line":385,"column":5},"end":{"line":389,"column":6}},"type":"if","locations":[{"start":{"line":385,"column":5},"end":{"line":389,"column":6}},{"start":{"line":387,"column":10},"end":{"line":389,"column":6}}],"line":385},"39":{"loc":{"start":{"line":402,"column":3},"end":{"line":411,"column":4}},"type":"if","locations":[{"start":{"line":402,"column":3},"end":{"line":411,"column":4}},{"start":{"line":404,"column":8},"end":{"line":411,"column":4}}],"line":402},"40":{"loc":{"start":{"line":406,"column":5},"end":{"line":409,"column":6}},"type":"if","locations":[{"start":{"line":406,"column":5},"end":{"line":409,"column":6}},{"start":{"line":407,"column":10},"end":{"line":409,"column":6}}],"line":406},"41":{"loc":{"start":{"line":427,"column":3},"end":{"line":431,"column":4}},"type":"if","locations":[{"start":{"line":427,"column":3},"end":{"line":431,"column":4}},{"start":{"line":429,"column":8},"end":{"line":431,"column":4}}],"line":427},"42":{"loc":{"start":{"line":440,"column":3},"end":{"line":443,"column":4}},"type":"if","locations":[{"start":{"line":440,"column":3},"end":{"line":443,"column":4}},{"start":{"line":441,"column":8},"end":{"line":443,"column":4}}],"line":440},"43":{"loc":{"start":{"line":452,"column":3},"end":{"line":455,"column":4}},"type":"if","locations":[{"start":{"line":452,"column":3},"end":{"line":455,"column":4}},{"start":{"line":453,"column":8},"end":{"line":455,"column":4}}],"line":452},"44":{"loc":{"start":{"line":465,"column":3},"end":{"line":468,"column":4}},"type":"if","locations":[{"start":{"line":465,"column":3},"end":{"line":468,"column":4}},{"start":{"line":466,"column":8},"end":{"line":468,"column":4}}],"line":465},"45":{"loc":{"start":{"line":478,"column":3},"end":{"line":481,"column":4}},"type":"if","locations":[{"start":{"line":478,"column":3},"end":{"line":481,"column":4}},{"start":{"line":479,"column":8},"end":{"line":481,"column":4}}],"line":478},"46":{"loc":{"start":{"line":490,"column":3},"end":{"line":493,"column":4}},"type":"if","locations":[{"start":{"line":490,"column":3},"end":{"line":493,"column":4}},{"start":{"line":491,"column":8},"end":{"line":493,"column":4}}],"line":490},"47":{"loc":{"start":{"line":502,"column":3},"end":{"line":505,"column":4}},"type":"if","locations":[{"start":{"line":502,"column":3},"end":{"line":505,"column":4}},{"start":{"line":503,"column":8},"end":{"line":505,"column":4}}],"line":502},"48":{"loc":{"start":{"line":515,"column":3},"end":{"line":518,"column":4}},"type":"if","locations":[{"start":{"line":515,"column":3},"end":{"line":518,"column":4}},{"start":{"line":516,"column":8},"end":{"line":518,"column":4}}],"line":515},"49":{"loc":{"start":{"line":528,"column":3},"end":{"line":531,"column":4}},"type":"if","locations":[{"start":{"line":528,"column":3},"end":{"line":531,"column":4}},{"start":{"line":529,"column":8},"end":{"line":531,"column":4}}],"line":528},"50":{"loc":{"start":{"line":541,"column":3},"end":{"line":544,"column":4}},"type":"if","locations":[{"start":{"line":541,"column":3},"end":{"line":544,"column":4}},{"start":{"line":542,"column":8},"end":{"line":544,"column":4}}],"line":541},"51":{"loc":{"start":{"line":554,"column":3},"end":{"line":557,"column":4}},"type":"if","locations":[{"start":{"line":554,"column":3},"end":{"line":557,"column":4}},{"start":{"line":555,"column":8},"end":{"line":557,"column":4}}],"line":554}},"s":{"0":4,"1":4,"2":4,"3":0,"4":4,"5":4,"6":1,"7":1,"8":1,"9":1,"10":0,"11":1,"12":1,"13":4,"14":1,"15":1,"16":1,"17":1,"18":0,"19":1,"20":4,"21":1,"22":1,"23":1,"24":1,"25":0,"26":1,"27":1,"28":4,"29":1,"30":1,"31":1,"32":1,"33":0,"34":1,"35":1,"36":4,"37":1,"38":1,"39":1,"40":1,"41":0,"42":1,"43":1,"44":4,"45":1,"46":1,"47":1,"48":1,"49":1,"50":1,"51":0,"52":1,"53":1,"54":4,"55":4,"56":2,"57":1,"58":4,"59":1,"60":1,"61":1,"62":1,"63":0,"64":1,"65":1,"66":4,"67":1,"68":1,"69":1,"70":1,"71":0,"72":1,"73":1,"74":4,"75":1,"76":1,"77":1,"78":1,"79":1,"80":1,"81":0,"82":1,"83":1,"84":4,"85":8,"86":8,"87":8,"88":8,"89":50,"90":25,"91":17,"92":25,"93":25,"94":25,"95":25,"96":25,"97":25,"98":25,"99":25,"100":25,"101":25,"102":50,"103":50,"104":50,"105":25,"106":25,"107":25,"108":25,"109":0,"110":0,"111":0,"112":0,"113":0,"114":0,"115":8,"116":8,"117":4,"118":4,"119":4,"120":4,"121":1,"122":1,"123":1,"124":1,"125":1,"126":1,"127":1,"128":1,"129":1,"130":1,"131":1,"132":0,"133":1,"134":1,"135":1,"136":1,"137":494,"138":494,"139":494,"140":494,"141":494,"142":1,"143":1,"144":1,"145":0,"146":1,"147":0,"148":1,"149":0,"150":1,"151":1,"152":0,"153":1,"154":0,"155":1,"156":1,"157":0,"158":0,"159":0,"160":0,"161":0,"162":0,"163":0,"164":1,"165":0,"166":1,"167":0,"168":1,"169":4,"170":1,"171":1,"172":1,"173":1,"174":0,"175":1,"176":4,"177":67,"178":67,"179":67,"180":67,"181":0,"182":67,"183":4,"184":17,"185":17,"186":17,"187":17,"188":17,"189":0,"190":17,"191":17,"192":0,"193":17,"194":4,"195":36,"196":36,"197":36,"198":36,"199":36,"200":0,"201":36,"202":36,"203":0,"204":36,"205":4,"206":60,"207":60,"208":60,"209":60,"210":0,"211":60,"212":4,"213":70,"214":70,"215":70,"216":70,"217":0,"218":70,"219":4,"220":9,"221":9,"222":9,"223":9,"224":0,"225":9,"226":4,"227":17,"228":17,"229":17,"230":17,"231":0,"232":17,"233":4,"234":164,"235":164,"236":164,"237":164,"238":0,"239":164,"240":4,"241":17,"242":17,"243":17,"244":17,"245":0,"246":17,"247":4,"248":2,"249":2,"250":2,"251":2,"252":0,"253":2,"254":4,"255":1,"256":1,"257":1,"258":1,"259":0,"260":1,"261":4,"262":1,"263":1,"264":1,"265":1,"266":0,"267":1,"268":4,"269":16,"270":16,"271":16,"272":16,"273":0,"274":16,"275":4,"276":1,"277":1,"278":1,"279":1,"280":0,"281":1},"f":{"0":4,"1":1,"2":1,"3":1,"4":1,"5":1,"6":1,"7":1,"8":1,"9":1,"10":1,"11":1,"12":1,"13":1,"14":1,"15":1,"16":1,"17":1,"18":1,"19":4,"20":1,"21":1,"22":1,"23":1,"24":1,"25":1,"26":1,"27":1,"28":1,"29":8,"30":1,"31":1,"32":1,"33":1,"34":1,"35":1,"36":67,"37":67,"38":67,"39":17,"40":17,"41":17,"42":17,"43":36,"44":36,"45":36,"46":36,"47":60,"48":60,"49":60,"50":70,"51":70,"52":70,"53":9,"54":9,"55":9,"56":17,"57":17,"58":17,"59":164,"60":164,"61":164,"62":17,"63":17,"64":17,"65":2,"66":2,"67":2,"68":1,"69":1,"70":1,"71":1,"72":1,"73":1,"74":16,"75":16,"76":16,"77":1,"78":1,"79":1},"b":{"0":[0,4],"1":[0,1],"2":[0,1],"3":[0,1],"4":[0,1],"5":[0,1],"6":[0,1],"7":[2,2],"8":[4,4],"9":[0,1],"10":[0,1],"11":[0,1],"12":[25,25],"13":[17,8],"14":[25,25,0,0,0],"15":[1,0],"16":[0,1],"17":[0,1],"18":[1,1],"19":[0,1],"20":[1,1],"21":[0,1],"22":[1,1],"23":[0,1],"24":[1,1],"25":[1,0],"26":[0,0],"27":[0,0],"28":[0,0],"29":[0,0],"30":[0,0],"31":[0,0],"32":[0,1],"33":[0,1],"34":[1,1],"35":[0,1],"36":[0,67],"37":[0,17],"38":[0,17],"39":[0,36],"40":[0,36],"41":[0,60],"42":[0,70],"43":[0,9],"44":[0,17],"45":[0,164],"46":[0,17],"47":[0,2],"48":[0,1],"49":[0,1],"50":[0,16],"51":[0,1]},"_coverageSchema":"1a1c01bbd47fc00a2c39e90264f33305004495a9","hash":"f7b4fa8d827e7fd82e2b4708e594cf7f20d749df"}
,"C:\\Users\\user\\Desktop\\Cihan PoliTo\\2.Year\\Soft-eng II\\Project_v1\\HikeTracker\\server\\modules\\dao\\hutdao.js": {"path":"C:\\Users\\user\\Desktop\\Cihan PoliTo\\2.Year\\Soft-eng II\\Project_v1\\HikeTracker\\server\\modules\\dao\\hutdao.js","statementMap":{"0":{"start":{"line":6,"column":15},"end":{"line":6,"column":33}},"1":{"start":{"line":9,"column":11},"end":{"line":11,"column":2}},"2":{"start":{"line":10,"column":1},"end":{"line":10,"column":20}},"3":{"start":{"line":10,"column":10},"end":{"line":10,"column":20}},"4":{"start":{"line":13,"column":0},"end":{"line":46,"column":1}},"5":{"start":{"line":15,"column":1},"end":{"line":45,"column":4}},"6":{"start":{"line":16,"column":14},"end":{"line":19,"column":114}},"7":{"start":{"line":20,"column":2},"end":{"line":44,"column":5}},"8":{"start":{"line":39,"column":3},"end":{"line":42,"column":4}},"9":{"start":{"line":40,"column":4},"end":{"line":40,"column":16}},"10":{"start":{"line":41,"column":4},"end":{"line":41,"column":11}},"11":{"start":{"line":43,"column":3},"end":{"line":43,"column":24}},"12":{"start":{"line":49,"column":0},"end":{"line":72,"column":2}},"13":{"start":{"line":50,"column":1},"end":{"line":71,"column":3}},"14":{"start":{"line":52,"column":3},"end":{"line":52,"column":20}},"15":{"start":{"line":53,"column":2},"end":{"line":59,"column":5}},"16":{"start":{"line":54,"column":3},"end":{"line":57,"column":4}},"17":{"start":{"line":55,"column":4},"end":{"line":55,"column":16}},"18":{"start":{"line":56,"column":4},"end":{"line":56,"column":11}},"19":{"start":{"line":58,"column":3},"end":{"line":58,"column":13}},"20":{"start":{"line":62,"column":3},"end":{"line":62,"column":54}},"21":{"start":{"line":63,"column":2},"end":{"line":69,"column":5}},"22":{"start":{"line":64,"column":3},"end":{"line":67,"column":4}},"23":{"start":{"line":65,"column":4},"end":{"line":65,"column":16}},"24":{"start":{"line":66,"column":4},"end":{"line":66,"column":11}},"25":{"start":{"line":68,"column":3},"end":{"line":68,"column":13}},"26":{"start":{"line":74,"column":0},"end":{"line":86,"column":2}},"27":{"start":{"line":75,"column":1},"end":{"line":85,"column":3}},"28":{"start":{"line":77,"column":3},"end":{"line":77,"column":48}},"29":{"start":{"line":78,"column":2},"end":{"line":84,"column":5}},"30":{"start":{"line":79,"column":3},"end":{"line":82,"column":4}},"31":{"start":{"line":80,"column":4},"end":{"line":80,"column":16}},"32":{"start":{"line":81,"column":4},"end":{"line":81,"column":11}},"33":{"start":{"line":83,"column":3},"end":{"line":83,"column":13}},"34":{"start":{"line":88,"column":0},"end":{"line":102,"column":2}},"35":{"start":{"line":89,"column":1},"end":{"line":101,"column":4}},"36":{"start":{"line":91,"column":3},"end":{"line":93,"column":67}},"37":{"start":{"line":95,"column":3},"end":{"line":100,"column":5}},"38":{"start":{"line":96,"column":3},"end":{"line":99,"column":4}},"39":{"start":{"line":96,"column":12},"end":{"line":96,"column":24}},"40":{"start":{"line":98,"column":4},"end":{"line":98,"column":18}},"41":{"start":{"line":104,"column":0},"end":{"line":119,"column":2}},"42":{"start":{"line":105,"column":1},"end":{"line":118,"column":4}},"43":{"start":{"line":107,"column":3},"end":{"line":109,"column":61}},"44":{"start":{"line":111,"column":2},"end":{"line":117,"column":5}},"45":{"start":{"line":112,"column":3},"end":{"line":116,"column":4}},"46":{"start":{"line":113,"column":4},"end":{"line":113,"column":16}},"47":{"start":{"line":115,"column":4},"end":{"line":115,"column":17}},"48":{"start":{"line":121,"column":0},"end":{"line":136,"column":2}},"49":{"start":{"line":122,"column":1},"end":{"line":135,"column":4}},"50":{"start":{"line":124,"column":3},"end":{"line":126,"column":110}},"51":{"start":{"line":128,"column":3},"end":{"line":134,"column":5}},"52":{"start":{"line":129,"column":3},"end":{"line":133,"column":4}},"53":{"start":{"line":130,"column":4},"end":{"line":130,"column":16}},"54":{"start":{"line":132,"column":4},"end":{"line":132,"column":18}},"55":{"start":{"line":138,"column":0},"end":{"line":153,"column":2}},"56":{"start":{"line":139,"column":1},"end":{"line":152,"column":4}},"57":{"start":{"line":141,"column":3},"end":{"line":143,"column":123}},"58":{"start":{"line":145,"column":2},"end":{"line":151,"column":5}},"59":{"start":{"line":146,"column":3},"end":{"line":150,"column":4}},"60":{"start":{"line":147,"column":4},"end":{"line":147,"column":16}},"61":{"start":{"line":149,"column":4},"end":{"line":149,"column":17}},"62":{"start":{"line":155,"column":0},"end":{"line":169,"column":2}},"63":{"start":{"line":156,"column":1},"end":{"line":168,"column":4}},"64":{"start":{"line":158,"column":3},"end":{"line":160,"column":82}},"65":{"start":{"line":162,"column":2},"end":{"line":167,"column":5}},"66":{"start":{"line":163,"column":3},"end":{"line":166,"column":4}},"67":{"start":{"line":163,"column":12},"end":{"line":163,"column":24}},"68":{"start":{"line":165,"column":4},"end":{"line":165,"column":18}},"69":{"start":{"line":171,"column":0},"end":{"line":185,"column":2}},"70":{"start":{"line":172,"column":1},"end":{"line":184,"column":4}},"71":{"start":{"line":174,"column":3},"end":{"line":176,"column":86}},"72":{"start":{"line":178,"column":2},"end":{"line":183,"column":5}},"73":{"start":{"line":179,"column":3},"end":{"line":182,"column":4}},"74":{"start":{"line":179,"column":12},"end":{"line":179,"column":24}},"75":{"start":{"line":181,"column":4},"end":{"line":181,"column":18}},"76":{"start":{"line":187,"column":0},"end":{"line":201,"column":2}},"77":{"start":{"line":188,"column":1},"end":{"line":200,"column":4}},"78":{"start":{"line":190,"column":3},"end":{"line":192,"column":96}},"79":{"start":{"line":194,"column":2},"end":{"line":199,"column":5}},"80":{"start":{"line":195,"column":3},"end":{"line":198,"column":4}},"81":{"start":{"line":195,"column":12},"end":{"line":195,"column":24}},"82":{"start":{"line":197,"column":4},"end":{"line":197,"column":18}},"83":{"start":{"line":203,"column":0},"end":{"line":217,"column":2}},"84":{"start":{"line":204,"column":1},"end":{"line":216,"column":4}},"85":{"start":{"line":206,"column":3},"end":{"line":208,"column":94}},"86":{"start":{"line":210,"column":2},"end":{"line":215,"column":5}},"87":{"start":{"line":211,"column":3},"end":{"line":214,"column":4}},"88":{"start":{"line":211,"column":12},"end":{"line":211,"column":24}},"89":{"start":{"line":213,"column":4},"end":{"line":213,"column":18}},"90":{"start":{"line":219,"column":0},"end":{"line":233,"column":2}},"91":{"start":{"line":220,"column":1},"end":{"line":232,"column":4}},"92":{"start":{"line":222,"column":3},"end":{"line":224,"column":93}},"93":{"start":{"line":226,"column":2},"end":{"line":231,"column":5}},"94":{"start":{"line":227,"column":3},"end":{"line":230,"column":4}},"95":{"start":{"line":227,"column":12},"end":{"line":227,"column":24}},"96":{"start":{"line":229,"column":4},"end":{"line":229,"column":18}},"97":{"start":{"line":235,"column":0},"end":{"line":249,"column":2}},"98":{"start":{"line":236,"column":1},"end":{"line":248,"column":4}},"99":{"start":{"line":238,"column":3},"end":{"line":240,"column":89}},"100":{"start":{"line":242,"column":2},"end":{"line":247,"column":5}},"101":{"start":{"line":243,"column":3},"end":{"line":246,"column":4}},"102":{"start":{"line":243,"column":12},"end":{"line":243,"column":24}},"103":{"start":{"line":245,"column":4},"end":{"line":245,"column":18}},"104":{"start":{"line":251,"column":0},"end":{"line":265,"column":2}},"105":{"start":{"line":252,"column":1},"end":{"line":264,"column":4}},"106":{"start":{"line":254,"column":3},"end":{"line":256,"column":80}},"107":{"start":{"line":258,"column":2},"end":{"line":263,"column":5}},"108":{"start":{"line":259,"column":3},"end":{"line":262,"column":4}},"109":{"start":{"line":259,"column":12},"end":{"line":259,"column":24}},"110":{"start":{"line":261,"column":4},"end":{"line":261,"column":18}},"111":{"start":{"line":267,"column":0},"end":{"line":281,"column":2}},"112":{"start":{"line":268,"column":1},"end":{"line":280,"column":4}},"113":{"start":{"line":270,"column":3},"end":{"line":272,"column":90}},"114":{"start":{"line":274,"column":2},"end":{"line":279,"column":5}},"115":{"start":{"line":275,"column":3},"end":{"line":278,"column":4}},"116":{"start":{"line":275,"column":12},"end":{"line":275,"column":24}},"117":{"start":{"line":277,"column":4},"end":{"line":277,"column":18}},"118":{"start":{"line":286,"column":0},"end":{"line":302,"column":2}},"119":{"start":{"line":287,"column":1},"end":{"line":301,"column":4}},"120":{"start":{"line":288,"column":24},"end":{"line":288,"column":49}},"121":{"start":{"line":289,"column":24},"end":{"line":289,"column":49}},"122":{"start":{"line":291,"column":3},"end":{"line":293,"column":130}},"123":{"start":{"line":295,"column":2},"end":{"line":300,"column":5}},"124":{"start":{"line":296,"column":3},"end":{"line":299,"column":4}},"125":{"start":{"line":296,"column":12},"end":{"line":296,"column":24}},"126":{"start":{"line":298,"column":4},"end":{"line":298,"column":18}},"127":{"start":{"line":305,"column":0},"end":{"line":315,"column":2}},"128":{"start":{"line":306,"column":1},"end":{"line":314,"column":3}},"129":{"start":{"line":307,"column":14},"end":{"line":307,"column":82}},"130":{"start":{"line":308,"column":2},"end":{"line":313,"column":5}},"131":{"start":{"line":309,"column":3},"end":{"line":312,"column":4}},"132":{"start":{"line":309,"column":12},"end":{"line":309,"column":24}},"133":{"start":{"line":311,"column":4},"end":{"line":311,"column":17}},"134":{"start":{"line":318,"column":0},"end":{"line":328,"column":2}},"135":{"start":{"line":319,"column":1},"end":{"line":327,"column":3}},"136":{"start":{"line":320,"column":14},"end":{"line":320,"column":86}},"137":{"start":{"line":321,"column":2},"end":{"line":326,"column":5}},"138":{"start":{"line":322,"column":3},"end":{"line":325,"column":4}},"139":{"start":{"line":322,"column":12},"end":{"line":322,"column":24}},"140":{"start":{"line":324,"column":4},"end":{"line":324,"column":17}}},"fnMap":{"0":{"name":"(anonymous_0)","decl":{"start":{"line":9,"column":49},"end":{"line":9,"column":50}},"loc":{"start":{"line":9,"column":58},"end":{"line":11,"column":1}},"line":9},"1":{"name":"(anonymous_1)","decl":{"start":{"line":13,"column":18},"end":{"line":13,"column":19}},"loc":{"start":{"line":13,"column":37},"end":{"line":46,"column":1}},"line":13},"2":{"name":"(anonymous_2)","decl":{"start":{"line":15,"column":20},"end":{"line":15,"column":21}},"loc":{"start":{"line":15,"column":41},"end":{"line":45,"column":2}},"line":15},"3":{"name":"(anonymous_3)","decl":{"start":{"line":38,"column":6},"end":{"line":38,"column":7}},"loc":{"start":{"line":38,"column":21},"end":{"line":44,"column":3}},"line":38},"4":{"name":"(anonymous_4)","decl":{"start":{"line":49,"column":24},"end":{"line":49,"column":25}},"loc":{"start":{"line":49,"column":30},"end":{"line":72,"column":1}},"line":49},"5":{"name":"(anonymous_5)","decl":{"start":{"line":50,"column":20},"end":{"line":50,"column":21}},"loc":{"start":{"line":50,"column":41},"end":{"line":71,"column":2}},"line":50},"6":{"name":"(anonymous_6)","decl":{"start":{"line":53,"column":18},"end":{"line":53,"column":19}},"loc":{"start":{"line":53,"column":33},"end":{"line":59,"column":3}},"line":53},"7":{"name":"(anonymous_7)","decl":{"start":{"line":63,"column":19},"end":{"line":63,"column":20}},"loc":{"start":{"line":63,"column":34},"end":{"line":69,"column":3}},"line":63},"8":{"name":"(anonymous_8)","decl":{"start":{"line":74,"column":29},"end":{"line":74,"column":30}},"loc":{"start":{"line":74,"column":35},"end":{"line":86,"column":1}},"line":74},"9":{"name":"(anonymous_9)","decl":{"start":{"line":75,"column":20},"end":{"line":75,"column":21}},"loc":{"start":{"line":75,"column":41},"end":{"line":85,"column":2}},"line":75},"10":{"name":"(anonymous_10)","decl":{"start":{"line":78,"column":18},"end":{"line":78,"column":19}},"loc":{"start":{"line":78,"column":33},"end":{"line":84,"column":3}},"line":78},"11":{"name":"(anonymous_11)","decl":{"start":{"line":88,"column":18},"end":{"line":88,"column":19}},"loc":{"start":{"line":88,"column":24},"end":{"line":102,"column":1}},"line":88},"12":{"name":"(anonymous_12)","decl":{"start":{"line":89,"column":20},"end":{"line":89,"column":21}},"loc":{"start":{"line":89,"column":41},"end":{"line":101,"column":2}},"line":89},"13":{"name":"(anonymous_13)","decl":{"start":{"line":95,"column":19},"end":{"line":95,"column":20}},"loc":{"start":{"line":95,"column":34},"end":{"line":100,"column":3}},"line":95},"14":{"name":"(anonymous_14)","decl":{"start":{"line":104,"column":21},"end":{"line":104,"column":22}},"loc":{"start":{"line":104,"column":29},"end":{"line":119,"column":1}},"line":104},"15":{"name":"(anonymous_15)","decl":{"start":{"line":105,"column":20},"end":{"line":105,"column":21}},"loc":{"start":{"line":105,"column":41},"end":{"line":118,"column":2}},"line":105},"16":{"name":"(anonymous_16)","decl":{"start":{"line":111,"column":20},"end":{"line":111,"column":21}},"loc":{"start":{"line":111,"column":34},"end":{"line":117,"column":3}},"line":111},"17":{"name":"(anonymous_17)","decl":{"start":{"line":121,"column":28},"end":{"line":121,"column":29}},"loc":{"start":{"line":121,"column":34},"end":{"line":136,"column":1}},"line":121},"18":{"name":"(anonymous_18)","decl":{"start":{"line":122,"column":20},"end":{"line":122,"column":21}},"loc":{"start":{"line":122,"column":41},"end":{"line":135,"column":2}},"line":122},"19":{"name":"(anonymous_19)","decl":{"start":{"line":128,"column":19},"end":{"line":128,"column":20}},"loc":{"start":{"line":128,"column":34},"end":{"line":134,"column":3}},"line":128},"20":{"name":"(anonymous_20)","decl":{"start":{"line":138,"column":33},"end":{"line":138,"column":34}},"loc":{"start":{"line":138,"column":41},"end":{"line":153,"column":1}},"line":138},"21":{"name":"(anonymous_21)","decl":{"start":{"line":139,"column":20},"end":{"line":139,"column":21}},"loc":{"start":{"line":139,"column":41},"end":{"line":152,"column":2}},"line":139},"22":{"name":"(anonymous_22)","decl":{"start":{"line":145,"column":20},"end":{"line":145,"column":21}},"loc":{"start":{"line":145,"column":34},"end":{"line":151,"column":3}},"line":145},"23":{"name":"(anonymous_23)","decl":{"start":{"line":155,"column":23},"end":{"line":155,"column":24}},"loc":{"start":{"line":155,"column":33},"end":{"line":169,"column":1}},"line":155},"24":{"name":"(anonymous_24)","decl":{"start":{"line":156,"column":20},"end":{"line":156,"column":21}},"loc":{"start":{"line":156,"column":41},"end":{"line":168,"column":2}},"line":156},"25":{"name":"(anonymous_25)","decl":{"start":{"line":162,"column":22},"end":{"line":162,"column":23}},"loc":{"start":{"line":162,"column":37},"end":{"line":167,"column":3}},"line":162},"26":{"name":"(anonymous_26)","decl":{"start":{"line":171,"column":27},"end":{"line":171,"column":28}},"loc":{"start":{"line":171,"column":41},"end":{"line":185,"column":1}},"line":171},"27":{"name":"(anonymous_27)","decl":{"start":{"line":172,"column":20},"end":{"line":172,"column":21}},"loc":{"start":{"line":172,"column":41},"end":{"line":184,"column":2}},"line":172},"28":{"name":"(anonymous_28)","decl":{"start":{"line":178,"column":26},"end":{"line":178,"column":27}},"loc":{"start":{"line":178,"column":41},"end":{"line":183,"column":3}},"line":178},"29":{"name":"(anonymous_29)","decl":{"start":{"line":187,"column":27},"end":{"line":187,"column":28}},"loc":{"start":{"line":187,"column":53},"end":{"line":201,"column":1}},"line":187},"30":{"name":"(anonymous_30)","decl":{"start":{"line":188,"column":20},"end":{"line":188,"column":21}},"loc":{"start":{"line":188,"column":41},"end":{"line":200,"column":2}},"line":188},"31":{"name":"(anonymous_31)","decl":{"start":{"line":194,"column":38},"end":{"line":194,"column":39}},"loc":{"start":{"line":194,"column":53},"end":{"line":199,"column":3}},"line":194},"32":{"name":"(anonymous_32)","decl":{"start":{"line":203,"column":31},"end":{"line":203,"column":32}},"loc":{"start":{"line":203,"column":37},"end":{"line":217,"column":1}},"line":203},"33":{"name":"(anonymous_33)","decl":{"start":{"line":204,"column":20},"end":{"line":204,"column":21}},"loc":{"start":{"line":204,"column":41},"end":{"line":216,"column":2}},"line":204},"34":{"name":"(anonymous_34)","decl":{"start":{"line":210,"column":18},"end":{"line":210,"column":19}},"loc":{"start":{"line":210,"column":33},"end":{"line":215,"column":3}},"line":210},"35":{"name":"(anonymous_35)","decl":{"start":{"line":219,"column":37},"end":{"line":219,"column":38}},"loc":{"start":{"line":219,"column":43},"end":{"line":233,"column":1}},"line":219},"36":{"name":"(anonymous_36)","decl":{"start":{"line":220,"column":20},"end":{"line":220,"column":21}},"loc":{"start":{"line":220,"column":41},"end":{"line":232,"column":2}},"line":220},"37":{"name":"(anonymous_37)","decl":{"start":{"line":226,"column":18},"end":{"line":226,"column":19}},"loc":{"start":{"line":226,"column":33},"end":{"line":231,"column":3}},"line":226},"38":{"name":"(anonymous_38)","decl":{"start":{"line":235,"column":29},"end":{"line":235,"column":30}},"loc":{"start":{"line":235,"column":35},"end":{"line":249,"column":1}},"line":235},"39":{"name":"(anonymous_39)","decl":{"start":{"line":236,"column":20},"end":{"line":236,"column":21}},"loc":{"start":{"line":236,"column":41},"end":{"line":248,"column":2}},"line":236},"40":{"name":"(anonymous_40)","decl":{"start":{"line":242,"column":18},"end":{"line":242,"column":19}},"loc":{"start":{"line":242,"column":33},"end":{"line":247,"column":3}},"line":242},"41":{"name":"(anonymous_41)","decl":{"start":{"line":251,"column":25},"end":{"line":251,"column":26}},"loc":{"start":{"line":251,"column":31},"end":{"line":265,"column":1}},"line":251},"42":{"name":"(anonymous_42)","decl":{"start":{"line":252,"column":20},"end":{"line":252,"column":21}},"loc":{"start":{"line":252,"column":41},"end":{"line":264,"column":2}},"line":252},"43":{"name":"(anonymous_43)","decl":{"start":{"line":258,"column":18},"end":{"line":258,"column":19}},"loc":{"start":{"line":258,"column":33},"end":{"line":263,"column":3}},"line":258},"44":{"name":"(anonymous_44)","decl":{"start":{"line":267,"column":31},"end":{"line":267,"column":32}},"loc":{"start":{"line":267,"column":49},"end":{"line":281,"column":1}},"line":267},"45":{"name":"(anonymous_45)","decl":{"start":{"line":268,"column":20},"end":{"line":268,"column":21}},"loc":{"start":{"line":268,"column":41},"end":{"line":280,"column":2}},"line":268},"46":{"name":"(anonymous_46)","decl":{"start":{"line":274,"column":30},"end":{"line":274,"column":31}},"loc":{"start":{"line":274,"column":45},"end":{"line":279,"column":3}},"line":274},"47":{"name":"(anonymous_47)","decl":{"start":{"line":286,"column":23},"end":{"line":286,"column":24}},"loc":{"start":{"line":286,"column":59},"end":{"line":302,"column":1}},"line":286},"48":{"name":"(anonymous_48)","decl":{"start":{"line":287,"column":20},"end":{"line":287,"column":21}},"loc":{"start":{"line":287,"column":41},"end":{"line":301,"column":2}},"line":287},"49":{"name":"(anonymous_49)","decl":{"start":{"line":295,"column":120},"end":{"line":295,"column":121}},"loc":{"start":{"line":295,"column":135},"end":{"line":300,"column":3}},"line":295},"50":{"name":"(anonymous_50)","decl":{"start":{"line":305,"column":23},"end":{"line":305,"column":24}},"loc":{"start":{"line":305,"column":29},"end":{"line":315,"column":1}},"line":305},"51":{"name":"(anonymous_51)","decl":{"start":{"line":306,"column":20},"end":{"line":306,"column":21}},"loc":{"start":{"line":306,"column":41},"end":{"line":314,"column":2}},"line":306},"52":{"name":"(anonymous_52)","decl":{"start":{"line":308,"column":18},"end":{"line":308,"column":19}},"loc":{"start":{"line":308,"column":39},"end":{"line":313,"column":3}},"line":308},"53":{"name":"(anonymous_53)","decl":{"start":{"line":318,"column":26},"end":{"line":318,"column":27}},"loc":{"start":{"line":318,"column":32},"end":{"line":328,"column":1}},"line":318},"54":{"name":"(anonymous_54)","decl":{"start":{"line":319,"column":20},"end":{"line":319,"column":21}},"loc":{"start":{"line":319,"column":41},"end":{"line":327,"column":2}},"line":319},"55":{"name":"(anonymous_55)","decl":{"start":{"line":321,"column":18},"end":{"line":321,"column":19}},"loc":{"start":{"line":321,"column":39},"end":{"line":326,"column":3}},"line":321}},"branchMap":{"0":{"loc":{"start":{"line":10,"column":1},"end":{"line":10,"column":20}},"type":"if","locations":[{"start":{"line":10,"column":1},"end":{"line":10,"column":20}},{"start":{},"end":{}}],"line":10},"1":{"loc":{"start":{"line":39,"column":3},"end":{"line":42,"column":4}},"type":"if","locations":[{"start":{"line":39,"column":3},"end":{"line":42,"column":4}},{"start":{},"end":{}}],"line":39},"2":{"loc":{"start":{"line":54,"column":3},"end":{"line":57,"column":4}},"type":"if","locations":[{"start":{"line":54,"column":3},"end":{"line":57,"column":4}},{"start":{},"end":{}}],"line":54},"3":{"loc":{"start":{"line":64,"column":3},"end":{"line":67,"column":4}},"type":"if","locations":[{"start":{"line":64,"column":3},"end":{"line":67,"column":4}},{"start":{},"end":{}}],"line":64},"4":{"loc":{"start":{"line":79,"column":3},"end":{"line":82,"column":4}},"type":"if","locations":[{"start":{"line":79,"column":3},"end":{"line":82,"column":4}},{"start":{},"end":{}}],"line":79},"5":{"loc":{"start":{"line":96,"column":3},"end":{"line":99,"column":4}},"type":"if","locations":[{"start":{"line":96,"column":3},"end":{"line":99,"column":4}},{"start":{"line":97,"column":8},"end":{"line":99,"column":4}}],"line":96},"6":{"loc":{"start":{"line":112,"column":3},"end":{"line":116,"column":4}},"type":"if","locations":[{"start":{"line":112,"column":3},"end":{"line":116,"column":4}},{"start":{"line":114,"column":8},"end":{"line":116,"column":4}}],"line":112},"7":{"loc":{"start":{"line":129,"column":3},"end":{"line":133,"column":4}},"type":"if","locations":[{"start":{"line":129,"column":3},"end":{"line":133,"column":4}},{"start":{"line":131,"column":8},"end":{"line":133,"column":4}}],"line":129},"8":{"loc":{"start":{"line":146,"column":3},"end":{"line":150,"column":4}},"type":"if","locations":[{"start":{"line":146,"column":3},"end":{"line":150,"column":4}},{"start":{"line":148,"column":8},"end":{"line":150,"column":4}}],"line":146},"9":{"loc":{"start":{"line":163,"column":3},"end":{"line":166,"column":4}},"type":"if","locations":[{"start":{"line":163,"column":3},"end":{"line":166,"column":4}},{"start":{"line":164,"column":8},"end":{"line":166,"column":4}}],"line":163},"10":{"loc":{"start":{"line":179,"column":3},"end":{"line":182,"column":4}},"type":"if","locations":[{"start":{"line":179,"column":3},"end":{"line":182,"column":4}},{"start":{"line":180,"column":8},"end":{"line":182,"column":4}}],"line":179},"11":{"loc":{"start":{"line":195,"column":3},"end":{"line":198,"column":4}},"type":"if","locations":[{"start":{"line":195,"column":3},"end":{"line":198,"column":4}},{"start":{"line":196,"column":8},"end":{"line":198,"column":4}}],"line":195},"12":{"loc":{"start":{"line":211,"column":3},"end":{"line":214,"column":4}},"type":"if","locations":[{"start":{"line":211,"column":3},"end":{"line":214,"column":4}},{"start":{"line":212,"column":8},"end":{"line":214,"column":4}}],"line":211},"13":{"loc":{"start":{"line":227,"column":3},"end":{"line":230,"column":4}},"type":"if","locations":[{"start":{"line":227,"column":3},"end":{"line":230,"column":4}},{"start":{"line":228,"column":8},"end":{"line":230,"column":4}}],"line":227},"14":{"loc":{"start":{"line":243,"column":3},"end":{"line":246,"column":4}},"type":"if","locations":[{"start":{"line":243,"column":3},"end":{"line":246,"column":4}},{"start":{"line":244,"column":8},"end":{"line":246,"column":4}}],"line":243},"15":{"loc":{"start":{"line":259,"column":3},"end":{"line":262,"column":4}},"type":"if","locations":[{"start":{"line":259,"column":3},"end":{"line":262,"column":4}},{"start":{"line":260,"column":8},"end":{"line":262,"column":4}}],"line":259},"16":{"loc":{"start":{"line":275,"column":3},"end":{"line":278,"column":4}},"type":"if","locations":[{"start":{"line":275,"column":3},"end":{"line":278,"column":4}},{"start":{"line":276,"column":8},"end":{"line":278,"column":4}}],"line":275},"17":{"loc":{"start":{"line":296,"column":3},"end":{"line":299,"column":4}},"type":"if","locations":[{"start":{"line":296,"column":3},"end":{"line":299,"column":4}},{"start":{"line":297,"column":8},"end":{"line":299,"column":4}}],"line":296},"18":{"loc":{"start":{"line":309,"column":3},"end":{"line":312,"column":4}},"type":"if","locations":[{"start":{"line":309,"column":3},"end":{"line":312,"column":4}},{"start":{"line":310,"column":8},"end":{"line":312,"column":4}}],"line":309},"19":{"loc":{"start":{"line":322,"column":3},"end":{"line":325,"column":4}},"type":"if","locations":[{"start":{"line":322,"column":3},"end":{"line":325,"column":4}},{"start":{"line":323,"column":8},"end":{"line":325,"column":4}}],"line":322}},"s":{"0":1,"1":1,"2":1,"3":0,"4":1,"5":60,"6":60,"7":60,"8":60,"9":0,"10":0,"11":60,"12":1,"13":15,"14":15,"15":15,"16":15,"17":0,"18":0,"19":15,"20":15,"21":15,"22":15,"23":0,"24":0,"25":15,"26":1,"27":15,"28":15,"29":15,"30":15,"31":0,"32":0,"33":15,"34":1,"35":1,"36":1,"37":1,"38":1,"39":0,"40":1,"41":1,"42":1,"43":1,"44":1,"45":1,"46":0,"47":1,"48":1,"49":1,"50":1,"51":1,"52":1,"53":0,"54":1,"55":1,"56":1,"57":1,"58":1,"59":1,"60":0,"61":1,"62":1,"63":1,"64":1,"65":1,"66":1,"67":0,"68":1,"69":1,"70":1,"71":1,"72":1,"73":1,"74":0,"75":1,"76":1,"77":1,"78":1,"79":1,"80":1,"81":0,"82":1,"83":1,"84":1,"85":1,"86":1,"87":1,"88":0,"89":1,"90":1,"91":1,"92":1,"93":1,"94":1,"95":0,"96":1,"97":1,"98":1,"99":1,"100":1,"101":1,"102":0,"103":1,"104":1,"105":1,"106":1,"107":1,"108":1,"109":0,"110":1,"111":1,"112":1,"113":1,"114":1,"115":1,"116":0,"117":1,"118":1,"119":1,"120":1,"121":1,"122":1,"123":1,"124":1,"125":0,"126":1,"127":1,"128":1,"129":1,"130":1,"131":1,"132":0,"133":1,"134":1,"135":1,"136":1,"137":1,"138":1,"139":0,"140":1},"f":{"0":1,"1":60,"2":60,"3":60,"4":15,"5":15,"6":15,"7":15,"8":15,"9":15,"10":15,"11":1,"12":1,"13":1,"14":1,"15":1,"16":1,"17":1,"18":1,"19":1,"20":1,"21":1,"22":1,"23":1,"24":1,"25":1,"26":1,"27":1,"28":1,"29":1,"30":1,"31":1,"32":1,"33":1,"34":1,"35":1,"36":1,"37":1,"38":1,"39":1,"40":1,"41":1,"42":1,"43":1,"44":1,"45":1,"46":1,"47":1,"48":1,"49":1,"50":1,"51":1,"52":1,"53":1,"54":1,"55":1},"b":{"0":[0,1],"1":[0,60],"2":[0,15],"3":[0,15],"4":[0,15],"5":[0,1],"6":[0,1],"7":[0,1],"8":[0,1],"9":[0,1],"10":[0,1],"11":[0,1],"12":[0,1],"13":[0,1],"14":[0,1],"15":[0,1],"16":[0,1],"17":[0,1],"18":[0,1],"19":[0,1]},"_coverageSchema":"1a1c01bbd47fc00a2c39e90264f33305004495a9","hash":"8a14366e9a77a46feb479ebdcdb06510189a2404"}
,"C:\\Users\\user\\Desktop\\Cihan PoliTo\\2.Year\\Soft-eng II\\Project_v1\\HikeTracker\\server\\modules\\dao\\parkingdao.js": {"path":"C:\\Users\\user\\Desktop\\Cihan PoliTo\\2.Year\\Soft-eng II\\Project_v1\\HikeTracker\\server\\modules\\dao\\parkingdao.js","statementMap":{"0":{"start":{"line":5,"column":15},"end":{"line":5,"column":33}},"1":{"start":{"line":8,"column":11},"end":{"line":10,"column":2}},"2":{"start":{"line":9,"column":1},"end":{"line":9,"column":20}},"3":{"start":{"line":9,"column":10},"end":{"line":9,"column":20}},"4":{"start":{"line":17,"column":0},"end":{"line":26,"column":2}},"5":{"start":{"line":18,"column":1},"end":{"line":25,"column":4}},"6":{"start":{"line":20,"column":3},"end":{"line":20,"column":214}},"7":{"start":{"line":21,"column":2},"end":{"line":24,"column":5}},"8":{"start":{"line":22,"column":3},"end":{"line":23,"column":22}},"9":{"start":{"line":22,"column":12},"end":{"line":22,"column":24}},"10":{"start":{"line":23,"column":8},"end":{"line":23,"column":22}},"11":{"start":{"line":29,"column":0},"end":{"line":38,"column":2}},"12":{"start":{"line":30,"column":1},"end":{"line":37,"column":4}},"13":{"start":{"line":32,"column":3},"end":{"line":32,"column":227}},"14":{"start":{"line":33,"column":2},"end":{"line":36,"column":5}},"15":{"start":{"line":34,"column":3},"end":{"line":35,"column":21}},"16":{"start":{"line":34,"column":12},"end":{"line":34,"column":24}},"17":{"start":{"line":35,"column":8},"end":{"line":35,"column":21}},"18":{"start":{"line":40,"column":0},"end":{"line":49,"column":2}},"19":{"start":{"line":41,"column":1},"end":{"line":48,"column":4}},"20":{"start":{"line":43,"column":3},"end":{"line":43,"column":225}},"21":{"start":{"line":44,"column":2},"end":{"line":47,"column":5}},"22":{"start":{"line":45,"column":3},"end":{"line":46,"column":21}},"23":{"start":{"line":45,"column":12},"end":{"line":45,"column":24}},"24":{"start":{"line":46,"column":8},"end":{"line":46,"column":21}},"25":{"start":{"line":50,"column":0},"end":{"line":79,"column":2}},"26":{"start":{"line":59,"column":1},"end":{"line":78,"column":4}},"27":{"start":{"line":60,"column":14},"end":{"line":60,"column":154}},"28":{"start":{"line":61,"col
[...]
,"C:\\Users\\user\\Desktop\\Cihan PoliTo\\2.Year\\Soft-eng II\\Project_v1\\HikeTracker\\server\\modules\\dao\\userdao.js": {"path":"C:\\Users\\user\\Desktop\\Cihan PoliTo\\2.Year\\Soft-eng II\\Project_v1\\HikeTracker\\server\\modules\\dao\\userdao.js","statementMap":{"0":{"start":{"line":5,"column":15},"end":{"line":5,"column":33}},"1":{"start":{"line":6,"column":15},"end":{"line":6,"column":32}},"2":{"start":{"line":9,"column":11},"end":{"line":11,"column":2}},"3":{"start":{"line":10,"column":4},"end":{"line":10,"column":23}},"4":{"start":{"line":10,"column":13},"end":{"line":10,"column":23}},"5":{"start":{"line":15,"column":0},"end":{"line":33,"column":2}},"6":{"start":{"line":16,"column":4},"end":{"line":32,"column":7}},"7":{"start":{"line":18,"column":12},"end":{"line":18,"column":121}},"8":{"start":{"line":19,"column":8},"end":{"line":31,"column":11}},"9":{"start":{"line":29,"column":12},"end":{"line":30,"column":38}},"10":{"start":{"line":29,"column":21},"end":{"line":29,"column":33}},"11":{"start":{"line":30,"column":17},"end":{"line":30,"column":38}},"12":{"start":{"line":35,"column":0},"end":{"line":43,"column":2}},"13":{"start":{"line":36,"column":4},"end":{"line":42,"column":7}},"14":{"start":{"line":37,"column":20},"end":{"line":37,"column":70}},"15":{"start":{"line":38,"column":8},"end":{"line":41,"column":11}},"16":{"start":{"line":39,"column":12},"end":{"line":40,"column":31}},"17":{"start":{"line":39,"column":21},"end":{"line":39,"column":33}},"18":{"start":{"line":40,"column":17},"end":{"line":40,"column":31}},"19":{"start":{"line":45,"column":0},"end":{"line":55,"column":2}},"20":{"start":{"line":46,"column":4},"end":{"line":54,"column":7}},"21":{"start":{"line":47,"column":20},"end":{"line":47,"column":61}},"22":{"start":{"line":48,"column":8},"end":{"line":53,"column":11}},"23":{"start":{"line":49,"column":12},"end":{"line":52,"column":13}},"24":{"start":{"line":49,"column":21},"end":{"line":49,"column":33}},"25":{"start":{"line":51,"column":16},"end":{"line":51,"column":29}},"26":{"start":{"line":57,"column":0},"end":{"line":70,"column":2}},"27":{"start":{"line":58,"column":4},"end":{"line":69,"column":7}},"28":{"start":{"line":59,"column":20},"end":{"line":59,"column":53}},"29":{"start":{"line":60,"column":8},"end":{"line":68,"column":11}},"30":{"start":{"line":61,"column":12},"end":{"line":67,"column":13}},"31":{"start":{"line":62,"column":16},"end":{"line":62,"column":28}},"32":{"start":{"line":63,"column":19},"end":{"line":67,"column":13}},"33":{"start":{"line":64,"column":16},"end":{"line":64,"column":54}},"34":{"start":{"line":66,"column":16},"end":{"line":66,"column":29}},"35":{"start":{"line":72,"column":0},"end":{"line":83,"column":2}},"36":{"start":{"line":73,"column":4},"end":{"line":82,"column":7}},"37":{"start":{"line":74,"column":20},"end":{"line":74,"column":56}},"38":{"start":{"line":75,"column":8},"end":{"line":81,"column":11}},"39":{"start":{"line":76,"column":12},"end":{"line":80,"column":13}},"40":{"start":{"line":77,"column":16},"end":{"line":77,"column":28}},"41":{"start":{"line":79,"column":16},"end":{"line":79,"column":29}},"42":{"start":{"line":85,"column":0},"end":{"line":96,"column":2}},"43":{"start":{"line":86,"column":4},"end":{"line":95,"column":7}},"44":{"start":{"line":87,"column":20},"end":{"line":87,"column":59}},"45":{"start":{"line":88,"column":8},"end":{"line":94,"column":11}},"46":{"start":{"line":89,"column":12},"end":{"line":93,"column":13}},"47":{"start":{"line":90,"column":16},"end":{"line":90,"column":28}},"48":{"start":{"line":92,"column":16},"end":{"line":92,"column":29}},"49":{"start":{"line":98,"column":0},"end":{"line":120,"column":2}},"50":{"start":{"line":99,"column":4},"end":{"line":119,"column":7}},"51":{"start":{"line":100,"column":20},"end":{"line":100,"column":56}},"52":{"start":{"line":101,"column":8},"end":{"line":118,"column":11}},"53":{"start":{"line":102,"column":12},"end":{"line":117,"column":13}},"54":{"start":{"line":103,"column":16},"end":{"line":103,"column":28}},"55":{"start":{"line":104,"column":19},"end":{"line":117,"column":13}},"56":{"start":{"line":105,"column":16},"end":{"line":105,"column":46}},"57":{"start":{"line":106,"column":16},"end":{"line":106,"column":31}},"58":{"start":{"line":108,"column":16},"end":{"line":116,"column":19}},"59":{"start":{"line":109,"column":20},"end":{"line":115,"column":21}},"60":{"start":{"line":111,"column":24},"end":{"line":111,"column":37}},"61":{"start":{"line":113,"column":24},"end":{"line":113,"column":61}},"62":{"start":{"line":114,"column":24},"end":{"line":114,"column":39}},"63":{"start":{"line":122,"column":0},"end":{"line":133,"column":2}},"64":{"start":{"line":123,"column":4},"end":{"line":132,"column":7}},"65":{"start":{"line":124,"column":20},"end":{"line":124,"column":66}},"66":{"start":{"line":125,"column":8},"end":{"line":131,"column":11}},"67":{"start":{"line":126,"column":12},"end":{"line":130,"column":13}},"68":{"start":{"line":127,"column":16},"end":{"line":127,"column":28}},"69":{"start":{"line":129,"column":16},"end":{"line":129,"column":30}},"70":{"start":{"line":135,"column":0},"end":{"line":146,"column":2}},"71":{"start":{"line":136,"column":4},"end":{"line":145,"column":7}},"72":{"start":{"line":137,"column":20},"end":{"line":137,"column":60}},"73":{"start":{"line":138,"column":8},"end":{"line":144,"column":11}},"74":{"start":{"line":139,"column":12},"end":{"line":143,"column":13}},"75":{"start":{"line":140,"column":16},"end":{"line":140,"column":28}},"76":{"start":{"line":142,"column":16},"end":{"line":142,"column":38}},"77":{"start":{"line":148,"column":0},"end":{"line":171,"column":2}},"78":{"start":{"line":149,"column":4},"end":{"line":170,"column":6}},"79":{"start":{"line":151,"column":12},"end":{"line":151,"column":30}},"80":{"start":{"line":152,"column":8},"end":{"line":158,"column":11}},"81":{"start":{"line":153,"column":12},"end":{"line":156,"column":13}},"82":{"start":{"line":154,"column":16},"end":{"line":154,"column":28}},"83":{"start":{"line":155,"column":16},"end":{"line":155,"column":23}},"84":{"start":{"line":157,"column":12},"end":{"line":157,"column":22}},"85":{"start":{"line":161,"column":12},"end":{"line":161,"column":64}},"86":{"start":{"line":162,"column":8},"end":{"line":168,"column":11}},"87":{"start":{"line":163,"column":12},"end":{"line":166,"column":13}},"88":{"start":{"line":164,"column":16},"end":{"line":164,"column":28}},"89":{"start":{"line":165,"column":16},"end":{"line":165,"column":23}},"90":{"start":{"line":167,"column":12},"end":{"line":167,"column":22}},"91":{"start":{"line":173,"column":0},"end":{"line":185,"column":2}},"92":{"start":{"line":174,"column":4},"end":{"line":184,"column":6}},"93":{"start":{"line":176,"column":12},"end":{"line":176,"column":36}},"94":{"start":{"line":177,"column":8},"end":{"line":183,"column":11}},"95":{"start":{"line":178,"column":12},"end":{"line":181,"column":13}},"96":{"start":{"line":179,"column":16},"end":{"line":179,"column":28}},"97":{"start":{"line":180,"column":16},"end":{"line":180,"column":23}},"98":{"start":{"line":182,"column":12},"end":{"line":182,"column":22}}},"fnMap":{"0":{"name":"(anonymous_0)","decl":{"start":{"line":9,"column":49},"end":{"line":9,"column":50}},"loc":{"start":{"line":9,"column":58},"end":{"line":11,"column":1}},"line":9},"1":{"name":"(anonymous_1)","decl":{"start":{"line":15,"column":21},"end":{"line":15,"column":22}},"loc":{"start":{"line":15,"column":31},"end":{"line":33,"column":1}},"line":15},"2":{"name":"(anonymous_2)","decl":{"start":{"line":16,"column":23},"end":{"line":16,"column":24}},"loc":{"start":{"line":16,"column":44},"end":{"line":32,"column":5}},"line":16},"3":{"name":"(anonymous_3)","decl":{"start":{"line":28,"column":15},"end":{"line":28,"column":16}},"loc":{"start":{"line":28,"column":30},"end":{"line":31,"column":9}},"line":28},"4":{"name":"(anonymous_4)","decl":{"start":{"line":35,"column":27},"end":{"line":35,"column":28}},"loc":{"start":{"line":35,"column":44},"end":{"line":43,"column":1}},"line":35},"5":{"name":"(anonymous_5)","decl":{"start":{"line":36,"column":23},"end":{"line":36,"column":24}},"loc":{"start":{"line":36,"column":44},"end":{"line":42,"column":5}},"line":36},"6":{"name":"(anonymous_6)","decl":{"start":{"line":38,"column":35},"end":{"line":38,"column":36}},"loc":{"start":{"line":38,"column":50},"end":{"line":41,"column":9}},"line":38},"7":{"name":"(anonymous_7)","decl":{"start":{"line":45,"column":30},"end":{"line":45,"column":31}},"loc":{"start":{"line":45,"column":40},"end":{"line":55,"column":1}},"line":45},"8":{"name":"(anonymous_8)","decl":{"start":{"line":46,"column":23},"end":{"line":46,"column":24}},"loc":{"start":{"line":46,"column":44},"end":{"line":54,"column":5}},"line":46},"9":{"name":"(anonymous_9)","decl":{"start":{"line":48,"column":28},"end":{"line":48,"column":29}},"loc":{"start":{"line":48,"column":48},"end":{"line":53,"column":9}},"line":48},"10":{"name":"(anonymous_10)","decl":{"start":{"line":57,"column":22},"end":{"line":57,"column":23}},"loc":{"start":{"line":57,"column":30},"end":{"line":70,"column":1}},"line":57},"11":{"name":"(anonymous_11)","decl":{"start":{"line":58,"column":23},"end":{"line":58,"column":24}},"loc":{"start":{"line":58,"column":44},"end":{"line":69,"column":5}},"line":58},"12":{"name":"(anonymous_12)","decl":{"start":{"line":60,"column":26},"end":{"line":60,"column":27}},"loc":{"start":{"line":60,"column":46},"end":{"line":68,"column":9}},"line":60},"13":{"name":"(anonymous_13)","decl":{"start":{"line":72,"column":25},"end":{"line":72,"column":26}},"loc":{"start":{"line":72,"column":36},"end":{"line":83,"column":1}},"line":72},"14":{"name":"(anonymous_14)","decl":{"start":{"line":73,"column":23},"end":{"line":73,"column":24}},"loc":{"start":{"line":73,"column":44},"end":{"line":82,"column":5}},"line":73},"15":{"name":"(anonymous_15)","decl":{"start":{"line":75,"column":29},"end":{"line":75,"column":30}},"loc":{"start":{"line":75,"column":49},"end":{"line":81,"column":9}},"line":75},"16":{"name":"(anonymous_16)","decl":{"start":{"line":85,"column":28},"end":{"line":85,"column":29}},"loc":{"start":{"line":85,"column":42},"end":{"line":96,"column":1}},"line":85},"17":{"name":"(anonymous_17)","decl":{"start":{"line":86,"column":23},"end":{"line":86,"column":24}},"loc":{"start":{"line":86,"column":44},"end":{"line":95,"column":5}},"line":86},"18":{"name":"(anonymous_18)","decl":{"start":{"line":88,"column":32},"end":{"line":88,"column":33}},"loc":{"start":{"line":88,"column":52},"end":{"line":94,"column":9}},"line":88},"19":{"name":"(anonymous_19)","decl":{"start":{"line":98,"column":31},"end":{"line":98,"column":32}},"loc":{"start":{"line":98,"column":52},"end":{"line":120,"column":1}},"line":98},"20":{"name":"(anonymous_20)","decl":{"start":{"line":99,"column":23},"end":{"line":99,"column":24}},"loc":{"start":{"line":99,"column":44},"end":{"line":119,"column":5}},"line":99},"21":{"name":"(anonymous_21)","decl":{"start":{"line":101,"column":29},"end":{"line":101,"column":30}},"loc":{"start":{"line":101,"column":49},"end":{"line":118,"column":9}},"line":101},"22":{"name":"(anonymous_22)","decl":{"start":{"line":108,"column":56},"end":{"line":108,"column":57}},"loc":{"start":{"line":108,"column":68},"end":{"line":116,"column":17}},"line":108},"23":{"name":"(anonymous_23)","decl":{"start":{"line":122,"column":23},"end":{"line":122,"column":24}},"loc":{"start":{"line":122,"column":34},"end":{"line":133,"column":1}},"line":122},"24":{"name":"(anonymous_24)","decl":{"start":{"line":123,"column":23},"end":{"line":123,"column":24}},"loc":{"start":{"line":123,"column":44},"end":{"line":132,"column":5}},"line":123},"25":{"name":"(anonymous_25)","decl":{"start":{"line":125,"column":29},"end":{"line":125,"column":30}},"loc":{"start":{"line":125,"column":44},"end":{"line":131,"column":9}},"line":125},"26":{"name":"(anonymous_26)","decl":{"start":{"line":135,"column":27},"end":{"line":135,"column":28}},"loc":{"start":{"line":135,"column":38},"end":{"line":146,"column":1}},"line":135},"27":{"name":"(anonymous_27)","decl":{"start":{"line":136,"column":23},"end":{"line":136,"column":24}},"loc":{"start":{"line":136,"column":44},"end":{"line":145,"column":5}},"line":136},"28":{"name":"(anonymous_28)","decl":{"start":{"line":138,"column":29},"end":{"line":138,"column":30}},"loc":{"start":{"line":138,"column":44},"end":{"line":144,"column":9}},"line":138},"29":{"name":"(anonymous_29)","decl":{"start":{"line":148,"column":21},"end":{"line":148,"column":22}},"loc":{"start":{"line":148,"column":27},"end":{"line":171,"column":1}},"line":148},"30":{"name":"(anonymous_30)","decl":{"start":{"line":149,"column":23},"end":{"line":149,"column":24}},"loc":{"start":{"line":149,"column":44},"end":{"line":170,"column":5}},"line":149},"31":{"name":"(anonymous_31)","decl":{"start":{"line":152,"column":24},"end":{"line":152,"column":25}},"loc":{"start":{"line":152,"column":39},"end":{"line":158,"column":9}},"line":152},"32":{"name":"(anonymous_32)","decl":{"start":{"line":162,"column":25},"end":{"line":162,"column":26}},"loc":{"start":{"line":162,"column":40},"end":{"line":168,"column":9}},"line":162},"33":{"name":"(anonymous_33)","decl":{"start":{"line":173,"column":32},"end":{"line":173,"column":33}},"loc":{"start":{"line":173,"column":38},"end":{"line":185,"column":1}},"line":173},"34":{"name":"(anonymous_34)","decl":{"start":{"line":174,"column":23},"end":{"line":174,"column":24}},"loc":{"start":{"line":174,"column":44},"end":{"line":184,"column":5}},"line":174},"35":{"name":"(anonymous_35)","decl":{"start":{"line":177,"column":24},"end":{"line":177,"column":25}},"loc":{"start":{"line":177,"column":39},"end":{"line":183,"column":9}},"line":177}},"branchMap":{"0":{"loc":{"start":{"line":10,"column":4},"end":{"line":10,"column":23}},"type":"if","locations":[{"start":{"line":10,"column":4},"end":{"line":10,"column":23}},{"start":{},"end":{}}],"line":10},"1":{"loc":{"start":{"line":29,"column":12},"end":{"line":30,"column":38}},"type":"if","locations":[{"start":{"line":29,"column":12},"end":{"line":30,"column":38}},{"start":{"line":30,"column":17},"end":{"line":30,"column":38}}],"line":29},"2":{"loc":{"start":{"line":39,"column":12},"end":{"line":40,"column":31}},"type":"if","locations":[{"start":{"line":39,"column":12},"end":{"line":40,"column":31}},{"start":{"line":40,"column":17},"end":{"line":40,"column":31}}],"line":39},"3":{"loc":{"start":{"line":49,"column":12},"end":{"line":52,"column":13}},"type":"if","locations":[{"start":{"line":49,"column":12},"end":{"line":52,"column":13}},{"start":{"line":50,"column":18},"end":{"line":52,"column":13}}],"line":49},"4":{"loc":{"start":{"line":61,"column":12},"end":{"line":67,"column":13}},"type":"if","locations":[{"start":{"line":61,"column":12},"end":{"line":67,"column":13}},{"start":{"line":63,"column":19},"end":{"line":67,"column":13}}],"line":61},"5":{"loc":{"start":{"line":63,"column":19},"end":{"line":67,"column":13}},"type":"if","locations":[{"start":{"line":63,"column":19},"end":{"line":67,"column":13}},{"start":{"line":65,"column":19},"end":{"line":67,"column":13}}],"line":63},"6":{"loc":{"start":{"line":76,"column":12},"end":{"line":80,"column":13}},"type":"if","locations":[{"start":{"line":76,"column":12},"end":{"line":80,"column":13}},{"start":{"line":78,"column":19},"end":{"line":80,"column":13}}],"line":76},"7":{"loc":{"start":{"line":89,"column":12},"end":{"line":93,"column":13}},"type":"if","locations":[{"start":{"line":89,"column":12},"end":{"line":93,"column":13}},{"start":{"line":91,"column":19},"end":{"line":93,"column":13}}],"line":89},"8":{"loc":{"start":{"line":102,"column":12},"end":{"line":117,"column":13}},"type":"if","locations":[{"start":{"line":102,"column":12},"end":{"line":117,"column":13}},{"start":{"line":104,"column":19},"end":{"line":117,"column":13}}],"line":102},"9":{"loc":{"start":{"line":104,"column":19},"end":{"line":117,"column":13}},"type":"if","locations":[{"start":{"line":104,"column":19},"end":{"line":117,"column":13}},{"start":{"line":107,"column":19},"end":{"line":117,"column":13}}],"line":104},"10":{"loc":{"start":{"line":109,"column":20},"end":{"line":115,"column":21}},"type":"if","locations":[{"start":{"line":109,"column":20},"end":{"line":115,"column":21}},{"start":{"line":112,"column":25},"end":{"line":115,"column":21}}],"line":109},"11":{"loc":{"start":{"line":126,"column":12},"end":{"line":130,"column":13}},"type":"if","locations":[{"start":{"line":126,"column":12},"end":{"line":130,"column":13}},{"start":{"line":128,"column":19},"end":{"line":130,"column":13}}],"line":126},"12":{"loc":{"start":{"line":139,"column":12},"end":{"line":143,"column":13}},"type":"if","locations":[{"start":{"line":139,"column":12},"end":{"line":143,"column":13}},{"start":{"line":141,"column":19},"end":{"line":143,"column":13}}],"line":139},"13":{"loc":{"start":{"line":153,"column":12},"end":{"line":156,"column":13}},"type":"if","locations":[{"start":{"line":153,"column":12},"end":{"line":156,"column":13}},{"start":{},"end":{}}],"line":153},"14":{"loc":{"start":{"line":163,"column":12},"end":{"line":166,"column":13}},"type":"if","locations":[{"start":{"line":163,"column":12},"end":{"line":166,"column":13}},{"start":{},"end":{}}],"line":163},"15":{"loc":{"start":{"line":178,"column":12},"end":{"line":181,"column":13}},"type":"if","locations":[{"start":{"line":178,"column":12},"end":{"line":181,"column":13}},{"start":{},"end":{}}],"line":178}},"s":{"0":2,"1":2,"2":2,"3":2,"4":0,"5":2,"6":33,"7":33,"8":33,"9":33,"10":0,"11":33,"12":2,"13":1,"14":1,"15":1,"16":1,"17":0,"18":1,"19":2,"20":2,"21":2,"22":2,"23":2,"24":0,"25":2,"26":2,"27":1,"28":1,"29":1,"30":1,"31":0,"32":1,"33":0,"34":1,"35":2,"36":2,"37":2,"38":2,"39":2,"40":0,"41":2,"42":2,"43":1,"44":1,"45":1,"46":1,"47":0,"48":1,"49":2,"50":2,"51":2,"52":2,"53":2,"54":0,"55":2,"56":0,"57":0,"58":2,"59":2,"60":1,"61":1,"62":1,"63":2,"64":1,"65":1,"66":1,"67":1,"68":0,"69":1,"70":2,"71":1,"72":1,"73":1,"74":1,"75":0,"76":1,"77":2,"78":17,"79":17,"80":17,"81":17,"82":0,"83":0,"84":17,"85":17,"86":17,"87":17,"88":0,"89":0,"90":17,"91":2,"92":1,"93":1,"94":1,"95":1,"96":0,"97":0,"98":1},"f":{"0":2,"1":33,"2":33,"3":33,"4":1,"5":1,"6":1,"7":2,"8":2,"9":2,"10":1,"11":1,"12":1,"13":2,"14":2,"15":2,"16":1,"17":1,"18":1,"19":2,"20":2,"21":2,"22":2,"23":1,"24":1,"25":1,"26":1,"27":1,"28":1,"29":17,"30":17,"31":17,"32":17,"33":1,"34":1,"35":1},"b":{"0":[0,2],"1":[0,33],"2":[0,1],"3":[0,2],"4":[0,1],"5":[0,1],"6":[0,2],"7":[0,1],"8":[0,2],"9":[0,2],"10":[1,1],"11":[0,1],"12":[0,1],"13":[0,17],"14":[0,17],"15":[0,1]},"_coverageSchema":"1a1c01bbd47fc00a2c39e90264f33305004495a9","hash":"4d3af6d4a18e5422d53a14a0e37383dfc0f5ea57"}
}
