{"C:\\Users\\user\\Desktop\\Cihan PoliTo\\2.Year\\Soft-eng II\\Project_v1\\HikeTracker\\server\\modules\\dao\\hikedao.js": {"path":"C:\\Users\\user\\Desktop\\Cihan PoliTo\\2.Year\\Soft-eng II\\Project_v1\\HikeTracker\\server\\modules\\dao\\hikedao.js","statementMap":{"0":{"start":{"line":6,"column":15},"end":{"line":6,"column":33}},"1":{"start":{"line":9,"column":11},"end":{"line":11,"column":2}},"2":{"start":{"line":10,"column":1},"end":{"line":10,"column":20}},"3":{"start":{"line":10,"column":10},"end":{"line":10,"column":20}},"4":{"start":{"line":14,"column":18},"end":{"line":14,"column":47}},"5":{"start":{"line":19,"column":0},"end":{"line":31,"column":2}},"6":{"start":{"line":20,"column":1},"end":{"line":30,"column":4}},"7":{"start":{"line":22,"column":3},"end":{"line":22,"column":363}},"8":{"start":{"line":23,"column":2},"end":{"line":29,"column":5}},"9":{"start":{"line":24,"column":3},"end":{"line":28,"column":4}},"10":{"start":{"line":24,"column":12},"end":{"line":24,"column":24}},"11":{"start":{"line":26,"column":18},"end":{"line":26,"column":38}},"12":{"start":{"line":27,"column":4},"end":{"line":27,"column":19}},"13":{"start":{"line":33,"column":0},"end":{"line":45,"column":2}},"14":{"start":{"line":34,"column":1},"end":{"line":44,"column":4}},"15":{"start":{"line":36,"column":3},"end":{"line":36,"column":36}},"16":{"start":{"line":38,"column":2},"end":{"line":43,"column":5}},"17":{"start":{"line":39,"column":3},"end":{"line":42,"column":4}},"18":{"start":{"line":39,"column":12},"end":{"line":39,"column":24}},"19":{"start":{"line":41,"column":4},"end":{"line":41,"column":17}},"20":{"start":{"line":47,"column":23},"end":{"line":137,"column":1}},"21":{"start":{"line":61,"column":16},"end":{"line":61,"column":20}},"22":{"start":{"line":62,"column":25},"end":{"line":62,"column":27}},"23":{"start":{"line":63,"column":15},"end":{"line":63,"column":17}},"24":{"start":{"line":64,"column":1},"end":{"line":120,"column":2}},"25":{"start":{"line":65,"column":2},"end":{"line":94,"column":3}},"26":{"start":{"line":66,"column":3},"end":{"line":82,"column":4}},"27":{"start":{"line":67,"column":4},"end":{"line":81,"column":7}},"28":{"start":{"line":83,"column":3},"end":{"line":83,"column":23}},"29":{"start":{"line":84,"column":3},"end":{"line":84,"column":25}},"30":{"start":{"line":85,"column":3},"end":{"line":85,"column":21}},"31":{"start":{"line":86,"column":3},"end":{"line":86,"column":41}},"32":{"start":{"line":87,"column":3},"end":{"line":87,"column":35}},"33":{"start":{"line":88,"column":3},"end":{"line":88,"column":41}},"34":{"start":{"line":89,"column":3},"end":{"line":89,"column":27}},"35":{"start":{"line":90,"column":3},"end":{"line":90,"column":39}},"36":{"start":{"line":91,"column":3},"end":{"line":91,"column":29}},"37":{"start":{"line":92,"column":3},"end":{"line":92,"column":41}},"38":{"start":{"line":93,"column":3},"end":{"line":93,"column":26}},"39":{"start":{"line":95,"column":2},"end":{"line":95,"column":19}},"40":{"start":{"line":96,"column":2},"end":{"line":102,"column":4}},"41":{"start":{"line":103,"column":2},"end":{"line":119,"column":3}},"42":{"start":{"line":105,"column":4},"end":{"line":105,"column":26}},"43":{"start":{"line":106,"column":4},"end":{"line":106,"column":10}},"44":{"start":{"line":108,"column":4},"end":{"line":108,"column":24}},"45":{"start":{"line":109,"column":4},"end":{"line":109,"column":10}},"46":{"start":{"line":111,"column":4},"end":{"line":111,"column":34}},"47":{"start":{"line":112,"column":4},"end":{"line":112,"column":10}},"48":{"start":{"line":114,"column":4},"end":{"line":114,"column":34}},"49":{"start":{"line":115,"column":4},"end":{"line":115,"column":10}},"50":{"start":{"line":117,"column":4},"end":{"line":117,"column":36}},"51":{"start":{"line":118,"column":4},"end":{"line":118,"column":40}},"52":{"start":{"line":121,"column":1},"end":{"line":135,"column":4}},"53":{"start":{"line":136,"column":1},"end":{"line":136,"column":14}},"54":{"start":{"line":142,"column":18},"end":{"line":142,"column":46}},"55":{"start":{"line":143,"column":18},"end":{"line":143,"column":45}},"56":{"start":{"line":144,"column":11},"end":{"line":144,"column":24}},"57":{"start":{"line":146,"column":0},"end":{"line":170,"column":1}},"58":{"start":{"line":147,"column":1},"end":{"line":167,"column":2}},"59":{"start":{"line":148,"column":28},"end":{"line":148,"column":91}},"60":{"start":{"line":150,"column":20},"end":{"line":150,"column":52}},"61":{"start":{"line":151,"column":22},"end":{"line":151,"column":64}},"62":{"start":{"line":152,"column":16},"end":{"line":152,"column":30}},"63":{"start":{"line":153,"column":14},"end":{"line":153,"column":47}},"64":{"start":{"line":154,"column":24},"end":{"line":157,"column":3}},"65":{"start":{"line":158,"column":22},"end":{"line":161,"column":3}},"66":{"start":{"line":162,"column":39},"end":{"line":162,"column":78}},"67":{"start":{"line":163,"column":13},"end":{"line":163,"column":41}},"68":{"start":{"line":164,"column":13},"end":{"line":164,"column":37}},"69":{"start":{"line":165,"column":21},"end":{"line":165,"column":47}},"70":{"start":{"line":166,"column":2},"end":{"line":166,"column":146}},"71":{"start":{"line":168,"column":1},"end":{"line":168,"column":11}},"72":{"start":{"line":173,"column":16},"end":{"line":173,"column":17}},"73":{"start":{"line":174,"column":14},"end":{"line":174,"column":15}},"74":{"start":{"line":175,"column":1},"end":{"line":181,"column":2}},"75":{"start":{"line":175,"column":14},"end":{"line":175,"column":15}},"76":{"start":{"line":176,"column":15},"end":{"line":176,"column":74}},"77":{"start":{"line":177,"column":15},"end":{"line":177,"column":78}},"78":{"start":{"line":178,"column":23},"end":{"line":178,"column":62}},"79":{"start":{"line":179,"column":2},"end":{"line":179,"column":55}},"80":{"start":{"line":180,"column":2},"end":{"line":180,"column":35}},"81":{"start":{"line":182,"column":1},"end":{"line":182,"column":54}},"82":{"start":{"line":187,"column":1},"end":{"line":198,"column":2}},"83":{"start":{"line":188,"column":2},"end":{"line":188,"column":11}},"84":{"start":{"line":190,"column":6},"end":{"line":198,"column":2}},"85":{"start":{"line":191,"column":2},"end":{"line":191,"column":11}},"86":{"start":{"line":193,"column":6},"end":{"line":198,"column":2}},"87":{"start":{"line":194,"column":2},"end":{"line":194,"column":11}},"88":{"start":{"line":197,"column":2},"end":{"line":197,"column":11}},"89":{"start":{"line":202,"column":1},"end":{"line":222,"column":2}},"90":{"start":{"line":203,"column":2},"end":{"line":203,"column":11}},"91":{"start":{"line":205,"column":6},"end":{"line":222,"column":2}},"92":{"start":{"line":206,"column":2},"end":{"line":206,"column":11}},"93":{"start":{"line":208,"column":6},"end":{"line":222,"column":2}},"94":{"start":{"line":209,"column":2},"end":{"line":209,"column":12}},"95":{"start":{"line":211,"column":6},"end":{"line":222,"column":2}},"96":{"start":{"line":212,"column":2},"end":{"line":212,"column":11}},"97":{"start":{"line":214,"column":6},"end":{"line":222,"column":2}},"98":{"start":{"line":215,"column":2},"end":{"line":215,"column":11}},"99":{"start":{"line":217,"column":6},"end":{"line":222,"column":2}},"100":{"start":{"line":218,"column":2},"end":{"line":218,"column":11}},"101":{"start":{"line":221,"column":2},"end":{"line":221,"column":11}},"102":{"start":{"line":227,"column":20},"end":{"line":227,"column":47}},"103":{"start":{"line":229,"column":1},"end":{"line":235,"column":2}},"104":{"start":{"line":230,"column":2},"end":{"line":230,"column":15}},"105":{"start":{"line":231,"column":8},"end":{"line":235,"column":2}},"106":{"start":{"line":232,"column":2},"end":{"line":232,"column":18}},"107":{"start":{"line":234,"column":2},"end":{"line":234,"column":20}},"108":{"start":{"line":238,"column":0},"end":{"line":248,"column":1}},"109":{"start":{"line":240,"column":1},"end":{"line":247,"column":4}},"110":{"start":{"line":241,"column":14},"end":{"line":241,"column":137}},"111":{"start":{"line":242,"column":2},"end":{"line":246,"column":5}},"112":{"start":{"line":243,"column":3},"end":{"line":245,"column":29}},"113":{"start":{"line":243,"column":12},"end":{"line":243,"column":24}},"114":{"start":{"line":245,"column":8},"end":{"line":245,"column":29}},"115":{"start":{"line":250,"column":0},"end":{"line":259,"column":1}},"116":{"start":{"line":252,"column":1},"end":{"line":258,"column":4}},"117":{"start":{"line":253,"column":14},"end":{"line":253,"column":56}},"118":{"start":{"line":254,"column":2},"end":{"line":257,"column":5}},"119":{"start":{"line":255,"column":3},"end":{"line":256,"column":18}},"120":{"start":{"line":255,"column":12},"end":{"line":255,"column":24}},"121":{"start":{"line":256,"column":8},"end":{"line":256,"column":18}},"122":{"start":{"line":262,"column":0},"end":{"line":281,"column":2}},"123":{"start":{"line":263,"column":1},"end":{"line":279,"column":3}},"124":{"start":{"line":264,"column":15},"end":{"line":264,"column":33}},"125":{"start":{"line":265,"column":15},"end":{"line":265,"column":67}},"126":{"start":{"line":266,"column":2},"end":{"line":278,"column":4}},"127":{"start":{"line":267,"column":3},"end":{"line":277,"column":4}},"128":{"start":{"line":267,"column":12},"end":{"line":267,"column":24}},"129":{"start":{"line":270,"column":4},"end":{"line":276,"column":7}},"130":{"start":{"line":271,"column":5},"end":{"line":275,"column":6}},"131":{"start":{"line":271,"column":14},"end":{"line":271,"column":25}},"132":{"start":{"line":274,"column":6},"end":{"line":274,"column":15}},"133":{"start":{"line":283,"column":0},"end":{"line":301,"column":2}},"134":{"start":{"line":284,"column":1},"end":{"line":299,"column":3}},"135":{"start":{"line":285,"column":15},"end":{"line":285,"column":34}},"136":{"start":{"line":286,"column":15},"end":{"line":286,"column":68}},"137":{"start":{"line":287,"column":2},"end":{"line":298,"column":4}},"138":{"start":{"line":288,"column":3},"end":{"line":297,"column":4}},"139":{"start":{"line":288,"column":12},"end":{"line":288,"column":24}},"140":{"start":{"line":291,"column":4},"end":{"line":296,"column":7}},"141":{"start":{"line":292,"column":5},"end":{"line":295,"column":6}},"142":{"start":{"line":292,"column":14},"end":{"line":292,"column":25}},"143":{"start":{"line":294,"column":6},"end":{"line":294,"column":15}},"144":{"start":{"line":303,"column":0},"end":{"line":320,"column":2}},"145":{"start":{"line":304,"column":1},"end":{"line":319,"column":3}},"146":{"start":{"line":305,"column":14},"end":{"line":305,"column":99}},"147":{"start":{"line":306,"column":2},"end":{"line":318,"column":5}},"148":{"start":{"line":313,"column":3},"end":{"line":317,"column":4}},"149":{"start":{"line":313,"column":12},"end":{"line":313,"column":24}},"150":{"start":{"line":316,"column":4},"end":{"line":316,"column":24}},"151":{"start":{"line":322,"column":0},"end":{"line":332,"column":2}},"152":{"start":{"line":323,"column":1},"end":{"line":331,"column":3}},"153":{"start":{"line":324,"column":14},"end":{"line":324,"column":106}},"154":{"start":{"line":325,"column":2},"end":{"line":330,"column":5}},"155":{"start":{"line":326,"column":3},"end":{"line":329,"column":4}},"156":{"start":{"line":326,"column":12},"end":{"line":326,"column":24}},"157":{"start":{"line":328,"column":4},"end":{"line":328,"column":24}},"158":{"start":{"line":334,"column":0},"end":{"line":344,"column":2}},"159":{"start":{"line":335,"column":1},"end":{"line":343,"column":3}},"160":{"start":{"line":336,"column":14},"end":{"line":336,"column":106}},"161":{"start":{"line":337,"column":2},"end":{"line":342,"column":5}},"162":{"start":{"line":338,"column":3},"end":{"line":341,"column":4}},"163":{"start":{"line":338,"column":12},"end":{"line":338,"column":24}},"164":{"start":{"line":340,"column":4},"end":{"line":340,"column":24}},"165":{"start":{"line":347,"column":0},"end":{"line":358,"column":2}},"166":{"start":{"line":348,"column":1},"end":{"line":356,"column":3}},"167":{"start":{"line":349,"column":15},"end":{"line":349,"column":39}},"168":{"start":{"line":350,"column":2},"end":{"line":355,"column":4}},"169":{"start":{"line":351,"column":3},"end":{"line":354,"column":4}},"170":{"start":{"line":351,"column":12},"end":{"line":351,"column":24}},"171":{"start":{"line":353,"column":4},"end":{"line":353,"column":26}},"172":{"start":{"line":360,"column":0},"end":{"line":370,"column":2}},"173":{"start":{"line":361,"column":1},"end":{"line":369,"column":3}},"174":{"start":{"line":362,"column":14},"end":{"line":362,"column":78}},"175":{"start":{"line":363,"column":2},"end":{"line":368,"column":5}},"176":{"start":{"line":364,"column":3},"end":{"line":367,"column":4}},"177":{"start":{"line":364,"column":12},"end":{"line":364,"column":24}},"178":{"start":{"line":366,"column":4},"end":{"line":366,"column":24}},"179":{"start":{"line":372,"column":0},"end":{"line":382,"column":2}},"180":{"start":{"line":373,"column":1},"end":{"line":381,"column":3}},"181":{"start":{"line":374,"column":14},"end":{"line":374,"column":51}},"182":{"start":{"line":375,"column":2},"end":{"line":380,"column":5}},"183":{"start":{"line":376,"column":3},"end":{"line":379,"column":4}},"184":{"start":{"line":376,"column":12},"end":{"line":376,"column":24}},"185":{"start":{"line":378,"column":4},"end":{"line":378,"column":13}},"186":{"start":{"line":384,"column":0},"end":{"line":394,"column":2}},"187":{"start":{"line":385,"column":1},"end":{"line":393,"column":3}},"188":{"start":{"line":386,"column":14},"end":{"line":386,"column":57}},"189":{"start":{"line":387,"column":2},"end":{"line":392,"column":5}},"190":{"start":{"line":388,"column":3},"end":{"line":391,"column":4}},"191":{"start":{"line":388,"column":12},"end":{"line":388,"column":24}},"192":{"start":{"line":390,"column":4},"end":{"line":390,"column":16}},"193":{"start":{"line":397,"column":0},"end":{"line":407,"column":2}},"194":{"start":{"line":398,"column":1},"end":{"line":406,"column":3}},"195":{"start":{"line":399,"column":14},"end":{"line":399,"column":113}},"196":{"start":{"line":400,"column":2},"end":{"line":405,"column":5}},"197":{"start":{"line":401,"column":3},"end":{"line":404,"column":4}},"198":{"start":{"line":401,"column":12},"end":{"line":401,"column":24}},"199":{"start":{"line":403,"column":4},"end":{"line":403,"column":17}},"200":{"start":{"line":410,"column":0},"end":{"line":420,"column":2}},"201":{"start":{"line":411,"column":1},"end":{"line":419,"column":3}},"202":{"start":{"line":412,"column":14},"end":{"line":412,"column":117}},"203":{"start":{"line":413,"column":2},"end":{"line":418,"column":5}},"204":{"start":{"line":414,"column":3},"end":{"line":417,"column":4}},"205":{"start":{"line":414,"column":12},"end":{"line":414,"column":24}},"206":{"start":{"line":416,"column":4},"end":{"line":416,"column":17}},"207":{"start":{"line":423,"column":0},"end":{"line":434,"column":2}},"208":{"start":{"line":424,"column":1},"end":{"line":432,"column":3}},"209":{"start":{"line":425,"column":15},"end":{"line":425,"column":32}},"210":{"start":{"line":426,"column":2},"end":{"line":431,"column":4}},"211":{"start":{"line":427,"column":3},"end":{"line":430,"column":4}},"212":{"start":{"line":427,"column":12},"end":{"line":427,"column":24}},"213":{"start":{"line":429,"column":4},"end":{"line":429,"column":13}},"214":{"start":{"line":436,"column":0},"end":{"line":446,"column":1}},"215":{"start":{"line":437,"column":1},"end":{"line":445,"column":3}},"216":{"start":{"line":438,"column":14},"end":{"line":438,"column":79}},"217":{"start":{"line":439,"column":2},"end":{"line":444,"column":4}},"218":{"start":{"line":440,"column":3},"end":{"line":443,"column":4}},"219":{"start":{"line":440,"column":12},"end":{"line":440,"column":23}},"220":{"start":{"line":442,"column":4},"end":{"line":442,"column":24}},"221":{"start":{"line":450,"column":0},"end":{"line":460,"column":1}},"222":{"start":{"line":451,"column":1},"end":{"line":459,"column":3}},"223":{"start":{"line":452,"column":14},"end":{"line":452,"column":82}},"224":{"start":{"line":453,"column":2},"end":{"line":458,"column":4}},"225":{"start":{"line":454,"column":3},"end":{"line":457,"column":4}},"226":{"start":{"line":454,"column":11},"end":{"line":454,"column":22}},"227":{"start":{"line":456,"column":4},"end":{"line":456,"column":24}},"228":{"start":{"line":462,"column":0},"end":{"line":472,"column":1}},"229":{"start":{"line":463,"column":1},"end":{"line":471,"column":3}},"230":{"start":{"line":464,"column":14},"end":{"line":464,"column":62}},"231":{"start":{"line":465,"column":2},"end":{"line":470,"column":4}},"232":{"start":{"line":466,"column":3},"end":{"line":469,"column":4}},"233":{"start":{"line":466,"column":11},"end":{"line":466,"column":22}},"234":{"start":{"line":468,"column":4},"end":{"line":468,"column":24}},"235":{"start":{"line":474,"column":0},"end":{"line":484,"column":1}},"236":{"start":{"line":475,"column":1},"end":{"line":483,"column":3}},"237":{"start":{"line":476,"column":14},"end":{"line":476,"column":87}},"238":{"start":{"line":477,"column":2},"end":{"line":482,"column":4}},"239":{"start":{"line":478,"column":3},"end":{"line":481,"column":4}},"240":{"start":{"line":478,"column":11},"end":{"line":478,"column":22}},"241":{"start":{"line":480,"column":4},"end":{"line":480,"column":17}},"242":{"start":{"line":486,"column":0},"end":{"line":496,"column":1}},"243":{"start":{"line":487,"column":1},"end":{"line":495,"column":3}},"244":{"start":{"line":488,"column":14},"end":{"line":488,"column":98}},"245":{"start":{"line":489,"column":2},"end":{"line":494,"column":4}},"246":{"start":{"line":490,"column":3},"end":{"line":493,"column":4}},"247":{"start":{"line":490,"column":11},"end":{"line":490,"column":22}},"248":{"start":{"line":492,"column":4},"end":{"line":492,"column":16}},"249":{"start":{"line":498,"column":0},"end":{"line":508,"column":1}},"250":{"start":{"line":499,"column":1},"end":{"line":507,"column":3}},"251":{"start":{"line":500,"column":14},"end":{"line":500,"column":555}},"252":{"start":{"line":501,"column":2},"end":{"line":506,"column":4}},"253":{"start":{"line":502,"column":3},"end":{"line":505,"column":4}},"254":{"start":{"line":502,"column":11},"end":{"line":502,"column":22}},"255":{"start":{"line":504,"column":4},"end":{"line":504,"column":16}},"256":{"start":{"line":510,"column":0},"end":{"line":520,"column":1}},"257":{"start":{"line":511,"column":1},"end":{"line":519,"column":3}},"258":{"start":{"line":512,"column":14},"end":{"line":512,"column":83}},"259":{"start":{"line":513,"column":2},"end":{"line":518,"column":4}},"260":{"start":{"line":514,"column":3},"end":{"line":517,"column":4}},"261":{"start":{"line":514,"column":11},"end":{"line":514,"column":22}},"262":{"start":{"line":516,"column":4},"end":{"line":516,"column":16}},"263":{"start":{"line":522,"column":0},"end":{"line":532,"column":1}},"264":{"start":{"line":523,"column":1},"end":{"line":531,"column":3}},"265":{"start":{"line":524,"column":14},"end":{"line":524,"column":102}},"266":{"start":{"line":525,"column":2},"end":{"line":530,"column":4}},"267":{"start":{"line":526,"column":3},"end":{"line":529,"column":4}},"268":{"start":{"line":526,"column":11},"end":{"line":526,"column":22}},"269":{"start":{"line":528,"column":4},"end":{"line":528,"column":16}},"270":{"start":{"line":535,"column":0},"end":{"line":546,"column":2}},"271":{"start":{"line":536,"column":1},"end":{"line":545,"column":4}},"272":{"start":{"line":538,"column":2},"end":{"line":538,"column":547}},"273":{"start":{"line":539,"column":2},"end":{"line":544,"column":5}},"274":{"start":{"line":540,"column":3},"end":{"line":543,"column":4}},"275":{"start":{"line":540,"column":12},"end":{"line":540,"column":24}},"276":{"start":{"line":542,"column":4},"end":{"line":542,"column":18}},"277":{"start":{"line":548,"column":0},"end":{"line":566,"column":2}},"278":{"start":{"line":549,"column":1},"end":{"line":565,"column":4}},"279":{"start":{"line":551,"column":3},"end":{"line":551,"column":26}},"280":{"start":{"line":552,"column":15},"end":{"line":552,"column":72}},"281":{"start":{"line":553,"column":2},"end":{"line":564,"column":4}},"282":{"start":{"line":554,"column":3},"end":{"line":563,"column":4}},"283":{"start":{"line":554,"column":12},"end":{"line":554,"column":24}},"284":{"start":{"line":557,"column":4},"end":{"line":562,"column":7}},"285":{"start":{"line":558,"column":5},"end":{"line":561,"column":6}},"286":{"start":{"line":558,"column":14},"end":{"line":558,"column":25}},"287":{"start":{"line":560,"column":6},"end":{"line":560,"column":15}}},"fnMap":{"0":{"name":"(anonymous_0)","decl":{"start":{"line":9,"column":49},"end":{"line":9,"column":50}},"loc":{"start":{"line":9,"column":58},"end":{"line":11,"column":1}},"line":9},"1":{"name":"(anonymous_1)","decl":{"start":{"line":19,"column":19},"end":{"line":19,"column":20}},"loc":{"start":{"line":19,"column":25},"end":{"line":31,"column":1}},"line":19},"2":{"name":"(anonymous_2)","decl":{"start":{"line":20,"column":20},"end":{"line":20,"column":21}},"loc":{"start":{"line":20,"column":41},"end":{"line":30,"column":2}},"line":20},"3":{"name":"(anonymous_3)","decl":{"start":{"line":23,"column":18},"end":{"line":23,"column":19}},"loc":{"start":{"line":23,"column":33},"end":{"line":29,"column":3}},"line":23},"4":{"name":"(anonymous_4)","decl":{"start":{"line":33,"column":22},"end":{"line":33,"column":23}},"loc":{"start":{"line":33,"column":30},"end":{"line":45,"column":1}},"line":33},"5":{"name":"(anonymous_5)","decl":{"start":{"line":34,"column":20},"end":{"line":34,"column":21}},"loc":{"start":{"line":34,"column":41},"end":{"line":44,"column":2}},"line":34},"6":{"name":"(anonymous_6)","decl":{"start":{"line":38,"column":20},"end":{"line":38,"column":21}},"loc":{"start":{"line":38,"column":34},"end":{"line":43,"column":3}},"line":38},"7":{"name":"(anonymous_7)","decl":{"start":{"line":47,"column":23},"end":{"line":47,"column":24}},"loc":{"start":{"line":47,"column":33},"end":{"line":137,"column":1}},"line":47},"8":{"name":"(anonymous_8)","decl":{"start":{"line":146,"column":21},"end":{"line":146,"column":22}},"loc":{"start":{"line":146,"column":31},"end":{"line":170,"column":1}},"line":146},"9":{"name":"calculateDistanceAndAscent","decl":{"start":{"line":172,"column":9},"end":{"line":172,"column":35}},"loc":{"start":{"line":172,"column":49},"end":{"line":183,"column":1}},"line":172},"10":{"name":"distanceScore","decl":{"start":{"line":185,"column":9},"end":{"line":185,"column":22}},"loc":{"start":{"line":185,"column":37},"end":{"line":199,"column":1}},"line":185},"11":{"name":"ascentScore","decl":{"start":{"line":201,"column":9},"end":{"line":201,"column":20}},"loc":{"start":{"line":201,"column":33},"end":{"line":223,"column":1}},"line":201},"12":{"name":"estimateDifficulty","decl":{"start":{"line":225,"column":9},"end":{"line":225,"column":27}},"loc":{"start":{"line":225,"column":56},"end":{"line":236,"column":1}},"line":225},"13":{"name":"(anonymous_13)","decl":{"start":{"line":238,"column":23},"end":{"line":238,"column":24}},"loc":{"start":{"line":238,"column":104},"end":{"line":248,"column":1}},"line":238},"14":{"name":"(anonymous_14)","decl":{"start":{"line":240,"column":20},"end":{"line":240,"column":21}},"loc":{"start":{"line":240,"column":41},"end":{"line":247,"column":2}},"line":240},"15":{"name":"(anonymous_15)","decl":{"start":{"line":242,"column":93},"end":{"line":242,"column":94}},"loc":{"start":{"line":242,"column":108},"end":{"line":246,"column":3}},"line":242},"16":{"name":"(anonymous_16)","decl":{"start":{"line":250,"column":20},"end":{"line":250,"column":21}},"loc":{"start":{"line":250,"column":37},"end":{"line":259,"column":1}},"line":250},"17":{"name":"(anonymous_17)","decl":{"start":{"line":252,"column":20},"end":{"line":252,"column":21}},"loc":{"start":{"line":252,"column":41},"end":{"line":258,"column":2}},"line":252},"18":{"name":"(anonymous_18)","decl":{"start":{"line":254,"column":29},"end":{"line":254,"column":30}},"loc":{"start":{"line":254,"column":44},"end":{"line":257,"column":3}},"line":254},"19":{"name":"(anonymous_19)","decl":{"start":{"line":262,"column":22},"end":{"line":262,"column":23}},"loc":{"start":{"line":262,"column":28},"end":{"line":281,"column":1}},"line":262},"20":{"name":"(anonymous_20)","decl":{"start":{"line":263,"column":20},"end":{"line":263,"column":21}},"loc":{"start":{"line":263,"column":41},"end":{"line":279,"column":2}},"line":263},"21":{"name":"(anonymous_21)","decl":{"start":{"line":266,"column":19},"end":{"line":266,"column":20}},"loc":{"start":{"line":266,"column":34},"end":{"line":278,"column":3}},"line":266},"22":{"name":"(anonymous_22)","decl":{"start":{"line":270,"column":21},"end":{"line":270,"column":22}},"loc":{"start":{"line":270,"column":36},"end":{"line":276,"column":5}},"line":270},"23":{"name":"(anonymous_23)","decl":{"start":{"line":283,"column":22},"end":{"line":283,"column":23}},"loc":{"start":{"line":283,"column":28},"end":{"line":301,"column":1}},"line":283},"24":{"name":"(anonymous_24)","decl":{"start":{"line":284,"column":20},"end":{"line":284,"column":21}},"loc":{"start":{"line":284,"column":41},"end":{"line":299,"column":2}},"line":284},"25":{"name":"(anonymous_25)","decl":{"start":{"line":287,"column":19},"end":{"line":287,"column":20}},"loc":{"start":{"line":287,"column":34},"end":{"line":298,"column":3}},"line":287},"26":{"name":"(anonymous_26)","decl":{"start":{"line":291,"column":21},"end":{"line":291,"column":22}},"loc":{"start":{"line":291,"column":36},"end":{"line":296,"column":5}},"line":291},"27":{"name":"(anonymous_27)","decl":{"start":{"line":303,"column":23},"end":{"line":303,"column":24}},"loc":{"start":{"line":303,"column":34},"end":{"line":320,"column":1}},"line":303},"28":{"name":"(anonymous_28)","decl":{"start":{"line":304,"column":20},"end":{"line":304,"column":21}},"loc":{"start":{"line":304,"column":41},"end":{"line":319,"column":2}},"line":304},"29":{"name":"(anonymous_29)","decl":{"start":{"line":312,"column":5},"end":{"line":312,"column":6}},"loc":{"start":{"line":312,"column":20},"end":{"line":318,"column":3}},"line":312},"30":{"name":"(anonymous_30)","decl":{"start":{"line":322,"column":20},"end":{"line":322,"column":21}},"loc":{"start":{"line":322,"column":30},"end":{"line":332,"column":1}},"line":322},"31":{"name":"(anonymous_31)","decl":{"start":{"line":323,"column":20},"end":{"line":323,"column":21}},"loc":{"start":{"line":323,"column":41},"end":{"line":331,"column":2}},"line":323},"32":{"name":"(anonymous_32)","decl":{"start":{"line":325,"column":124},"end":{"line":325,"column":125}},"loc":{"start":{"line":325,"column":139},"end":{"line":330,"column":3}},"line":325},"33":{"name":"(anonymous_33)","decl":{"start":{"line":334,"column":24},"end":{"line":334,"column":25}},"loc":{"start":{"line":334,"column":34},"end":{"line":344,"column":1}},"line":334},"34":{"name":"(anonymous_34)","decl":{"start":{"line":335,"column":20},"end":{"line":335,"column":21}},"loc":{"start":{"line":335,"column":41},"end":{"line":343,"column":2}},"line":335},"35":{"name":"(anonymous_35)","decl":{"start":{"line":337,"column":95},"end":{"line":337,"column":96}},"loc":{"start":{"line":337,"column":110},"end":{"line":342,"column":3}},"line":337},"36":{"name":"(anonymous_36)","decl":{"start":{"line":347,"column":27},"end":{"line":347,"column":28}},"loc":{"start":{"line":347,"column":33},"end":{"line":358,"column":1}},"line":347},"37":{"name":"(anonymous_37)","decl":{"start":{"line":348,"column":20},"end":{"line":348,"column":21}},"loc":{"start":{"line":348,"column":41},"end":{"line":356,"column":2}},"line":348},"38":{"name":"(anonymous_38)","decl":{"start":{"line":350,"column":19},"end":{"line":350,"column":20}},"loc":{"start":{"line":350,"column":34},"end":{"line":355,"column":3}},"line":350},"39":{"name":"(anonymous_39)","decl":{"start":{"line":360,"column":25},"end":{"line":360,"column":26}},"loc":{"start":{"line":360,"column":52},"end":{"line":370,"column":1}},"line":360},"40":{"name":"(anonymous_40)","decl":{"start":{"line":361,"column":20},"end":{"line":361,"column":21}},"loc":{"start":{"line":361,"column":41},"end":{"line":369,"column":2}},"line":361},"41":{"name":"(anonymous_41)","decl":{"start":{"line":363,"column":39},"end":{"line":363,"column":40}},"loc":{"start":{"line":363,"column":54},"end":{"line":368,"column":3}},"line":363},"42":{"name":"(anonymous_42)","decl":{"start":{"line":372,"column":19},"end":{"line":372,"column":20}},"loc":{"start":{"line":372,"column":28},"end":{"line":382,"column":1}},"line":372},"43":{"name":"(anonymous_43)","decl":{"start":{"line":373,"column":20},"end":{"line":373,"column":21}},"loc":{"start":{"line":373,"column":41},"end":{"line":381,"column":2}},"line":373},"44":{"name":"(anonymous_44)","decl":{"start":{"line":375,"column":21},"end":{"line":375,"column":22}},"loc":{"start":{"line":375,"column":36},"end":{"line":380,"column":3}},"line":375},"45":{"name":"(anonymous_45)","decl":{"start":{"line":384,"column":29},"end":{"line":384,"column":30}},"loc":{"start":{"line":384,"column":37},"end":{"line":394,"column":1}},"line":384},"46":{"name":"(anonymous_46)","decl":{"start":{"line":385,"column":20},"end":{"line":385,"column":21}},"loc":{"start":{"line":385,"column":41},"end":{"line":393,"column":2}},"line":385},"47":{"name":"(anonymous_47)","decl":{"start":{"line":387,"column":20},"end":{"line":387,"column":21}},"loc":{"start":{"line":387,"column":40},"end":{"line":392,"column":3}},"line":387},"48":{"name":"(anonymous_48)","decl":{"start":{"line":397,"column":24},"end":{"line":397,"column":25}},"loc":{"start":{"line":397,"column":30},"end":{"line":407,"column":1}},"line":397},"49":{"name":"(anonymous_49)","decl":{"start":{"line":398,"column":20},"end":{"line":398,"column":21}},"loc":{"start":{"line":398,"column":41},"end":{"line":406,"column":2}},"line":398},"50":{"name":"(anonymous_50)","decl":{"start":{"line":400,"column":18},"end":{"line":400,"column":19}},"loc":{"start":{"line":400,"column":39},"end":{"line":405,"column":3}},"line":400},"51":{"name":"(anonymous_51)","decl":{"start":{"line":410,"column":27},"end":{"line":410,"column":28}},"loc":{"start":{"line":410,"column":33},"end":{"line":420,"column":1}},"line":410},"52":{"name":"(anonymous_52)","decl":{"start":{"line":411,"column":20},"end":{"line":411,"column":21}},"loc":{"start":{"line":411,"column":41},"end":{"line":419,"column":2}},"line":411},"53":{"name":"(anonymous_53)","decl":{"start":{"line":413,"column":18},"end":{"line":413,"column":19}},"loc":{"start":{"line":413,"column":39},"end":{"line":418,"column":3}},"line":413},"54":{"name":"(anonymous_54)","decl":{"start":{"line":423,"column":20},"end":{"line":423,"column":21}},"loc":{"start":{"line":423,"column":26},"end":{"line":434,"column":1}},"line":423},"55":{"name":"(anonymous_55)","decl":{"start":{"line":424,"column":20},"end":{"line":424,"column":21}},"loc":{"start":{"line":424,"column":41},"end":{"line":432,"column":2}},"line":424},"56":{"name":"(anonymous_56)","decl":{"start":{"line":426,"column":19},"end":{"line":426,"column":20}},"loc":{"start":{"line":426,"column":34},"end":{"line":431,"column":3}},"line":426},"57":{"name":"(anonymous_57)","decl":{"start":{"line":436,"column":26},"end":{"line":436,"column":27}},"loc":{"start":{"line":436,"column":53},"end":{"line":446,"column":1}},"line":436},"58":{"name":"(anonymous_58)","decl":{"start":{"line":437,"column":20},"end":{"line":437,"column":21}},"loc":{"start":{"line":437,"column":41},"end":{"line":445,"column":2}},"line":437},"59":{"name":"(anonymous_59)","decl":{"start":{"line":439,"column":39},"end":{"line":439,"column":40}},"loc":{"start":{"line":439,"column":54},"end":{"line":444,"column":3}},"line":439},"60":{"name":"(anonymous_60)","decl":{"start":{"line":450,"column":26},"end":{"line":450,"column":27}},"loc":{"start":{"line":450,"column":52},"end":{"line":460,"column":1}},"line":450},"61":{"name":"(anonymous_61)","decl":{"start":{"line":451,"column":20},"end":{"line":451,"column":21}},"loc":{"start":{"line":451,"column":41},"end":{"line":459,"column":2}},"line":451},"62":{"name":"(anonymous_62)","decl":{"start":{"line":453,"column":39},"end":{"line":453,"column":40}},"loc":{"start":{"line":453,"column":53},"end":{"line":458,"column":3}},"line":453},"63":{"name":"(anonymous_63)","decl":{"start":{"line":462,"column":24},"end":{"line":462,"column":25}},"loc":{"start":{"line":462,"column":38},"end":{"line":472,"column":1}},"line":462},"64":{"name":"(anonymous_64)","decl":{"start":{"line":463,"column":20},"end":{"line":463,"column":21}},"loc":{"start":{"line":463,"column":41},"end":{"line":471,"column":2}},"line":463},"65":{"name":"(anonymous_65)","decl":{"start":{"line":465,"column":26},"end":{"line":465,"column":27}},"loc":{"start":{"line":465,"column":40},"end":{"line":470,"column":3}},"line":465},"66":{"name":"(anonymous_66)","decl":{"start":{"line":474,"column":36},"end":{"line":474,"column":37}},"loc":{"start":{"line":474,"column":48},"end":{"line":484,"column":1}},"line":474},"67":{"name":"(anonymous_67)","decl":{"start":{"line":475,"column":20},"end":{"line":475,"column":21}},"loc":{"start":{"line":475,"column":41},"end":{"line":483,"column":2}},"line":475},"68":{"name":"(anonymous_68)","decl":{"start":{"line":477,"column":24},"end":{"line":477,"column":25}},"loc":{"start":{"line":477,"column":45},"end":{"line":482,"column":3}},"line":477},"69":{"name":"(anonymous_69)","decl":{"start":{"line":486,"column":39},"end":{"line":486,"column":40}},"loc":{"start":{"line":486,"column":51},"end":{"line":496,"column":1}},"line":486},"70":{"name":"(anonymous_70)","decl":{"start":{"line":487,"column":20},"end":{"line":487,"column":21}},"loc":{"start":{"line":487,"column":41},"end":{"line":495,"column":2}},"line":487},"71":{"name":"(anonymous_71)","decl":{"start":{"line":489,"column":24},"end":{"line":489,"column":25}},"loc":{"start":{"line":489,"column":44},"end":{"line":494,"column":3}},"line":489},"72":{"name":"(anonymous_72)","decl":{"start":{"line":498,"column":36},"end":{"line":498,"column":37}},"loc":{"start":{"line":498,"column":48},"end":{"line":508,"column":1}},"line":498},"73":{"name":"(anonymous_73)","decl":{"start":{"line":499,"column":20},"end":{"line":499,"column":21}},"loc":{"start":{"line":499,"column":41},"end":{"line":507,"column":2}},"line":499},"74":{"name":"(anonymous_74)","decl":{"start":{"line":501,"column":24},"end":{"line":501,"column":25}},"loc":{"start":{"line":501,"column":44},"end":{"line":506,"column":3}},"line":501},"75":{"name":"(anonymous_75)","decl":{"start":{"line":510,"column":30},"end":{"line":510,"column":31}},"loc":{"start":{"line":510,"column":38},"end":{"line":520,"column":1}},"line":510},"76":{"name":"(anonymous_76)","decl":{"start":{"line":511,"column":20},"end":{"line":511,"column":21}},"loc":{"start":{"line":511,"column":41},"end":{"line":519,"column":2}},"line":511},"77":{"name":"(anonymous_77)","decl":{"start":{"line":513,"column":20},"end":{"line":513,"column":21}},"loc":{"start":{"line":513,"column":40},"end":{"line":518,"column":3}},"line":513},"78":{"name":"(anonymous_78)","decl":{"start":{"line":522,"column":27},"end":{"line":522,"column":28}},"loc":{"start":{"line":522,"column":47},"end":{"line":532,"column":1}},"line":522},"79":{"name":"(anonymous_79)","decl":{"start":{"line":523,"column":20},"end":{"line":523,"column":21}},"loc":{"start":{"line":523,"column":41},"end":{"line":531,"column":2}},"line":523},"80":{"name":"(anonymous_80)","decl":{"start":{"line":525,"column":32},"end":{"line":525,"column":33}},"loc":{"start":{"line":525,"column":52},"end":{"line":530,"column":3}},"line":525},"81":{"name":"(anonymous_81)","decl":{"start":{"line":535,"column":35},"end":{"line":535,"column":36}},"loc":{"start":{"line":535,"column":47},"end":{"line":546,"column":1}},"line":535},"82":{"name":"(anonymous_82)","decl":{"start":{"line":536,"column":20},"end":{"line":536,"column":21}},"loc":{"start":{"line":536,"column":41},"end":{"line":545,"column":2}},"line":536},"83":{"name":"(anonymous_83)","decl":{"start":{"line":539,"column":24},"end":{"line":539,"column":25}},"loc":{"start":{"line":539,"column":39},"end":{"line":544,"column":3}},"line":539},"84":{"name":"(anonymous_84)","decl":{"start":{"line":548,"column":25},"end":{"line":548,"column":26}},"loc":{"start":{"line":548,"column":31},"end":{"line":566,"column":1}},"line":548},"85":{"name":"(anonymous_85)","decl":{"start":{"line":549,"column":20},"end":{"line":549,"column":21}},"loc":{"start":{"line":549,"column":41},"end":{"line":565,"column":2}},"line":549},"86":{"name":"(anonymous_86)","decl":{"start":{"line":553,"column":19},"end":{"line":553,"column":20}},"loc":{"start":{"line":553,"column":34},"end":{"line":564,"column":3}},"line":553},"87":{"name":"(anonymous_87)","decl":{"start":{"line":557,"column":21},"end":{"line":557,"column":22}},"loc":{"start":{"line":557,"column":36},"end":{"line":562,"column":5}},"line":557}},"branchMap":{"0":{"loc":{"start":{"line":10,"column":1},"end":{"line":10,"column":20}},"type":"if","locations":[{"start":{"line":10,"column":1},"end":{"line":10,"column":20}},{"start":{},"end":{}}],"line":10},"1":{"loc":{"start":{"line":24,"column":3},"end":{"line":28,"column":4}},"type":"if","locations":[{"start":{"line":24,"column":3},"end":{"line":28,"column":4}},{"start":{"line":25,"column":8},"end":{"line":28,"column":4}}],"line":24},"2":{"loc":{"start":{"line":39,"column":3},"end":{"line":42,"column":4}},"type":"if","locations":[{"start":{"line":39,"column":3},"end":{"line":42,"column":4}},{"start":{"line":40,"column":8},"end":{"line":42,"column":4}}],"line":39},"3":{"loc":{"start":{"line":65,"column":2},"end":{"line":94,"column":3}},"type":"if","locations":[{"start":{"line":65,"column":2},"end":{"line":94,"column":3}},{"start":{},"end":{}}],"line":65},"4":{"loc":{"start":{"line":66,"column":3},"end":{"line":82,"column":4}},"type":"if","locations":[{"start":{"line":66,"column":3},"end":{"line":82,"column":4}},{"start":{},"end":{}}],"line":66},"5":{"loc":{"start":{"line":103,"column":2},"end":{"line":119,"column":3}},"type":"switch","locations":[{"start":{"line":104,"column":3},"end":{"line":106,"column":10}},{"start":{"line":107,"column":3},"end":{"line":109,"column":10}},{"start":{"line":110,"column":3},"end":{"line":112,"column":10}},{"start":{"line":113,"column":3},"end":{"line":115,"column":10}},{"start":{"line":116,"column":3},"end":{"line":118,"column":40}}],"line":103},"6":{"loc":{"start":{"line":147,"column":1},"end":{"line":167,"column":2}},"type":"if","locations":[{"start":{"line":147,"column":1},"end":{"line":167,"column":2}},{"start":{},"end":{}}],"line":147},"7":{"loc":{"start":{"line":187,"column":1},"end":{"line":198,"column":2}},"type":"if","locations":[{"start":{"line":187,"column":1},"end":{"line":198,"column":2}},{"start":{"line":190,"column":6},"end":{"line":198,"column":2}}],"line":187},"8":{"loc":{"start":{"line":190,"column":6},"end":{"line":198,"column":2}},"type":"if","locations":[{"start":{"line":190,"column":6},"end":{"line":198,"column":2}},{"start":{"line":193,"column":6},"end":{"line":198,"column":2}}],"line":190},"9":{"loc":{"start":{"line":190,"column":10},"end":{"line":190,"column":49}},"type":"binary-expr","locations":[{"start":{"line":190,"column":10},"end":{"line":190,"column":28}},{"start":{"line":190,"column":32},"end":{"line":190,"column":49}}],"line":190},"10":{"loc":{"start":{"line":193,"column":6},"end":{"line":198,"column":2}},"type":"if","locations":[{"start":{"line":193,"column":6},"end":{"line":198,"column":2}},{"start":{"line":196,"column":6},"end":{"line":198,"column":2}}],"line":193},"11":{"loc":{"start":{"line":193,"column":10},"end":{"line":193,"column":50}},"type":"binary-expr","locations":[{"start":{"line":193,"column":10},"end":{"line":193,"column":28}},{"start":{"line":193,"column":32},"end":{"line":193,"column":50}}],"line":193},"12":{"loc":{"start":{"line":202,"column":1},"end":{"line":222,"column":2}},"type":"if","locations":[{"start":{"line":202,"column":1},"end":{"line":222,"column":2}},{"start":{"line":205,"column":6},"end":{"line":222,"column":2}}],"line":202},"13":{"loc":{"start":{"line":202,"column":5},"end":{"line":202,"column":42}},"type":"binary-expr","locations":[{"start":{"line":202,"column":5},"end":{"line":202,"column":20}},{"start":{"line":202,"column":24},"end":{"line":202,"column":42}}],"line":202},"14":{"loc":{"start":{"line":205,"column":6},"end":{"line":222,"column":2}},"type":"if","locations":[{"start":{"line":205,"column":6},"end":{"line":222,"column":2}},{"start":{"line":208,"column":6},"end":{"line":222,"column":2}}],"line":205},"15":{"loc":{"start":{"line":205,"column":10},"end":{"line":205,"column":51}},"type":"binary-expr","locations":[{"start":{"line":205,"column":10},"end":{"line":205,"column":29}},{"start":{"line":205,"column":33},"end":{"line":205,"column":51}}],"line":205},"16":{"loc":{"start":{"line":208,"column":6},"end":{"line":222,"column":2}},"type":"if","locations":[{"start":{"line":208,"column":6},"end":{"line":222,"column":2}},{"start":{"line":211,"column":6},"end":{"line":222,"column":2}}],"line":208},"17":{"loc":{"start":{"line":211,"column":6},"end":{"line":222,"column":2}},"type":"if","locations":[{"start":{"line":211,"column":6},"end":{"line":222,"column":2}},{"start":{"line":214,"column":6},"end":{"line":222,"column":2}}],"line":211},"18":{"loc":{"start":{"line":211,"column":10},"end":{"line":211,"column":47}},"type":"binary-expr","locations":[{"start":{"line":211,"column":10},"end":{"line":211,"column":26}},{"start":{"line":211,"column":30},"end":{"line":211,"column":47}}],"line":211},"19":{"loc":{"start":{"line":214,"column":6},"end":{"line":222,"column":2}},"type":"if","locations":[{"start":{"line":214,"column":6},"end":{"line":222,"column":2}},{"start":{"line":217,"column":6},"end":{"line":222,"column":2}}],"line":214},"20":{"loc":{"start":{"line":214,"column":10},"end":{"line":214,"column":49}},"type":"binary-expr","locations":[{"start":{"line":214,"column":10},"end":{"line":214,"column":28}},{"start":{"line":214,"column":32},"end":{"line":214,"column":49}}],"line":214},"21":{"loc":{"start":{"line":217,"column":6},"end":{"line":222,"column":2}},"type":"if","locations":[{"start":{"line":217,"column":6},"end":{"line":222,"column":2}},{"start":{"line":220,"column":6},"end":{"line":222,"column":2}}],"line":217},"22":{"loc":{"start":{"line":217,"column":10},"end":{"line":217,"column":49}},"type":"binary-expr","locations":[{"start":{"line":217,"column":10},"end":{"line":217,"column":28}},{"start":{"line":217,"column":32},"end":{"line":217,"column":49}}],"line":217},"23":{"loc":{"start":{"line":229,"column":1},"end":{"line":235,"column":2}},"type":"if","locations":[{"start":{"line":229,"column":1},"end":{"line":235,"column":2}},{"start":{"line":231,"column":8},"end":{"line":235,"column":2}}],"line":229},"24":{"loc":{"start":{"line":231,"column":8},"end":{"line":235,"column":2}},"type":"if","locations":[{"start":{"line":231,"column":8},"end":{"line":235,"column":2}},{"start":{"line":233,"column":8},"end":{"line":235,"column":2}}],"line":231},"25":{"loc":{"start":{"line":231,"column":12},"end":{"line":231,"column":46}},"type":"binary-expr","locations":[{"start":{"line":231,"column":12},"end":{"line":231,"column":27}},{"start":{"line":231,"column":31},"end":{"line":231,"column":46}}],"line":231},"26":{"loc":{"start":{"line":243,"column":3},"end":{"line":245,"column":29}},"type":"if","locations":[{"start":{"line":243,"column":3},"end":{"line":245,"column":29}},{"start":{"line":245,"column":8},"end":{"line":245,"column":29}}],"line":243},"27":{"loc":{"start":{"line":255,"column":3},"end":{"line":256,"column":18}},"type":"if","locations":[{"start":{"line":255,"column":3},"end":{"line":256,"column":18}},{"start":{"line":256,"column":8},"end":{"line":256,"column":18}}],"line":255},"28":{"loc":{"start":{"line":267,"column":3},"end":{"line":277,"column":4}},"type":"if","locations":[{"start":{"line":267,"column":3},"end":{"line":277,"column":4}},{"start":{"line":269,"column":8},"end":{"line":277,"column":4}}],"line":267},"29":{"loc":{"start":{"line":271,"column":5},"end":{"line":275,"column":6}},"type":"if","locations":[{"start":{"line":271,"column":5},"end":{"line":275,"column":6}},{"start":{"line":273,"column":10},"end":{"line":275,"column":6}}],"line":271},"30":{"loc":{"start":{"line":288,"column":3},"end":{"line":297,"column":4}},"type":"if","locations":[{"start":{"line":288,"column":3},"end":{"line":297,"column":4}},{"start":{"line":290,"column":8},"end":{"line":297,"column":4}}],"line":288},"31":{"loc":{"start":{"line":292,"column":5},"end":{"line":295,"column":6}},"type":"if","locations":[{"start":{"line":292,"column":5},"end":{"line":295,"column":6}},{"start":{"line":293,"column":10},"end":{"line":295,"column":6}}],"line":292},"32":{"loc":{"start":{"line":313,"column":3},"end":{"line":317,"column":4}},"type":"if","locations":[{"start":{"line":313,"column":3},"end":{"line":317,"column":4}},{"start":{"line":315,"column":8},"end":{"line":317,"column":4}}],"line":313},"33":{"loc":{"start":{"line":326,"column":3},"end":{"line":329,"column":4}},"type":"if","locations":[{"start":{"line":326,"column":3},"end":{"line":329,"column":4}},{"start":{"line":327,"column":8},"end":{"line":329,"column":4}}],"line":326},"34":{"loc":{"start":{"line":338,"column":3},"end":{"line":341,"column":4}},"type":"if","locations":[{"start":{"line":338,"column":3},"end":{"line":341,"column":4}},{"start":{"line":339,"column":8},"end":{"line":341,"column":4}}],"line":338},"35":{"loc":{"start":{"line":351,"column":3},"end":{"line":354,"column":4}},"type":"if","locations":[{"start":{"line":351,"column":3},"end":{"line":354,"column":4}},{"start":{"line":352,"column":8},"end":{"line":354,"column":4}}],"line":351},"36":{"loc":{"start":{"line":364,"column":3},"end":{"line":367,"column":4}},"type":"if","locations":[{"start":{"line":364,"column":3},"end":{"line":367,"column":4}},{"start":{"line":365,"column":8},"end":{"line":367,"column":4}}],"line":364},"37":{"loc":{"start":{"line":376,"column":3},"end":{"line":379,"column":4}},"type":"if","locations":[{"start":{"line":376,"column":3},"end":{"line":379,"column":4}},{"start":{"line":377,"column":8},"end":{"line":379,"column":4}}],"line":376},"38":{"loc":{"start":{"line":388,"column":3},"end":{"line":391,"column":4}},"type":"if","locations":[{"start":{"line":388,"column":3},"end":{"line":391,"column":4}},{"start":{"line":389,"column":8},"end":{"line":391,"column":4}}],"line":388},"39":{"loc":{"start":{"line":401,"column":3},"end":{"line":404,"column":4}},"type":"if","locations":[{"start":{"line":401,"column":3},"end":{"line":404,"column":4}},{"start":{"line":402,"column":8},"end":{"line":404,"column":4}}],"line":401},"40":{"loc":{"start":{"line":414,"column":3},"end":{"line":417,"column":4}},"type":"if","locations":[{"start":{"line":414,"column":3},"end":{"line":417,"column":4}},{"start":{"line":415,"column":8},"end":{"line":417,"column":4}}],"line":414},"41":{"loc":{"start":{"line":427,"column":3},"end":{"line":430,"column":4}},"type":"if","locations":[{"start":{"line":427,"column":3},"end":{"line":430,"column":4}},{"start":{"line":428,"column":8},"end":{"line":430,"column":4}}],"line":427},"42":{"loc":{"start":{"line":440,"column":3},"end":{"line":443,"column":4}},"type":"if","locations":[{"start":{"line":440,"column":3},"end":{"line":443,"column":4}},{"start":{"line":441,"column":8},"end":{"line":443,"column":4}}],"line":440},"43":{"loc":{"start":{"line":454,"column":3},"end":{"line":457,"column":4}},"type":"if","locations":[{"start":{"line":454,"column":3},"end":{"line":457,"column":4}},{"start":{"line":455,"column":8},"end":{"line":457,"column":4}}],"line":454},"44":{"loc":{"start":{"line":466,"column":3},"end":{"line":469,"column":4}},"type":"if","locations":[{"start":{"line":466,"column":3},"end":{"line":469,"column":4}},{"start":{"line":467,"column":8},"end":{"line":469,"column":4}}],"line":466},"45":{"loc":{"start":{"line":478,"column":3},"end":{"line":481,"column":4}},"type":"if","locations":[{"start":{"line":478,"column":3},"end":{"line":481,"column":4}},{"start":{"line":479,"column":8},"end":{"line":481,"column":4}}],"line":478},"46":{"loc":{"start":{"line":490,"column":3},"end":{"line":493,"column":4}},"type":"if","locations":[{"start":{"line":490,"column":3},"end":{"line":493,"column":4}},{"start":{"line":491,"column":8},"end":{"line":493,"column":4}}],"line":490},"47":{"loc":{"start":{"line":502,"column":3},"end":{"line":505,"column":4}},"type":"if","locations":[{"start":{"line":502,"column":3},"end":{"line":505,"column":4}},{"start":{"line":503,"column":8},"end":{"line":505,"column":4}}],"line":502},"48":{"loc":{"start":{"line":514,"column":3},"end":{"line":517,"column":4}},"type":"if","locations":[{"start":{"line":514,"column":3},"end":{"line":517,"column":4}},{"start":{"line":515,"column":8},"end":{"line":517,"column":4}}],"line":514},"49":{"loc":{"start":{"line":526,"column":3},"end":{"line":529,"column":4}},"type":"if","locations":[{"start":{"line":526,"column":3},"end":{"line":529,"column":4}},{"start":{"line":527,"column":8},"end":{"line":529,"column":4}}],"line":526},"50":{"loc":{"start":{"line":540,"column":3},"end":{"line":543,"column":4}},"type":"if","locations":[{"start":{"line":540,"column":3},"end":{"line":543,"column":4}},{"start":{"line":541,"column":8},"end":{"line":543,"column":4}}],"line":540},"51":{"loc":{"start":{"line":554,"column":3},"end":{"line":563,"column":4}},"type":"if","locations":[{"start":{"line":554,"column":3},"end":{"line":563,"column":4}},{"start":{"line":556,"column":8},"end":{"line":563,"column":4}}],"line":554},"52":{"loc":{"start":{"line":558,"column":5},"end":{"line":561,"column":6}},"type":"if","locations":[{"start":{"line":558,"column":5},"end":{"line":561,"column":6}},{"start":{"line":559,"column":10},"end":{"line":561,"column":6}}],"line":558}},"s":{"0":4,"1":4,"2":4,"3":0,"4":4,"5":4,"6":1,"7":1,"8":1,"9":1,"10":0,"11":1,"12":1,"13":4,"14":2,"15":2,"16":2,"17":2,"18":0,"19":2,"20":4,"21":1,"22":1,"23":1,"24":1,"25":8,"26":4,"27":3,"28":4,"29":4,"30":4,"31":4,"32":4,"33":4,"34":4,"35":4,"36":4,"37":4,"38":4,"39":8,"40":8,"41":8,"42":4,"43":4,"44":4,"45":4,"46":0,"47":0,"48":0,"49":0,"50":0,"51":0,"52":1,"53":1,"54":4,"55":4,"56":4,"57":4,"58":1,"59":1,"60":1,"61":1,"62":1,"63":1,"64":1,"65":1,"66":1,"67":1,"68":1,"69":1,"70":1,"71":0,"72":1,"73":1,"74":1,"75":1,"76":494,"77":494,"78":494,"79":494,"80":494,"81":1,"82":1,"83":0,"84":1,"85":0,"86":1,"87":0,"88":1,"89":1,"90":0,"91":1,"92":0,"93":1,"94":1,"95":0,"96":0,"97":0,"98":0,"99":0,"100":0,"101":0,"102":1,"103":1,"104":0,"105":1,"106":0,"107":1,"108":4,"109":75,"110":75,"111":75,"112":75,"113":0,"114":75,"115":4,"116":69,"117":69,"118":69,"119":69,"120":0,"121":69,"122":4,"123":22,"124":22,"125":22,"126":22,"127":22,"128":0,"129":22,"130":22,"131":0,"132":22,"133":4,"134":33,"135":33,"136":33,"137":33,"138":33,"139":0,"140":33,"141":33,"142":0,"143":33,"144":4,"145":38,"146":38,"147":38,"148":38,"149":0,"150":38,"151":4,"152":82,"153":82,"154":82,"155":82,"156":0,"157":82,"158":4,"159":19,"160":19,"161":19,"162":19,"163":0,"164":19,"165":4,"166":22,"167":22,"168":22,"169":22,"170":0,"171":22,"172":4,"173":164,"174":164,"175":164,"176":164,"177":0,"178":164,"179":4,"180":18,"181":18,"182":18,"183":18,"184":0,"185":18,"186":4,"187":2,"188":2,"189":2,"190":2,"191":0,"192":2,"193":4,"194":1,"195":1,"196":1,"197":1,"198":0,"199":1,"200":4,"201":1,"202":1,"203":1,"204":1,"205":0,"206":1,"207":4,"208":17,"209":17,"210":17,"211":17,"212":0,"213":17,"214":4,"215":1,"216":1,"217":1,"218":1,"219":0,"220":1,"221":4,"222":36,"223":36,"224":36,"225":36,"226":0,"227":36,"228":4,"229":18,"230":18,"231":18,"232":18,"233":0,"234":18,"235":4,"236":1,"237":1,"238":1,"239":1,"240":0,"241":1,"242":4,"243":1,"244":1,"245":1,"246":1,"247":0,"248":1,"249":4,"250":1,"251":1,"252":1,"253":1,"254":0,"255":1,"256":4,"257":3,"258":3,"259":3,"260":3,"261":0,"262":3,"263":4,"264":1,"265":1,"266":1,"267":1,"268":0,"269":1,"270":4,"271":1,"272":1,"273":1,"274":1,"275":0,"276":1,"277":4,"278":17,"279":17,"280":17,"281":17,"282":17,"283":0,"284":17,"285":17,"286":0,"287":17},"f":{"0":4,"1":1,"2":1,"3":1,"4":2,"5":2,"6":2,"7":1,"8":1,"9":1,"10":1,"11":1,"12":1,"13":75,"14":75,"15":75,"16":69,"17":69,"18":69,"19":22,"20":22,"21":22,"22":22,"23":33,"24":33,"25":33,"26":33,"27":38,"28":38,"29":38,"30":82,"31":82,"32":82,"33":19,"34":19,"35":19,"36":22,"37":22,"38":22,"39":164,"40":164,"41":164,"42":18,"43":18,"44":18,"45":2,"46":2,"47":2,"48":1,"49":1,"50":1,"51":1,"52":1,"53":1,"54":17,"55":17,"56":17,"57":1,"58":1,"59":1,"60":36,"61":36,"62":36,"63":18,"64":18,"65":18,"66":1,"67":1,"68":1,"69":1,"70":1,"71":1,"72":1,"73":1,"74":1,"75":3,"76":3,"77":3,"78":1,"79":1,"80":1,"81":1,"82":1,"83":1,"84":17,"85":17,"86":17,"87":17},"b":{"0":[0,4],"1":[0,1],"2":[0,2],"3":[4,4],"4":[3,1],"5":[4,4,0,0,0],"6":[1,0],"7":[0,1],"8":[0,1],"9":[1,1],"10":[0,1],"11":[1,1],"12":[0,1],"13":[1,1],"14":[0,1],"15":[1,1],"16":[1,0],"17":[0,0],"18":[0,0],"19":[0,0],"20":[0,0],"21":[0,0],"22":[0,0],"23":[0,1],"24":[0,1],"25":[1,1],"26":[0,75],"27":[0,69],"28":[0,22],"29":[0,22],"30":[0,33],"31":[0,33],"32":[0,38],"33":[0,82],"34":[0,19],"35":[0,22],"36":[0,164],"37":[0,18],"38":[0,2],"39":[0,1],"40":[0,1],"41":[0,17],"42":[0,1],"43":[0,36],"44":[0,18],"45":[0,1],"46":[0,1],"47":[0,1],"48":[0,3],"49":[0,1],"50":[0,1],"51":[0,17],"52":[0,17]},"_coverageSchema":"1a1c01bbd47fc00a2c39e90264f33305004495a9","hash":"2f0f2ad0e3d6e07858f0a612a25098d1fe473e91"}
,"C:\\Users\\user\\Desktop\\Cihan PoliTo\\2.Year\\Soft-eng II\\Project_v1\\HikeTracker\\server\\modules\\dao\\hutdao.js": {"path":"C:\\Users\\user\\Desktop\\Cihan PoliTo\\2.Year\\Soft-eng II\\Project_v1\\HikeTracker\\server\\modules\\dao\\hutdao.js","statementMap":{"0":{"start":{"line":6,"column":15},"end":{"line":6,"column":33}},"1":{"start":{"line":9,"column":11},"end":{"line":11,"column":2}},"2":{"start":{"line":10,"column":1},"end":{"line":10,"column":20}},"3":{"start":{"line":10,"column":10},"end":{"line":10,"column":20}},"4":{"start":{"line":13,"column":0},"end":{"line":46,"column":1}},"5":{"start":{"line":15,"column":1},"end":{"line":45,"column":4}},"6":{"start":{"line":16,"column":14},"end":{"line":19,"column":114}},"7":{"start":{"line":20,"column":2},"end":{"line":44,"column":5}},"8":{"start":{"line":39,"column":3},"end":{"line":42,"column":4}},"9":{"start":{"line":40,"column":4},"end":{"line":40,"column":16}},"10":{"start":{"line":41,"column":4},"end":{"line":41,"column":11}},"11":{"start":{"line":43,"column":3},"end":{"line":43,"column":24}},"12":{"start":{"line":48,"column":0},"end":{"line":57,"column":1}},"13":{"start":{"line":50,"column":1},"end":{"line":56,"column":4}},"14":{"start":{"line":51,"column":14},"end":{"line":51,"column":55}},"15":{"start":{"line":52,"column":2},"end":{"line":55,"column":5}},"16":{"start":{"line":53,"column":3},"end":{"line":54,"column":18}},"17":{"start":{"line":53,"column":12},"end":{"line":53,"column":24}},"18":{"start":{"line":54,"column":8},"end":{"line":54,"column":18}},"19":{"start":{"line":60,"column":0},"end":{"line":83,"column":2}},"20":{"start":{"line":61,"column":1},"end":{"line":82,"column":3}},"21":{"start":{"line":63,"column":3},"end":{"line":63,"column":20}},"22":{"start":{"line":64,"column":2},"end":{"line":70,"column":5}},"23":{"start":{"line":65,"column":3},"end":{"line":68,"column":4}},"24":{"start":{"line":66,"column":4},"end":{"line":66,"column":16}},"25":{"start":{"line":67,"column":4},"end":{"line":67,"column":11}},"26":{"start":{"line":69,"column":3},"end":{"line":69,"column":13}},"27":{"start":{"line":73,"column":3},"end":{"line":73,"column":54}},"28":{"start":{"line":74,"column":2},"end":{"line":80,"column":5}},"29":{"start":{"line":75,"column":3},"end":{"line":78,"column":4}},"30":{"start":{"line":76,"column":4},"end":{"line":76,"column":16}},"31":{"start":{"line":77,"column":4},"end":{"line":77,"column":11}},"32":{"start":{"line":79,"column":3},"end":{"line":79,"column":13}},"33":{"start":{"line":85,"column":0},"end":{"line":97,"column":2}},"34":{"start":{"line":86,"column":1},"end":{"line":96,"column":3}},"35":{"start":{"line":88,"column":3},"end":{"line":88,"column":48}},"36":{"start":{"line":89,"column":2},"end":{"line":95,"column":5}},"37":{"start":{"line":90,"column":3},"end":{"line":93,"column":4}},"38":{"start":{"line":91,"column":4},"end":{"line":91,"column":16}},"39":{"start":{"line":92,"column":4},"end":{"line":92,"column":11}},"40":{"start":{"line":94,"column":3},"end":{"line":94,"column":13}},"41":{"start":{"line":99,"column":0},"end":{"line":113,"column":2}},"42":{"start":{"line":100,"column":1},"end":{"line":112,"column":4}},"43":{"start":{"line":102,"column":3},"end":{"line":104,"column":67}},"44":{"start":{"line":106,"column":3},"end":{"line":111,"column":5}},"45":{"start":{"line":107,"column":3},"end":{"line":110,"column":4}},"46":{"start":{"line":107,"column":12},"end":{"line":107,"column":24}},"47":{"start":{"line":109,"column":4},"end":{"line":109,"column":18}},"48":{"start":{"line":115,"column":0},"end":{"line":130,"column":2}},"49":{"start":{"line":116,"column":1},"end":{"line":129,"column":4}},"50":{"start":{"line":118,"column":3},"end":{"line":120,"column":61}},"51":{"start":{"line":122,"column":2},"end":{"line":128,"column":5}},"52":{"start":{"line":123,"column":3},"end":{"line":127,"column":4}},"53":{"start":{"line":124,"column":4},"end":{"line":124,"column":16}},"54":{"start":{"line":126,"column":4},"end":{"line":126,"column":17}},"55":{"start":{"line":132,"column":0},"end":{"line":147,"column":2}},"56":{"start":{"line":133,"column":1},"end":{"line":146,"column":4}},"57":{"start":{"line":135,"column":3},"end":{"line":137,"column":110}},"58":{"start":{"line":139,"column":3},"end":{"line":145,"column":5}},"59":{"start":{"line":140,"column":3},"end":{"line":144,"column":4}},"60":{"start":{"line":141,"column":4},"end":{"line":141,"column":16}},"61":{"start":{"line":143,"column":4},"end":{"line":143,"column":18}},"62":{"start":{"line":149,"column":0},"end":{"line":164,"column":2}},"63":{"start":{"line":150,"column":1},"end":{"line":163,"column":4}},"64":{"start":{"line":152,"column":3},"end":{"line":154,"column":123}},"65":{"start":{"line":156,"column":2},"end":{"line":162,"column":5}},"66":{"start":{"line":157,"column":3},"end":{"line":161,"column":4}},"67":{"start":{"line":158,"column":4},"end":{"line":158,"column":16}},"68":{"start":{"line":160,"column":4},"end":{"line":160,"column":17}},"69":{"start":{"line":167,"column":0},"end":{"line":177,"column":2}},"70":{"start":{"line":168,"column":1},"end":{"line":176,"column":3}},"71":{"start":{"line":169,"column":14},"end":{"line":169,"column":82}},"72":{"start":{"line":170,"column":2},"end":{"line":175,"column":5}},"73":{"start":{"line":171,"column":3},"end":{"line":174,"column":4}},"74":{"start":{"line":171,"column":12},"end":{"line":171,"column":24}},"75":{"start":{"line":173,"column":4},"end":{"line":173,"column":17}},"76":{"start":{"line":180,"column":0},"end":{"line":190,"column":2}},"77":{"start":{"line":181,"column":1},"end":{"line":189,"column":3}},"78":{"start":{"line":182,"column":14},"end":{"line":182,"column":86}},"79":{"start":{"line":183,"column":2},"end":{"line":188,"column":5}},"80":{"start":{"line":184,"column":3},"end":{"line":187,"column":4}},"81":{"start":{"line":184,"column":12},"end":{"line":184,"column":24}},"82":{"start":{"line":186,"column":4},"end":{"line":186,"column":17}}},"fnMap":{"0":{"name":"(anonymous_0)","decl":{"start":{"line":9,"column":49},"end":{"line":9,"column":50}},"loc":{"start":{"line":9,"column":58},"end":{"line":11,"column":1}},"line":9},"1":{"name":"(anonymous_1)","decl":{"start":{"line":13,"column":18},"end":{"line":13,"column":19}},"loc":{"start":{"line":13,"column":37},"end":{"line":46,"column":1}},"line":13},"2":{"name":"(anonymous_2)","decl":{"start":{"line":15,"column":20},"end":{"line":15,"column":21}},"loc":{"start":{"line":15,"column":41},"end":{"line":45,"column":2}},"line":15},"3":{"name":"(anonymous_3)","decl":{"start":{"line":38,"column":6},"end":{"line":38,"column":7}},"loc":{"start":{"line":38,"column":21},"end":{"line":44,"column":3}},"line":38},"4":{"name":"(anonymous_4)","decl":{"start":{"line":48,"column":23},"end":{"line":48,"column":24}},"loc":{"start":{"line":48,"column":40},"end":{"line":57,"column":1}},"line":48},"5":{"name":"(anonymous_5)","decl":{"start":{"line":50,"column":20},"end":{"line":50,"column":21}},"loc":{"start":{"line":50,"column":41},"end":{"line":56,"column":2}},"line":50},"6":{"name":"(anonymous_6)","decl":{"start":{"line":52,"column":29},"end":{"line":52,"column":30}},"loc":{"start":{"line":52,"column":44},"end":{"line":55,"column":3}},"line":52},"7":{"name":"(anonymous_7)","decl":{"start":{"line":60,"column":24},"end":{"line":60,"column":25}},"loc":{"start":{"line":60,"column":30},"end":{"line":83,"column":1}},"line":60},"8":{"name":"(anonymous_8)","decl":{"start":{"line":61,"column":20},"end":{"line":61,"column":21}},"loc":{"start":{"line":61,"column":41},"end":{"line":82,"column":2}},"line":61},"9":{"name":"(anonymous_9)","decl":{"start":{"line":64,"column":18},"end":{"line":64,"column":19}},"loc":{"start":{"line":64,"column":33},"end":{"line":70,"column":3}},"line":64},"10":{"name":"(anonymous_10)","decl":{"start":{"line":74,"column":19},"end":{"line":74,"column":20}},"loc":{"start":{"line":74,"column":34},"end":{"line":80,"column":3}},"line":74},"11":{"name":"(anonymous_11)","decl":{"start":{"line":85,"column":29},"end":{"line":85,"column":30}},"loc":{"start":{"line":85,"column":35},"end":{"line":97,"column":1}},"line":85},"12":{"name":"(anonymous_12)","decl":{"start":{"line":86,"column":20},"end":{"line":86,"column":21}},"loc":{"start":{"line":86,"column":41},"end":{"line":96,"column":2}},"line":86},"13":{"name":"(anonymous_13)","decl":{"start":{"line":89,"column":18},"end":{"line":89,"column":19}},"loc":{"start":{"line":89,"column":33},"end":{"line":95,"column":3}},"line":89},"14":{"name":"(anonymous_14)","decl":{"start":{"line":99,"column":18},"end":{"line":99,"column":19}},"loc":{"start":{"line":99,"column":24},"end":{"line":113,"column":1}},"line":99},"15":{"name":"(anonymous_15)","decl":{"start":{"line":100,"column":20},"end":{"line":100,"column":21}},"loc":{"start":{"line":100,"column":41},"end":{"line":112,"column":2}},"line":100},"16":{"name":"(anonymous_16)","decl":{"start":{"line":106,"column":19},"end":{"line":106,"column":20}},"loc":{"start":{"line":106,"column":34},"end":{"line":111,"column":3}},"line":106},"17":{"name":"(anonymous_17)","decl":{"start":{"line":115,"column":21},"end":{"line":115,"column":22}},"loc":{"start":{"line":115,"column":29},"end":{"line":130,"column":1}},"line":115},"18":{"name":"(anonymous_18)","decl":{"start":{"line":116,"column":20},"end":{"line":116,"column":21}},"loc":{"start":{"line":116,"column":41},"end":{"line":129,"column":2}},"line":116},"19":{"name":"(anonymous_19)","decl":{"start":{"line":122,"column":20},"end":{"line":122,"column":21}},"loc":{"start":{"line":122,"column":34},"end":{"line":128,"column":3}},"line":122},"20":{"name":"(anonymous_20)","decl":{"start":{"line":132,"column":28},"end":{"line":132,"column":29}},"loc":{"start":{"line":132,"column":34},"end":{"line":147,"column":1}},"line":132},"21":{"name":"(anonymous_21)","decl":{"start":{"line":133,"column":20},"end":{"line":133,"column":21}},"loc":{"start":{"line":133,"column":41},"end":{"line":146,"column":2}},"line":133},"22":{"name":"(anonymous_22)","decl":{"start":{"line":139,"column":19},"end":{"line":139,"column":20}},"loc":{"start":{"line":139,"column":34},"end":{"line":145,"column":3}},"line":139},"23":{"name":"(anonymous_23)","decl":{"start":{"line":149,"column":33},"end":{"line":149,"column":34}},"loc":{"start":{"line":149,"column":41},"end":{"line":164,"column":1}},"line":149},"24":{"name":"(anonymous_24)","decl":{"start":{"line":150,"column":20},"end":{"line":150,"column":21}},"loc":{"start":{"line":150,"column":41},"end":{"line":163,"column":2}},"line":150},"25":{"name":"(anonymous_25)","decl":{"start":{"line":156,"column":20},"end":{"line":156,"column":21}},"loc":{"start":{"line":156,"column":34},"end":{"line":162,"column":3}},"line":156},"26":{"name":"(anonymous_26)","decl":{"start":{"line":167,"column":23},"end":{"line":167,"column":24}},"loc":{"start":{"line":167,"column":29},"end":{"line":177,"column":1}},"line":167},"27":{"name":"(anonymous_27)","decl":{"start":{"line":168,"column":20},"end":{"line":168,"column":21}},"loc":{"start":{"line":168,"column":41},"end":{"line":176,"column":2}},"line":168},"28":{"name":"(anonymous_28)","decl":{"start":{"line":170,"column":18},"end":{"line":170,"column":19}},"loc":{"start":{"line":170,"column":39},"end":{"line":175,"column":3}},"line":170},"29":{"name":"(anonymous_29)","decl":{"start":{"line":180,"column":26},"end":{"line":180,"column":27}},"loc":{"start":{"line":180,"column":32},"end":{"line":190,"column":1}},"line":180},"30":{"name":"(anonymous_30)","decl":{"start":{"line":181,"column":20},"end":{"line":181,"column":21}},"loc":{"start":{"line":181,"column":41},"end":{"line":189,"column":2}},"line":181},"31":{"name":"(anonymous_31)","decl":{"start":{"line":183,"column":18},"end":{"line":183,"column":19}},"loc":{"start":{"line":183,"column":39},"end":{"line":188,"column":3}},"line":183}},"branchMap":{"0":{"loc":{"start":{"line":10,"column":1},"end":{"line":10,"column":20}},"type":"if","locations":[{"start":{"line":10,"column":1},"end":{"line":10,"column":20}},{"start":{},"end":{}}],"line":10},"1":{"loc":{"start":{"line":39,"column":3},"end":{"line":42,"column":4}},"type":"if","locations":[{"start":{"line":39,"column":3},"end":{"line":42,"column":4}},{"start":{},"end":{}}],"line":39},"2":{"loc":{"start":{"line":53,"column":3},"end":{"line":54,"column":18}},"type":"if","locations":[{"start":{"line":53,"column":3},"end":{"line":54,"column":18}},{"start":{"line":54,"column":8},"end":{"line":54,"column":18}}],"line":53},"3":{"loc":{"start":{"line":65,"column":3},"end":{"line":68,"column":4}},"type":"if","locations":[{"start":{"line":65,"column":3},"end":{"line":68,"column":4}},{"start":{},"end":{}}],"line":65},"4":{"loc":{"start":{"line":75,"column":3},"end":{"line":78,"column":4}},"type":"if","locations":[{"start":{"line":75,"column":3},"end":{"line":78,"column":4}},{"start":{},"end":{}}],"line":75},"5":{"loc":{"start":{"line":90,"column":3},"end":{"line":93,"column":4}},"type":"if","locations":[{"start":{"line":90,"column":3},"end":{"line":93,"column":4}},{"start":{},"end":{}}],"line":90},"6":{"loc":{"start":{"line":107,"column":3},"end":{"line":110,"column":4}},"type":"if","locations":[{"start":{"line":107,"column":3},"end":{"line":110,"column":4}},{"start":{"line":108,"column":8},"end":{"line":110,"column":4}}],"line":107},"7":{"loc":{"start":{"line":123,"column":3},"end":{"line":127,"column":4}},"type":"if","locations":[{"start":{"line":123,"column":3},"end":{"line":127,"column":4}},{"start":{"line":125,"column":8},"end":{"line":127,"column":4}}],"line":123},"8":{"loc":{"start":{"line":140,"column":3},"end":{"line":144,"column":4}},"type":"if","locations":[{"start":{"line":140,"column":3},"end":{"line":144,"column":4}},{"start":{"line":142,"column":8},"end":{"line":144,"column":4}}],"line":140},"9":{"loc":{"start":{"line":157,"column":3},"end":{"line":161,"column":4}},"type":"if","locations":[{"start":{"line":157,"column":3},"end":{"line":161,"column":4}},{"start":{"line":159,"column":8},"end":{"line":161,"column":4}}],"line":157},"10":{"loc":{"start":{"line":171,"column":3},"end":{"line":174,"column":4}},"type":"if","locations":[{"start":{"line":171,"column":3},"end":{"line":174,"column":4}},{"start":{"line":172,"column":8},"end":{"line":174,"column":4}}],"line":171},"11":{"loc":{"start":{"line":184,"column":3},"end":{"line":187,"column":4}},"type":"if","locations":[{"start":{"line":184,"column":3},"end":{"line":187,"column":4}},{"start":{"line":185,"column":8},"end":{"line":187,"column":4}}],"line":184}},"s":{"0":1,"1":1,"2":1,"3":0,"4":1,"5":28,"6":28,"7":28,"8":28,"9":0,"10":0,"11":28,"12":1,"13":29,"14":29,"15":29,"16":29,"17":0,"18":29,"19":1,"20":7,"21":7,"22":7,"23":7,"24":0,"25":0,"26":7,"27":7,"28":7,"29":7,"30":0,"31":0,"32":7,"33":1,"34":7,"35":7,"36":7,"37":7,"38":0,"39":0,"40":7,"41":1,"42":1,"43":1,"44":1,"45":1,"46":0,"47":1,"48":1,"49":2,"50":2,"51":2,"52":2,"53":0,"54":2,"55":1,"56":1,"57":1,"58":1,"59":1,"60":0,"61":1,"62":1,"63":1,"64":1,"65":1,"66":1,"67":0,"68":1,"69":1,"70":1,"71":1,"72":1,"73":1,"74":0,"75":1,"76":1,"77":1,"78":1,"79":1,"80":1,"81":0,"82":1},"f":{"0":1,"1":28,"2":28,"3":28,"4":29,"5":29,"6":29,"7":7,"8":7,"9":7,"10":7,"11":7,"12":7,"13":7,"14":1,"15":1,"16":1,"17":2,"18":2,"19":2,"20":1,"21":1,"22":1,"23":1,"24":1,"25":1,"26":1,"27":1,"28":1,"29":1,"30":1,"31":1},"b":{"0":[0,1],"1":[0,28],"2":[0,29],"3":[0,7],"4":[0,7],"5":[0,7],"6":[0,1],"7":[0,2],"8":[0,1],"9":[0,1],"10":[0,1],"11":[0,1]},"_coverageSchema":"1a1c01bbd47fc00a2c39e90264f33305004495a9","hash":"9ade594c9584cd5070aedd1054cdc35140d8cc88"}
,"C:\\Users\\user\\Desktop\\Cihan PoliTo\\2.Year\\Soft-eng II\\Project_v1\\HikeTracker\\server\\modules\\dao\\parkingdao.js": {"path":"C:\\Users\\user\\Desktop\\Cihan PoliTo\\2.Year\\Soft-eng II\\Project_v1\\HikeTracker\\server\\modules\\dao\\parkingdao.js","statementMap":{"0":{"start":{"line":5,"column":15},"end":{"line":5,"column":33}},"1":{"start":{"line":8,"column":11},"end":{"line":10,"column":2}},"2":{"start":{"line":9,"column":1},"end":{"line":9,"column":20}},"3":{"start":{"line":9,"column":10},"end":{"line":9,"column":20}},"4":{"start":{"line":17,"column":0},"end":{"line":26,"column":2}},"5":{"start":{"line":18,"column":1},"end":{"line":25,"column":4}},"6":{"start":{"line":20,"column":3},"end":{"line":20,"column":214}},"7":{"start":{"line":21,"column":2},"end":{"line":24,"column":5}},"8":{"start":{"line":22,"column":3},"end":{"line":23,"column":22}},"9":{"start":{"line":22,"column":12},"end":{"line":22,"column":24}},"10":{"start":{"line":23,"column":8},"end":{"line":23,"column":22}},"11":{"start":{"line":29,"column":0},"end":{"line":38,"column":2}},"12":{"start":{"line":30,"column":1},"end":{"line":37,"column":4}},"13":{"start":{"line":32,"column":3},"end":{"line":32,"column":227}},"14":{"start":{"line":33,"column":2},"end":{"line":36,"column":5}},"15":{"start":{"line":34,"column":3},"end":{"line":35,"column":21}},"16":{"start":{"line":34,"column":12},"end":{"line":34,"column":24}},"17":{"start":{"line":35,"column":8},"end":{"line":35,"column":21}},"18":{"start":{"line":40,"column":0},"end":{"line":49,"column":2}},"19":{"start":{"line":41,"column":1},"end":{"line":48,"column":4}},"20":{"start":{"line":43,"column":3},"end":{"line":43,"column":225}},"21":{"start":{"line":44,"column":2},"end":{"line":47,"column":5}},"22":{"start":{"line":45,"column":3},"end":{"line":46,"column":21}},"23":{"start":{"line":45,"column":12},"end":{"line":45,"column":24}},"24":{"start":{"line":46,"column":8},"end":{"line":46,"column":21}},"25":{"start":{"line":50,"column":0},"end":{"line":79,"column":2}},"26":{"start":{"line":59,"column":1},"end":{"line":78,"column":4}},"27":{"start":{"line":60,"column":14},"end":{"line":60,"column":154}},"28":{"start":{"line":61,"column":2},"end":{"line":77,"column":4}},"29":{"start":{"line":73,"column":4},"end":{"line":73,"column":25}},"30":{"start":{"line":73,"column":13},"end":{"line":73,"column":25}},"31":{"start":{"line":75,"column":4},"end":{"line":75,"column":25}},"32":{"start":{"line":81,"column":0},"end":{"line":91,"column":2}},"33":{"start":{"line":82,"column":1},"end":{"line":90,"column":4}},"34":{"start":{"line":83,"column":14},"end":{"line":83,"column":39}},"35":{"start":{"line":84,"column":2},"end":{"line":89,"column":5}},"36":{"start":{"line":85,"column":3},"end":{"line":88,"column":4}},"37":{"start":{"line":85,"column":12},"end":{"line":85,"column":24}},"38":{"start":{"line":87,"column":4},"end":{"line":87,"column":18}}},"fnMap":{"0":{"name":"(anonymous_0)","decl":{"start":{"line":8,"column":49},"end":{"line":8,"column":50}},"loc":{"start":{"line":8,"column":58},"end":{"line":10,"column":1}},"line":8},"1":{"name":"(anonymous_1)","decl":{"start":{"line":17,"column":19},"end":{"line":17,"column":20}},"loc":{"start":{"line":17,"column":25},"end":{"line":26,"column":1}},"line":17},"2":{"name":"(anonymous_2)","decl":{"start":{"line":18,"column":20},"end":{"line":18,"column":21}},"loc":{"start":{"line":18,"column":41},"end":{"line":25,"column":2}},"line":18},"3":{"name":"(anonymous_3)","decl":{"start":{"line":21,"column":18},"end":{"line":21,"column":19}},"loc":{"start":{"line":21,"column":33},"end":{"line":24,"column":3}},"line":21},"4":{"name":"(anonymous_4)","decl":{"start":{"line":29,"column":22},"end":{"line":29,"column":23}},"loc":{"start":{"line":29,"column":30},"end":{"line":38,"column":1}},"line":29},"5":{"name":"(anonymous_5)","decl":{"start":{"line":30,"column":20},"end":{"line":30,"column":21}},"loc":{"start":{"line":30,"column":41},"end":{"line":37,"column":2}},"line":30},"6":{"name":"(anonymous_6)","decl":{"start":{"line":33,"column":20},"end":{"line":33,"column":21}},"loc":{"start":{"line":33,"column":34},"end":{"line":36,"column":3}},"line":33},"7":{"name":"(anonymous_7)","decl":{"start":{"line":40,"column":24},"end":{"line":40,"column":25}},"loc":{"start":{"line":40,"column":34},"end":{"line":49,"column":1}},"line":40},"8":{"name":"(anonymous_8)","decl":{"start":{"line":41,"column":20},"end":{"line":41,"column":21}},"loc":{"start":{"line":41,"column":41},"end":{"line":48,"column":2}},"line":41},"9":{"name":"(anonymous_9)","decl":{"start":{"line":44,"column":22},"end":{"line":44,"column":23}},"loc":{"start":{"line":44,"column":36},"end":{"line":47,"column":3}},"line":44},"10":{"name":"(anonymous_10)","decl":{"start":{"line":50,"column":24},"end":{"line":50,"column":25}},"loc":{"start":{"line":58,"column":5},"end":{"line":79,"column":1}},"line":58},"11":{"name":"(anonymous_11)","decl":{"start":{"line":59,"column":20},"end":{"line":59,"column":21}},"loc":{"start":{"line":59,"column":41},"end":{"line":78,"column":2}},"line":59},"12":{"name":"(anonymous_12)","decl":{"start":{"line":72,"column":3},"end":{"line":72,"column":4}},"loc":{"start":{"line":72,"column":18},"end":{"line":76,"column":4}},"line":72},"13":{"name":"(anonymous_13)","decl":{"start":{"line":81,"column":22},"end":{"line":81,"column":23}},"loc":{"start":{"line":81,"column":28},"end":{"line":91,"column":1}},"line":81},"14":{"name":"(anonymous_14)","decl":{"start":{"line":82,"column":20},"end":{"line":82,"column":21}},"loc":{"start":{"line":82,"column":41},"end":{"line":90,"column":2}},"line":82},"15":{"name":"(anonymous_15)","decl":{"start":{"line":84,"column":18},"end":{"line":84,"column":19}},"loc":{"start":{"line":84,"column":27},"end":{"line":89,"column":3}},"line":84}},"branchMap":{"0":{"loc":{"start":{"line":9,"column":1},"end":{"line":9,"column":20}},"type":"if","locations":[{"start":{"line":9,"column":1},"end":{"line":9,"column":20}},{"start":{},"end":{}}],"line":9},"1":{"loc":{"start":{"line":22,"column":3},"end":{"line":23,"column":22}},"type":"if","locations":[{"start":{"line":22,"column":3},"end":{"line":23,"column":22}},{"start":{"line":23,"column":8},"end":{"line":23,"column":22}}],"line":22},"2":{"loc":{"start":{"line":34,"column":3},"end":{"line":35,"column":21}},"type":"if","locations":[{"start":{"line":34,"column":3},"end":{"line":35,"column":21}},{"start":{"line":35,"column":8},"end":{"line":35,"column":21}}],"line":34},"3":{"loc":{"start":{"line":45,"column":3},"end":{"line":46,"column":21}},"type":"if","locations":[{"start":{"line":45,"column":3},"end":{"line":46,"column":21}},{"start":{"line":46,"column":8},"end":{"line":46,"column":21}}],"line":45},"4":{"loc":{"start":{"line":73,"column":4},"end":{"line":73,"column":25}},"type":"if","locations":[{"start":{"line":73,"column":4},"end":{"line":73,"column":25}},{"start":{},"end":{}}],"line":73},"5":{"loc":{"start":{"line":85,"column":3},"end":{"line":88,"column":4}},"type":"if","locations":[{"start":{"line":85,"column":3},"end":{"line":88,"column":4}},{"start":{"line":86,"column":8},"end":{"line":88,"column":4}}],"line":85}},"s":{"0":1,"1":1,"2":1,"3":0,"4":1,"5":1,"6":1,"7":1,"8":1,"9":0,"10":1,"11":1,"12":1,"13":1,"14":1,"15":1,"16":0,"17":1,"18":1,"19":1,"20":1,"21":1,"22":1,"23":0,"24":1,"25":1,"26":9,"27":9,"28":9,"29":9,"30":0,"31":9,"32":1,"33":4,"34":4,"35":4,"36":4,"37":0,"38":4},"f":{"0":1,"1":1,"2":1,"3":1,"4":1,"5":1,"6":1,"7":1,"8":1,"9":1,"10":9,"11":9,"12":9,"13":4,"14":4,"15":4},"b":{"0":[0,1],"1":[0,1],"2":[0,1],"3":[0,1],"4":[0,9],"5":[0,4]},"_coverageSchema":"1a1c01bbd47fc00a2c39e90264f33305004495a9","hash":"adc3ff6e3e73a29bacbe57f1f99eb3f7ab1a98e8"}
,"C:\\Users\\user\\Desktop\\Cihan PoliTo\\2.Year\\Soft-eng II\\Project_v1\\HikeTracker\\server\\modules\\dao\\pointdao.js": {"path":"C:\\Users\\user\\Desktop\\Cihan PoliTo\\2.Year\\Soft-eng II\\Project_v1\\HikeTracker\\server\\modules\\dao\\pointdao.js","statementMap":{"0":{"start":{"line":5,"column":15},"end":{"line":5,"column":33}},"1":{"start":{"line":8,"column":11},"end":{"line":10,"column":2}},"2":{"start":{"line":9,"column":2},"end":{"line":9,"column":21}},"3":{"start":{"line":9,"column":11},"end":{"line":9,"column":21}},"4":{"start":{"line":12,"column":0},"end":{"line":21,"column":2}},"5":{"start":{"line":13,"column":2},"end":{"line":20,"column":5}},"6":{"start":{"line":15,"column":6},"end":{"line":15,"column":103}},"7":{"start":{"line":16,"column":4},"end":{"line":19,"column":7}},"8":{"start":{"line":17,"column":6},"end":{"line":18,"column":25}},"9":{"start":{"line":17,"column":15},"end":{"line":17,"column":27}},"10":{"start":{"line":18,"column":11},"end":{"line":18,"column":25}},"11":{"start":{"line":23,"column":0},"end":{"line":31,"column":2}},"12":{"start":{"line":24,"column":2},"end":{"line":30,"column":5}},"13":{"start":{"line":25,"column":16},"end":{"line":25,"column":72}},"14":{"start":{"line":26,"column":4},"end":{"line":29,"column":7}},"15":{"start":{"line":27,"column":6},"end":{"line":28,"column":24}},"16":{"start":{"line":27,"column":15},"end":{"line":27,"column":27}},"17":{"start":{"line":28,"column":11},"end":{"line":28,"column":24}},"18":{"start":{"line":33,"column":0},"end":{"line":41,"column":2}},"19":{"start":{"line":34,"column":2},"end":{"line":40,"column":5}},"20":{"start":{"line":35,"column":16},"end":{"line":35,"column":73}},"21":{"start":{"line":36,"column":4},"end":{"line":39,"column":7}},"22":{"start":{"line":37,"column":6},"end":{"line":38,"column":25}},"23":{"start":{"line":37,"column":15},"end":{"line":37,"column":27}},"24":{"start":{"line":38,"column":11},"end":{"line":38,"column":25}},"25":{"start":{"line":43,"column":0},"end":{"line":51,"column":2}},"26":{"start":{"line":44,"column":2},"end":{"line":50,"column":5}},"27":{"start":{"line":45,"column":16},"end":{"line":45,"column":77}},"28":{"start":{"line":46,"column":4},"end":{"line":49,"column":7}},"29":{"start":{"line":47,"column":6},"end":{"line":48,"column":25}},"30":{"start":{"line":47,"column":15},"end":{"line":47,"column":27}},"31":{"start":{"line":48,"column":11},"end":{"line":48,"column":25}},"32":{"start":{"line":53,"column":0},"end":{"line":61,"column":2}},"33":{"start":{"line":54,"column":2},"end":{"line":60,"column":5}},"34":{"start":{"line":55,"column":16},"end":{"line":55,"column":75}},"35":{"start":{"line":56,"column":4},"end":{"line":59,"column":7}},"36":{"start":{"line":57,"column":6},"end":{"line":58,"column":25}},"37":{"start":{"line":57,"column":15},"end":{"line":57,"column":27}},"38":{"start":{"line":58,"column":11},"end":{"line":58,"column":25}}},"fnMap":{"0":{"name":"(anonymous_0)","decl":{"start":{"line":8,"column":49},"end":{"line":8,"column":50}},"loc":{"start":{"line":8,"column":58},"end":{"line":10,"column":1}},"line":8},"1":{"name":"(anonymous_1)","decl":{"start":{"line":12,"column":27},"end":{"line":12,"column":28}},"loc":{"start":{"line":12,"column":35},"end":{"line":21,"column":1}},"line":12},"2":{"name":"(anonymous_2)","decl":{"start":{"line":13,
[...]
,"C:\\Users\\user\\Desktop\\Cihan PoliTo\\2.Year\\Soft-eng II\\Project_v1\\HikeTracker\\server\\modules\\dao\\userdao.js": {"path":"C:\\Users\\user\\Desktop\\Cihan PoliTo\\2.Year\\Soft-eng II\\Project_v1\\HikeTracker\\server\\modules\\dao\\userdao.js","statementMap":{"0":{"start":{"line":5,"column":15},"end":{"line":5,"column":33}},"1":{"start":{"line":6,"column":15},"end":{"line":6,"column":32}},"2":{"start":{"line":9,"column":11},"end":{"line":11,"column":2}},"3":{"start":{"line":10,"column":4},"end":{"line":10,"column":23}},"4":{"start":{"line":10,"column":13},"end":{"line":10,"column":23}},"5":{"start":{"line":15,"column":0},"end":{"line":33,"column":2}},"6":{"start":{"line":16,"column":4},"end":{"line":32,"column":7}},"7":{"start":{"line":18,"column":12},"end":{"line":18,"column":121}},"8":{"start":{"line":19,"column":8},"end":{"line":31,"column":11}},"9":{"start":{"line":29,"column":12},"end":{"line":30,"column":38}},"10":{"start":{"line":29,"column":21},"end":{"line":29,"column":33}},"11":{"start":{"line":30,"column":17},"end":{"line":30,"column":38}},"12":{"start":{"line":35,"column":0},"end":{"line":43,"column":2}},"13":{"start":{"line":36,"column":4},"end":{"line":42,"column":7}},"14":{"start":{"line":37,"column":20},"end":{"line":37,"column":70}},"15":{"start":{"line":38,"column":8},"end":{"line":41,"column":11}},"16":{"start":{"line":39,"column":12},"end":{"line":40,"column":31}},"17":{"start":{"line":39,"column":21},"end":{"line":39,"column":33}},"18":{"start":{"line":40,"column":17},"end":{"line":40,"column":31}},"19":{"start":{"line":45,"column":0},"end":{"line":55,"column":2}},"20":{"start":{"line":46,"column":4},"end":{"line":54,"column":7}},"21":{"start":{"line":47,"column":20},"end":{"line":47,"column":61}},"22":{"start":{"line":48,"column":8},"end":{"line":53,"column":11}},"23":{"start":{"line":49,"column":12},"end":{"line":52,"column":13}},"24":{"start":{"line":49,"column":21},"end":{"line":49,"column":33}},"25":{"start":{"line":51,"column":16},"end":{"line":51,"column":29}},"26":{"start":{"line":57,"column":0},"end":{"line":70,"column":2}},"27":{"start":{"line":58,"column":4},"end":{"line":69,"column":7}},"28":{"start":{"line":59,"column":20},"end":{"line":59,"column":53}},"29":{"start":{"line":60,"column":8},"end":{"line":68,"column":11}},"30":{"start":{"line":61,"column":12},"end":{"line":67,"column":13}},"31":{"start":{"line":62,"column":16},"end":{"line":62,"column":28}},"32":{"start":{"line":63,"column":19},"end":{"line":67,"column":13}},"33":{"start":{"line":64,"column":16},"end":{"line":64,"column":54}},"34":{"start":{"line":66,"column":16},"end":{"line":66,"column":29}},"35":{"start":{"line":72,"column":0},"end":{"line":83,"column":2}},"36":{"start":{"line":73,"column":4},"end":{"line":82,"column":7}},"37":{"start":{"line":74,"column":20},"end":{"line":74,"column":56}},"38":{"start":{"line":75,"column":8},"end":{"line":81,"column":11}},"39":{"start":{"line":76,"column":12},"end":{"line":80,"column":13}},"40":{"start":{"line":77,"column":16},"end":{"line":77,"column":28}},"41":{"start":{"line":79,"column":16},"end":{"line":79,"column":29}},"42":{"start":{"line":85,"column":0},"end":{"line":96,"column":2}},"43":{"start":{"line":86,"column":4},"end":{"line":95,"column":7}},"44":{"start":{"line":87,"column":20},"end":{"line":87,"column":59}},"45":{"start":{"line":88,"column":8},"end":{"line":94,"column":11}},"46":{"start":{"line":89,"column":12},"end":{"line":93,"column":13}},"47":{"start":{"line":90,"column":16},"end":{"line":90,"column":28}},"48":{"start":{"line":92,"column":16},"end":{"line":92,"column":29}},"49":{"start":{"line":98,"column":0},"end":{"line":120,"column":2}},"50":{"start":{"line":99,"column":4},"end":{"line":119,"column":7}},"51":{"start":{"line":100,"column":20},"end":{"line":100,"column":56}},"52":{"start":{"line":101,"column":8},"end":{"line":118,"column":11}},"53":{"start":{"line":102,"column":12},"end":{"line":117,"column":13}},"54":{"start":{"line":103,"column":16},"end":{"line":103,"column":28}},"55":{"start":{"line":104,"column":19},"end":{"line":117,"column":13}},"56":{"start":{"line":105,"column":16},"end":{"line":105,"column":46}},"57":{"start":{"line":106,"column":16},"end":{"line":106,"column":31}},"58":{"start":{"line":108,"column":16},"end":{"line":116,"column":19}},"59":{"start":{"line":109,"column":20},"end":{"line":115,"column":21}},"60":{"start":{"line":111,"column":24},"end":{"line":111,"column":37}},"61":{"start":{"line":113,"column":24},"end":{"line":113,"column":61}},"62":{"start":{"line":114,"column":24},"end":{"line":114,"column":39}},"63":{"start":{"line":122,"column":0},"end":{"line":133,"column":2}},"64":{"start":{"line":123,"column":4},"end":{"line":132,"column":7}},"65":{"start":{"line":124,"column":20},"end":{"line":124,"column":66}},"66":{"start":{"line":125,"column":8},"end":{"line":131,"column":11}},"67":{"start":{"line":126,"column":12},"end":{"line":130,"column":13}},"68":{"start":{"line":127,"column":16},"end":{"line":127,"column":28}},"69":{"start":{"line":129,"column":16},"end":{"line":129,"column":30}},"70":{"start":{"line":135,"column":0},"end":{"line":146,"column":2}},"71":{"start":{"line":136,"column":4},"end":{"line":145,"column":7}},"72":{"start":{"line":137,"column":20},"end":{"line":137,"column":60}},"73":{"start":{"line":138,"column":8},"end":{"line":144,"column":11}},"74":{"start":{"line":139,"column":12},"end":{"line":143,"column":13}},"75":{"start":{"line":140,"column":16},"end":{"line":140,"column":28}},"76":{"start":{"line":142,"column":16},"end":{"line":142,"column":38}},"77":{"start":{"line":148,"column":0},"end":{"line":171,"column":2}},"78":{"start":{"line":149,"column":4},"end":{"line":170,"column":6}},"79":{"start":{"line":151,"column":12},"end":{"line":151,"column":30}},"80":{"start":{"line":152,"column":8},"end":{"line":158,"column":11}},"81":{"start":{"line":153,"column":12},"end":{"line":156,"column":13}},"82":{"start":{"line":154,"column":16},"end":{"line":154,"column":28}},"83":{"start":{"line":155,"column":16},"end":{"line":155,"column":23}},"84":{"start":{"line":157,"column":12},"end":{"line":157,"column":22}},"85":{"start":{"line":161,"column":12},"end":{"line":161,"column":64}},"86":{"start":{"line":162,"column":8},"end":{"line":168,"column":11}},"87":{"start":{"line":163,"column":12},"end":{"line":166,"column":13}},"88":{"start":{"line":164,"column":16},"end":{"line":164,"column":28}},"89":{"start":{"line":165,"column":16},"end":{"line":165,"column":23}},"90":{"start":{"line":167,"column":12},"end":{"line":167,"column":22}},"91":{"start":{"line":173,"column":0},"end":{"line":185,"column":2}},"92":{"start":{"line":174,"column":4},"end":{"line":184,"column":6}},"93":{"start":{"line":176,"column":12},"end":{"line":176,"column":36}},"94":{"start":{"line":177,"column":8},"end":{"line":183,"column":11}},"95":{"start":{"line":178,"column":12},"end":{"line":181,"column":13}},"96":{"start":{"line":179,"column":16},"end":{"line":179,"column":28}},"97":{"start":{"line":180,"column":16},"end":{"line":180,"column":23}},"98":{"start":{"line":182,"column":12},"end":{"line":182,"column":22}}},"fnMap":{"0":{"name":"(anonymous_0)","decl":{"start":{"line":9,"column":49},"end":{"line":9,"column":50}},"loc":{"start":{"line":9,"column":58},"end":{"line":11,"column":1}},"line":9},"1":{"name":"(anonymous_1)","decl":{"start":{"line":15,"column":21},"end":{"line":15,"column":22}},"loc":{"start":{"line":15,"column":31},"end":{"line":33,"column":1}},"line":15},"2":{"name":"(anonymous_2)","decl":{"start":{"line":16,"column":23},"end":{"line":16,"column":24}},"loc":{"start":{"line":16,"column":44},"end":{"line":32,"column":5}},"line":16},"3":{"name":"(anonymous_3)","decl":{"start":{"line":28,"column":15},"end":{"line":28,"column":16}},"loc":{"start":{"line":28,"column":30},"end":{"line":31,"column":9}},"line":28},"4":{"name":"(anonymous_4)","decl":{"start":{"line":35,"column":27},"end":{"line":35,"column":28}},"loc":{"start":{"line":35,"column":44},"end":{"line":43,"column":1}},"line":35},"5":{"name":"(anonymous_5)","decl":{"start":{"line":36,"column":23},"end":{"line":36,"column":24}},"loc":{"start":{"line":36,"column":44},"end":{"line":42,"column":5}},"line":36},"6":{"name":"(anonymous_6)","decl":{"start":{"line":38,"column":35},"end":{"line":38,"column":36}},"loc":{"start":{"line":38,"column":50},"end":{"line":41,"column":9}},"line":38},"7":{"name":"(anonymous_7)","decl":{"start":{"line":45,"column":30},"end":{"line":45,"column":31}},"loc":{"start":{"line":45,"column":40},"end":{"line":55,"column":1}},"line":45},"8":{"name":"(anonymous_8)","decl":{"start":{"line":46,"column":23},"end":{"line":46,"column":24}},"loc":{"start":{"line":46,"column":44},"end":{"line":54,"column":5}},"line":46},"9":{"name":"(anonymous_9)","decl":{"start":{"line":48,"column":28},"end":{"line":48,"column":29}},"loc":{"start":{"line":48,"column":48},"end":{"line":53,"column":9}},"line":48},"10":{"name":"(anonymous_10)","decl":{"start":{"line":57,"column":22},"end":{"line":57,"column":23}},"loc":{"start":{"line":57,"column":30},"end":{"line":70,"column":1}},"line":57},"11":{"name":"(anonymous_11)","decl":{"start":{"line":58,"column":23},"end":{"line":58,"column":24}},"loc":{"start":{"line":58,"column":44},"end":{"line":69,"column":5}},"line":58},"12":{"name":"(anonymous_12)","decl":{"start":{"line":60,"column":26},"end":{"line":60,"column":27}},"loc":{"start":{"line":60,"column":46},"end":{"line":68,"column":9}},"line":60},"13":{"name":"(anonymous_13)","decl":{"start":{"line":72,"column":25},"end":{"line":72,"column":26}},"loc":{"start":{"line":72,"column":36},"end":{"line":83,"column":1}},"line":72},"14":{"name":"(anonymous_14)","decl":{"start":{"line":73,"column":23},"end":{"line":73,"column":24}},"loc":{"start":{"line":73,"column":44},"end":{"line":82,"column":5}},"line":73},"15":{"name":"(anonymous_15)","decl":{"start":{"line":75,"column":29},"end":{"line":75,"column":30}},"loc":{"start":{"line":75,"column":49},"end":{"line":81,"column":9}},"line":75},"16":{"name":"(anonymous_16)","decl":{"start":{"line":85,"column":28},"end":{"line":85,"column":29}},"loc":{"start":{"line":85,"column":42},"end":{"line":96,"column":1}},"line":85},"17":{"name":"(anonymous_17)","decl":{"start":{"line":86,"column":23},"end":{"line":86,"column":24}},"loc":{"start":{"line":86,"column":44},"end":{"line":95,"column":5}},"line":86},"18":{"name":"(anonymous_18)","decl":{"start":{"line":88,"column":32},"end":{"line":88,"column":33}},"loc":{"start":{"line":88,"column":52},"end":{"line":94,"column":9}},"line":88},"19":{"name":"(anonymous_19)","decl":{"start":{"line":98,"column":31},"end":{"line":98,"column":32}},"loc":{"start":{"line":98,"column":52},"end":{"line":120,"column":1}},"line":98},"20":{"name":"(anonymous_20)","decl":{"start":{"line":99,"column":23},"end":{"line":99,"column":24}},"loc":{"start":{"line":99,"column":44},"end":{"line":119,"column":5}},"line":99},"21":{"name":"(anonymous_21)","decl":{"start":{"line":101,"column":29},"end":{"line":101,"column":30}},"loc":{"start":{"line":101,"column":49},"end":{"line":118,"column":9}},"line":101},"22":{"name":"(anonymous_22)","decl":{"start":{"line":108,"column":56},"end":{"line":108,"column":57}},"loc":{"start":{"line":108,"column":68},"end":{"line":116,"column":17}},"line":108},"23":{"name":"(anonymous_23)","decl":{"start":{"line":122,"column":23},"end":{"line":122,"column":24}},"loc":{"start":{"line":122,"column":34},"end":{"line":133,"column":1}},"line":122},"24":{"name":"(anonymous_24)","decl":{"start":{"line":123,"column":23},"end":{"line":123,"column":24}},"loc":{"start":{"line":123,"column":44},"end":{"line":132,"column":5}},"line":123},"25":{"name":"(anonymous_25)","decl":{"start":{"line":125,"column":29},"end":{"line":125,"column":30}},"loc":{"start":{"line":125,"column":44},"end":{"line":131,"column":9}},"line":125},"26":{"name":"(anonymous_26)","decl":{"start":{"line":135,"column":27},"end":{"line":135,"column":28}},"loc":{"start":{"line":135,"column":38},"end":{"line":146,"column":1}},"line":135},"27":{"name":"(anonymous_27)","decl":{"start":{"line":136,"column":23},"end":{"line":136,"column":24}},"loc":{"start":{"line":136,"column":44},"end":{"line":145,"column":5}},"line":136},"28":{"name":"(anonymous_28)","decl":{"start":{"line":138,"column":29},"end":{"line":138,"column":30}},"loc":{"start":{"line":138,"column":44},"end":{"line":144,"column":9}},"line":138},"29":{"name":"(anonymous_29)","decl":{"start":{"line":148,"column":21},"end":{"line":148,"column":22}},"loc":{"start":{"line":148,"column":27},"end":{"line":171,"column":1}},"line":148},"30":{"name":"(anonymous_30)","decl":{"start":{"line":149,"column":23},"end":{"line":149,"column":24}},"loc":{"start":{"line":149,"column":44},"end":{"line":170,"column":5}},"line":149},"31":{"name":"(anonymous_31)","decl":{"start":{"line":152,"column":24},"end":{"line":152,"column":25}},"loc":{"start":{"line":152,"column":39},"end":{"line":158,"column":9}},"line":152},"32":{"name":"(anonymous_32)","decl":{"start":{"line":162,"column":25},"end":{"line":162,"column":26}},"loc":{"start":{"line":162,"column":40},"end":{"line":168,"column":9}},"line":162},"33":{"name":"(anonymous_33)","decl":{"start":{"line":173,"column":32},"end":{"line":173,"column":33}},"loc":{"start":{"line":173,"column":38},"end":{"line":185,"column":1}},"line":173},"34":{"name":"(anonymous_34)","decl":{"start":{"line":174,"column":23},"end":{"line":174,"column":24}},"loc":{"start":{"line":174,"column":44},"end":{"line":184,"column":5}},"line":174},"35":{"name":"(anonymous_35)","decl":{"start":{"line":177,"column":24},"end":{"line":177,"column":25}},"loc":{"start":{"line":177,"column":39},"end":{"line":183,"column":9}},"line":177}},"branchMap":{"0":{"loc":{"start":{"line":10,"column":4},"end":{"line":10,"column":23}},"type":"if","locations":[{"start":{"line":10,"column":4},"end":{"line":10,"column":23}},{"start":{},"end":{}}],"line":10},"1":{"loc":{"start":{"line":29,"column":12},"end":{"line":30,"column":38}},"type":"if","locations":[{"start":{"line":29,"column":12},"end":{"line":30,"column":38}},{"start":{"line":30,"column":17},"end":{"line":30,"column":38}}],"line":29},"2":{"loc":{"start":{"line":39,"column":12},"end":{"line":40,"column":31}},"type":"if","locations":[{"start":{"line":39,"column":12},"end":{"line":40,"column":31}},{"start":{"line":40,"column":17},"end":{"line":40,"column":31}}],"line":39},"3":{"loc":{"start":{"line":49,"column":12},"end":{"line":52,"column":13}},"type":"if","locations":[{"start":{"line":49,"column":12},"end":{"line":52,"column":13}},{"start":{"line":50,"column":18},"end":{"line":52,"column":13}}],"line":49},"4":{"loc":{"start":{"line":61,"column":12},"end":{"line":67,"column":13}},"type":"if","locations":[{"start":{"line":61,"column":12},"end":{"line":67,"column":13}},{"start":{"line":63,"column":19},"end":{"line":67,"column":13}}],"line":61},"5":{"loc":{"start":{"line":63,"column":19},"end":{"line":67,"column":13}},"type":"if","locations":[{"start":{"line":63,"column":19},"end":{"line":67,"column":13}},{"start":{"line":65,"column":19},"end":{"line":67,"column":13}}],"line":63},"6":{"loc":{"start":{"line":76,"column":12},"end":{"line":80,"column":13}},"type":"if","locations":[{"start":{"line":76,"column":12},"end":{"line":80,"column":13}},{"start":{"line":78,"column":19},"end":{"line":80,"column":13}}],"line":76},"7":{"loc":{"start":{"line":89,"column":12},"end":{"line":93,"column":13}},"type":"if","locations":[{"start":{"line":89,"column":12},"end":{"line":93,"column":13}},{"start":{"line":91,"column":19},"end":{"line":93,"column":13}}],"line":89},"8":{"loc":{"start":{"line":102,"column":12},"end":{"line":117,"column":13}},"type":"if","locations":[{"start":{"line":102,"column":12},"end":{"line":117,"column":13}},{"start":{"line":104,"column":19},"end":{"line":117,"column":13}}],"line":102},"9":{"loc":{"start":{"line":104,"column":19},"end":{"line":117,"column":13}},"type":"if","locations":[{"start":{"line":104,"column":19},"end":{"line":117,"column":13}},{"start":{"line":107,"column":19},"end":{"line":117,"column":13}}],"line":104},"10":{"loc":{"start":{"line":109,"column":20},"end":{"line":115,"column":21}},"type":"if","locations":[{"start":{"line":109,"column":20},"end":{"line":115,"column":21}},{"start":{"line":112,"column":25},"end":{"line":115,"column":21}}],"line":109},"11":{"loc":{"start":{"line":126,"column":12},"end":{"line":130,"column":13}},"type":"if","locations":[{"start":{"line":126,"column":12},"end":{"line":130,"column":13}},{"start":{"line":128,"column":19},"end":{"line":130,"column":13}}],"line":126},"12":{"loc":{"start":{"line":139,"column":12},"end":{"line":143,"column":13}},"type":"if","locations":[{"start":{"line":139,"column":12},"end":{"line":143,"column":13}},{"start":{"line":141,"column":19},"end":{"line":143,"column":13}}],"line":139},"13":{"loc":{"start":{"line":153,"column":12},"end":{"line":156,"column":13}},"type":"if","locations":[{"start":{"line":153,"column":12},"end":{"line":156,"column":13}},{"start":{},"end":{}}],"line":153},"14":{"loc":{"start":{"line":163,"column":12},"end":{"line":166,"column":13}},"type":"if","locations":[{"start":{"line":163,"column":12},"end":{"line":166,"column":13}},{"start":{},"end":{}}],"line":163},"15":{"loc":{"start":{"line":178,"column":12},"end":{"line":181,"column":13}},"type":"if","locations":[{"start":{"line":178,"column":12},"end":{"line":181,"column":13}},{"start":{},"end":{}}],"line":178}},"s":{"0":2,"1":2,"2":2,"3":2,"4":0,"5":2,"6":35,"7":35,"8":35,"9":35,"10":0,"11":35,"12":2,"13":1,"14":1,"15":1,"16":1,"17":0,"18":1,"19":2,"20":2,"21":2,"22":2,"23":2,"24":0,"25":2,"26":2,"27":1,"28":1,"29":1,"30":1,"31":0,"32":1,"33":0,"34":1,"35":2,"36":2,"37":2,"38":2,"39":2,"40":0,"41":2,"42":2,"43":1,"44":1,"45":1,"46":1,"47":0,"48":1,"49":2,"50":2,"51":2,"52":2,"53":2,"54":0,"55":2,"56":0,"57":0,"58":2,"59":2,"60":1,"61":1,"62":1,"63":2,"64":1,"65":1,"66":1,"67":1,"68":0,"69":1,"70":2,"71":1,"72":1,"73":1,"74":1,"75":0,"76":1,"77":2,"78":18,"79":18,"80":18,"81":18,"82":0,"83":0,"84":18,"85":18,"86":18,"87":18,"88":0,"89":0,"90":18,"91":2,"92":1,"93":1,"94":1,"95":1,"96":0,"97":0,"98":1},"f":{"0":2,"1":35,"2":35,"3":35,"4":1,"5":1,"6":1,"7":2,"8":2,"9":2,"10":1,"11":1,"12":1,"13":2,"14":2,"15":2,"16":1,"17":1,"18":1,"19":2,"20":2,"21":2,"22":2,"23":1,"24":1,"25":1,"26":1,"27":1,"28":1,"29":18,"30":18,"31":18,"32":18,"33":1,"34":1,"35":1},"b":{"0":[0,2],"1":[0,35],"2":[0,1],"3":[0,2],"4":[0,1],"5":[0,1],"6":[0,2],"7":[0,1],"8":[0,2],"9":[0,2],"10":[1,1],"11":[0,1],"12":[0,1],"13":[0,18],"14":[0,18],"15":[0,1]},"_coverageSchema":"1a1c01bbd47fc00a2c39e90264f33305004495a9","hash":"4d3af6d4a18e5422d53a14a0e37383dfc0f5ea57"}
}
