TN:
SF:modules\dao\hikedao.js
FN:9,(anonymous_0)
FN:19,(anonymous_1)
FN:20,(anonymous_2)
FN:23,(anonymous_3)
FN:33,(anonymous_4)
FN:34,(anonymous_5)
FN:38,(anonymous_6)
FN:48,(anonymous_7)
FN:49,(anonymous_8)
FN:52,(anonymous_9)
FN:62,(anonymous_10)
FN:63,(anonymous_11)
FN:66,(anonymous_12)
FN:76,(anonymous_13)
FN:79,(anonymous_14)
FN:82,(anonymous_15)
FN:92,(anonymous_16)
FN:99,(anonymous_17)
FN:103,(anonymous_18)
FN:108,(anonymous_19)
FN:125,(anonymous_20)
FN:126,(anonymous_21)
FN:129,(anonymous_22)
FN:139,(anonymous_23)
FN:140,(anonymous_24)
FN:143,(anonymous_25)
FN:153,(anonymous_26)
FN:154,(anonymous_27)
FN:159,(anonymous_28)
FN:168,(anonymous_29)
FN:264,(anonymous_30)
FN:288,calculateDistanceAndAscent
FN:301,estimateDifficulty
FN:352,(anonymous_33)
FN:353,(anonymous_34)
FN:355,(anonymous_35)
FN:364,(anonymous_36)
FN:366,(anonymous_37)
FN:368,(anonymous_38)
FN:381,(anonymous_39)
FN:382,(anonymous_40)
FN:385,(anonymous_41)
FN:391,(anonymous_42)
FN:406,(anonymous_43)
FN:407,(anonymous_44)
FN:410,(anonymous_45)
FN:416,(anonymous_46)
FN:431,(anonymous_47)
FN:432,(anonymous_48)
FN:434,(anonymous_49)
FN:435,(anonymous_50)
FN:449,(anonymous_51)
FN:450,(anonymous_52)
FN:452,(anonymous_53)
FN:466,(anonymous_54)
FN:467,(anonymous_55)
FN:469,(anonymous_56)
FN:481,(anonymous_57)
FN:482,(anonymous_58)
FN:484,(anonymous_59)
FN:497,(anonymous_60)
FN:498,(anonymous_61)
FN:501,(anonymous_62)
FN:507,(anonymous_63)
FN:522,(anonymous_64)
FN:523,(anonymous_65)
FN:525,(anonymous_66)
FN:537,(anonymous_67)
FN:538,(anonymous_68)
FN:540,(anonymous_69)
FN:552,(anonymous_70)
FN:553,(anonymous_71)
FN:555,(anonymous_72)
FN:568,(anonymous_73)
FN:569,(anonymous_74)
FN:571,(anonymous_75)
FN:584,(anonymous_76)
FN:585,(anonymous_77)
FN:587,(anonymous_78)
FN:600,(anonymous_79)
FN:601,(anonymous_80)
FN:604,(anonymous_81)
FN:610,(anonymous_82)
FN:625,(anonymous_83)
FN:626,(anonymous_84)
FN:628,(anonymous_85)
FN:643,(anonymous_86)
FN:644,(anonymous_87)
FN:646,(anonymous_88)
FNF:89
FNH:83
FNDA:3,(anonymous_0)
FNDA:1,(anonymous_1)
FNDA:1,(anonymous_2)
FNDA:1,(anonymous_3)
FNDA:1,(anonymous_4)
FNDA:1,(anonymous_5)
FNDA:1,(anonymous_6)
FNDA:1,(anonymous_7)
FNDA:1,(anonymous_8)
FNDA:1,(anonymous_9)
FNDA:1,(anonymous_10)
FNDA:1,(anonymous_11)
FNDA:1,(anonymous_12)
FNDA:1,(anonymous_13)
FNDA:1,(anonymous_14)
FNDA:1,(anonymous_15)
FNDA:1,(anonymous_16)
FNDA:1,(anonymous_17)
FNDA:1,(anonymous_18)
FNDA:4,(anonymous_19)
FNDA:1,(anonymous_20)
FNDA:1,(anonymous_21)
FNDA:1,(anonymous_22)
FNDA:1,(anonymous_23)
FNDA:1,(anonymous_24)
FNDA:1,(anonymous_25)
FNDA:0,(anonymous_26)
FNDA:0,(anonymous_27)
FNDA:0,(anonymous_28)
FNDA:7,(anonymous_29)
FNDA:1,(anonymous_30)
FNDA:1,calculateDistanceAndAscent
FNDA:1,estimateDifficulty
FNDA:1,(anonymous_33)
FNDA:1,(anonymous_34)
FNDA:1,(anonymous_35)
FNDA:62,(anonymous_36)
FNDA:62,(anonymous_37)
FNDA:62,(anonymous_38)
FNDA:15,(anonymous_39)
FNDA:15,(anonymous_40)
FNDA:15,(anonymous_41)
FNDA:15,(anonymous_42)
FNDA:25,(anonymous_43)
FNDA:25,(anonymous_44)
FNDA:25,(anonymous_45)
FNDA:25,(anonymous_46)
FNDA:2,(anonymous_47)
FNDA:2,(anonymous_48)
FNDA:2,(anonymous_49)
FNDA:2,(anonymous_50)
FNDA:40,(anonymous_51)
FNDA:40,(anonymous_52)
FNDA:40,(anonymous_53)
FNDA:64,(anonymous_54)
FNDA:64,(anonymous_55)
FNDA:64,(anonymous_56)
FNDA:4,(anonymous_57)
FNDA:4,(anonymous_58)
FNDA:4,(anonymous_59)
FNDA:15,(anonymous_60)
FNDA:15,(anonymous_61)
FNDA:15,(anonymous_62)
FNDA:15,(anonymous_63)
FNDA:124,(anonymous_64)
FNDA:124,(anonymous_65)
FNDA:124,(anonymous_66)
FNDA:16,(anonymous_67)
FNDA:16,(anonymous_68)
FNDA:16,(anonymous_69)
FNDA:2,(anonymous_70)
FNDA:2,(anonymous_71)
FNDA:2,(anonymous_72)
FNDA:1,(anonymous_73)
FNDA:1,(anonymous_74)
FNDA:1,(anonymous_75)
FNDA:1,(anonymous_76)
FNDA:1,(anonymous_77)
FNDA:1,(anonymous_78)
FNDA:15,(anonymous_79)
FNDA:15,(anonymous_80)
FNDA:15,(anonymous_81)
FNDA:15,(anonymous_82)
FNDA:1,(anonymous_83)
FNDA:1,(anonymous_84)
FNDA:1,(anonymous_85)
FNDA:0,(anonymous_86)
FNDA:0,(anonymous_87)
FNDA:0,(anonymous_88)
DA:6,3
DA:9,3
DA:10,3
DA:14,3
DA:19,3
DA:20,1
DA:22,1
DA:23,1
DA:24,1
DA:26,1
DA:27,1
DA:33,3
DA:34,1
DA:36,1
DA:38,1
DA:39,1
DA:40,0
DA:42,1
DA:48,3
DA:49,1
DA:51,1
DA:52,1
DA:53,1
DA:55,1
DA:56,1
DA:62,3
DA:63,1
DA:65,1
DA:66,1
DA:67,1
DA:69,1
DA:70,1
DA:76,3
DA:79,1
DA:81,1
DA:82,1
DA:83,1
DA:85,1
DA:86,1
DA:92,3
DA:94,1
DA:95,1
DA:99,1
DA:101,1
DA:103,1
DA:104,1
DA:107,1
DA:108,1
DA:110,4
DA:112,4
DA:114,2
DA:119,1
DA:125,3
DA:126,1
DA:128,1
DA:129,1
DA:130,1
DA:132,1
DA:133,1
DA:139,3
DA:140,1
DA:142,1
DA:143,1
DA:144,1
DA:146,1
DA:147,1
DA:153,3
DA:154,0
DA:155,0
DA:156,0
DA:158,0
DA:159,0
DA:160,0
DA:162,0
DA:163,0
DA:168,3
DA:181,7
DA:182,7
DA:183,7
DA:184,7
DA:185,42
DA:186,21
DA:187,14
DA:202,21
DA:203,21
DA:204,21
DA:205,21
DA:206,21
DA:207,21
DA:208,21
DA:209,21
DA:210,21
DA:211,21
DA:213,42
DA:214,42
DA:222,42
DA:224,21
DA:225,21
DA:227,21
DA:228,21
DA:230,0
DA:231,0
DA:233,0
DA:234,0
DA:236,0
DA:237,0
DA:240,7
DA:254,7
DA:260,3
DA:261,3
DA:262,3
DA:264,3
DA:265,1
DA:266,1
DA:268,1
DA:269,1
DA:270,1
DA:271,1
DA:272,1
DA:276,1
DA:280,1
DA:281,1
DA:282,1
DA:284,0
DA:289,1
DA:290,1
DA:291,1
DA:292,494
DA:293,494
DA:294,494
DA:295,494
DA:296,494
DA:298,1
DA:302,1
DA:304,1
DA:305,0
DA:307,1
DA:308,0
DA:310,1
DA:311,0
DA:314,1
DA:318,1
DA:319,0
DA:321,1
DA:322,0
DA:324,1
DA:325,1
DA:327,0
DA:328,0
DA:330,0
DA:331,0
DA:333,0
DA:334,0
DA:337,0
DA:340,1
DA:341,0
DA:342,1
DA:343,0
DA:345,1
DA:352,3
DA:353,1
DA:354,1
DA:355,1
DA:356,1
DA:357,0
DA:359,1
DA:364,3
DA:366,62
DA:367,62
DA:368,62
DA:369,62
DA:370,0
DA:371,0
DA:373,62
DA:381,3
DA:382,15
DA:383,15
DA:384,15
DA:385,15
DA:386,15
DA:387,0
DA:388,0
DA:391,15
DA:392,15
DA:393,0
DA:394,0
DA:397,15
DA:406,3
DA:407,25
DA:408,25
DA:409,25
DA:410,25
DA:411,25
DA:412,0
DA:413,0
DA:416,25
DA:417,25
DA:418,0
DA:419,0
DA:422,25
DA:431,3
DA:432,2
DA:433,2
DA:434,2
DA:435,2
DA:436,2
DA:437,0
DA:438,0
DA:441,2
DA:449,3
DA:450,40
DA:451,40
DA:452,40
DA:453,40
DA:454,0
DA:455,0
DA:458,40
DA:466,3
DA:467,64
DA:468,64
DA:469,64
DA:470,64
DA:471,0
DA:472,0
DA:475,64
DA:481,3
DA:482,4
DA:483,4
DA:484,4
DA:485,4
DA:486,0
DA:487,0
DA:490,4
DA:497,3
DA:498,15
DA:499,15
DA:500,15
DA:501,15
DA:502,15
DA:503,0
DA:504,0
DA:507,15
DA:508,15
DA:509,0
DA:510,0
DA:513,15
DA:522,3
DA:523,124
DA:524,124
DA:525,124
DA:526,124
DA:527,0
DA:528,0
DA:531,124
DA:537,3
DA:538,16
DA:539,16
DA:540,16
DA:541,16
DA:542,0
DA:543,0
DA:546,16
DA:552,3
DA:553,2
DA:554,2
DA:555,2
DA:556,2
DA:557,0
DA:558,0
DA:561,2
DA:568,3
DA:569,1
DA:570,1
DA:571,1
DA:572,1
DA:573,0
DA:574,0
DA:577,1
DA:584,3
DA:585,1
DA:586,1
DA:587,1
DA:588,1
DA:589,0
DA:590,0
DA:593,1
DA:600,3
DA:601,15
DA:602,15
DA:603,15
DA:604,15
DA:605,15
DA:606,0
DA:607,0
DA:610,15
DA:611,15
DA:612,0
DA:613,0
DA:616,15
DA:625,3
DA:626,1
DA:627,1
DA:628,1
DA:629,1
DA:630,0
DA:633,1
DA:643,3
DA:644,0
DA:645,0
DA:646,0
DA:647,0
DA:648,0
DA:651,0
LF:313
LH:239
BRDA:10,0,0,0
BRDA:10,0,1,3
BRDA:24,1,0,0
BRDA:24,1,1,1
BRDA:39,2,0,0
BRDA:39,2,1,1
BRDA:53,3,0,0
BRDA:53,3,1,1
BRDA:67,4,0,0
BRDA:67,4,1,1
BRDA:83,5,0,0
BRDA:83,5,1,1
BRDA:104,6,0,0
BRDA:104,6,1,1
BRDA:112,7,0,2
BRDA:112,7,1,2
BRDA:112,8,0,4
BRDA:112,8,1,4
BRDA:130,9,0,0
BRDA:130,9,1,1
BRDA:144,10,0,0
BRDA:144,10,1,1
BRDA:160,11,0,0
BRDA:160,11,1,0
BRDA:185,12,0,21
BRDA:185,12,1,21
BRDA:186,13,0,14
BRDA:186,13,1,7
BRDA:222,14,0,21
BRDA:222,14,1,21
BRDA:222,14,2,0
BRDA:222,14,3,0
BRDA:222,14,4,0
BRDA:265,15,0,1
BRDA:265,15,1,0
BRDA:304,16,0,0
BRDA:304,16,1,1
BRDA:307,17,0,0
BRDA:307,17,1,1
BRDA:307,18,0,1
BRDA:307,18,1,1
BRDA:310,19,0,0
BRDA:310,19,1,1
BRDA:310,20,0,1
BRDA:310,20,1,1
BRDA:318,21,0,0
BRDA:318,21,1,1
BRDA:318,22,0,1
BRDA:318,22,1,1
BRDA:321,23,0,0
BRDA:321,23,1,1
BRDA:321,24,0,1
BRDA:321,24,1,1
BRDA:324,25,0,1
BRDA:324,25,1,0
BRDA:327,26,0,0
BRDA:327,26,1,0
BRDA:327,27,0,0
BRDA:327,27,1,0
BRDA:330,28,0,0
BRDA:330,28,1,0
BRDA:330,29,0,0
BRDA:330,29,1,0
BRDA:333,30,0,0
BRDA:333,30,1,0
BRDA:333,31,0,0
BRDA:333,31,1,0
BRDA:340,32,0,0
BRDA:340,32,1,1
BRDA:342,33,0,0
BRDA:342,33,1,1
BRDA:342,34,0,1
BRDA:342,34,1,1
BRDA:356,35,0,0
BRDA:356,35,1,1
BRDA:369,36,0,0
BRDA:369,36,1,62
BRDA:386,37,0,0
BRDA:386,37,1,15
BRDA:392,38,0,0
BRDA:392,38,1,15
BRDA:411,39,0,0
BRDA:411,39,1,25
BRDA:417,40,0,0
BRDA:417,40,1,25
BRDA:436,41,0,0
BRDA:436,41,1,2
BRDA:453,42,0,0
BRDA:453,42,1,40
BRDA:470,43,0,0
BRDA:470,43,1,64
BRDA:485,44,0,0
BRDA:485,44,1,4
BRDA:502,45,0,0
BRDA:502,45,1,15
BRDA:508,46,0,0
BRDA:508,46,1,15
BRDA:526,47,0,0
BRDA:526,47,1,124
BRDA:541,48,0,0
BRDA:541,48,1,16
BRDA:556,49,0,0
BRDA:556,49,1,2
BRDA:572,50,0,0
BRDA:572,50,1,1
BRDA:588,51,0,0
BRDA:588,51,1,1
BRDA:605,52,0,0
BRDA:605,52,1,15
BRDA:611,53,0,0
BRDA:611,53,1,15
BRDA:629,54,0,0
BRDA:629,54,1,1
BRDA:647,55,0,0
BRDA:647,55,1,0
BRF:115
BRH:58
end_of_record
TN:
SF:modules\dao\hutdao.js
FN:9,(anonymous_0)
FN:13,(anonymous_1)
FN:18,(anonymous_2)
FN:26,(anonymous_3)
FN:37,(anonymous_4)
FN:38,(anonymous_5)
FN:41,(anonymous_6)
FN:51,(anonymous_7)
FN:62,(anonymous_8)
FN:63,(anonymous_9)
FN:66,(anonymous_10)
FN:77,(anonymous_11)
FN:78,(anonymous_12)
FN:84,(anonymous_13)
FN:94,(anonymous_14)
FN:95,(anonymous_15)
FN:101,(anonymous_16)
FN:111,(anonymous_17)
FN:112,(anonymous_18)
FN:118,(anonymous_19)
FN:128,(anonymous_20)
FN:129,(anonymous_21)
FN:135,(anonymous_22)
FN:145,(anonymous_23)
FN:146,(anonymous_24)
FN:152,(anonymous_25)
FN:162,(anonymous_26)
FN:163,(anonymous_27)
FN:169,(anonymous_28)
FN:179,(anonymous_29)
FN:180,(anonymous_30)
FN:186,(anonymous_31)
FN:196,(anonymous_32)
FN:197,(anonymous_33)
FN:203,(anonymous_34)
FN:213,(anonymous_35)
FN:214,(anonymous_36)
FN:220,(anonymous_37)
FN:230,(anonymous_38)
FN:231,(anonymous_39)
FN:237,(anonymous_40)
FN:247,(anonymous_41)
FN:248,(anonymous_42)
FN:254,(anonymous_43)
FN:264,(anonymous_44)
FN:265,(anonymous_45)
FN:271,(anonymous_46)
FN:284,(anonymous_47)
FN:285,(anonymous_48)
FN:293,(anonymous_49)
FN:304,(anonymous_50)
FN:305,(anonymous_51)
FN:307,(anonymous_52)
FN:320,(anonymous_53)
FN:321,(anonymous_54)
FN:323,(anonymous_55)
FNF:56
FNH:38
FNDA:1,(anonymous_0)
FNDA:40,(anonymous_1)
FNDA:40,(anonymous_2)
FNDA:40,(anonymous_3)
FNDA:10,(anonymous_4)
FNDA:10,(anonymous_5)
FNDA:10,(anonymous_6)
FNDA:10,(anonymous_7)
FNDA:0,(anonymous_8)
FNDA:0,(anonymous_9)
FNDA:0,(anonymous_10)
FNDA:1,(anonymous_11)
FNDA:1,(anonymous_12)
FNDA:1,(anonymous_13)
FNDA:1,(anonymous_14)
FNDA:1,(anonymous_15)
FNDA:1,(anonymous_16)
FNDA:0,(anonymous_17)
FNDA:0,(anonymous_18)
FNDA:0,(anonymous_19)
FNDA:0,(anonymous_20)
FNDA:0,(anonymous_21)
FNDA:0,(anonymous_22)
FNDA:1,(anonymous_23)
FNDA:1,(anonymous_24)
FNDA:1,(anonymous_25)
FNDA:1,(anonymous_26)
FNDA:1,(anonymous_27)
FNDA:1,(anonymous_28)
FNDA:1,(anonymous_29)
FNDA:1,(anonymous_30)
FNDA:1,(anonymous_31)
FNDA:1,(anonymous_32)
FNDA:1,(anonymous_33)
FNDA:1,(anonymous_34)
FNDA:1,(anonymous_35)
FNDA:1,(anonymous_36)
FNDA:1,(anonymous_37)
FNDA:1,(anonymous_38)
FNDA:1,(anonymous_39)
FNDA:1,(anonymous_40)
FNDA:1,(anonymous_41)
FNDA:1,(anonymous_42)
FNDA:1,(anonymous_43)
FNDA:1,(anonymous_44)
FNDA:1,(anonymous_45)
FNDA:1,(anonymous_46)
FNDA:0,(anonymous_47)
FNDA:0,(anonymous_48)
FNDA:0,(anonymous_49)
FNDA:0,(anonymous_50)
FNDA:0,(anonymous_51)
FNDA:0,(anonymous_52)
FNDA:0,(anonymous_53)
FNDA:0,(anonymous_54)
FNDA:0,(anonymous_55)
DA:6,1
DA:9,1
DA:10,1
DA:13,1
DA:18,40
DA:19,40
DA:23,40
DA:27,40
DA:28,0
DA:29,0
DA:31,40
DA:37,1
DA:38,10
DA:40,10
DA:41,10
DA:42,10
DA:43,0
DA:44,0
DA:46,10
DA:50,10
DA:51,10
DA:52,10
DA:53,0
DA:54,0
DA:56,10
DA:62,1
DA:63,0
DA:65,0
DA:66,0
DA:67,0
DA:68,0
DA:69,0
DA:71,0
DA:77,1
DA:78,1
DA:80,1
DA:84,1
DA:85,1
DA:86,0
DA:88,1
DA:94,1
DA:95,1
DA:97,1
DA:101,1
DA:102,1
DA:103,0
DA:105,1
DA:111,1
DA:112,0
DA:114,0
DA:118,0
DA:119,0
DA:120,0
DA:122,0
DA:128,1
DA:129,0
DA:131,0
DA:135,0
DA:136,0
DA:137,0
DA:139,0
DA:145,1
DA:146,1
DA:148,1
DA:152,1
DA:153,1
DA:154,0
DA:156,1
DA:162,1
DA:163,1
DA:165,1
DA:169,1
DA:170,1
DA:171,0
DA:173,1
DA:179,1
DA:180,1
DA:182,1
DA:186,1
DA:187,1
DA:188,0
DA:190,1
DA:196,1
DA:197,1
DA:199,1
DA:203,1
DA:204,1
DA:205,0
DA:207,1
DA:213,1
DA:214,1
DA:216,1
DA:220,1
DA:221,1
DA:222,0
DA:224,1
DA:230,1
DA:231,1
DA:233,1
DA:237,1
DA:238,1
DA:239,0
DA:241,1
DA:247,1
DA:248,1
DA:250,1
DA:254,1
DA:255,1
DA:256,0
DA:258,1
DA:264,1
DA:265,1
DA:267,1
DA:271,1
DA:272,1
DA:273,0
DA:275,1
DA:284,1
DA:285,0
DA:286,0
DA:287,0
DA:289,0
DA:293,0
DA:294,0
DA:295,0
DA:297,0
DA:304,1
DA:305,0
DA:306,0
DA:307,0
DA:308,0
DA:309,0
DA:310,0
DA:313,0
DA:320,1
DA:321,0
DA:322,0
DA:323,0
DA:324,0
DA:325,0
DA:326,0
DA:329,0
LF:142
LH:85
BRDA:10,0,0,0
BRDA:10,0,1,1
BRDA:27,1,0,0
BRDA:27,1,1,40
BRDA:42,2,0,0
BRDA:42,2,1,10
BRDA:52,3,0,0
BRDA:52,3,1,10
BRDA:67,4,0,0
BRDA:67,4,1,0
BRDA:85,5,0,0
BRDA:85,5,1,1
BRDA:102,6,0,0
BRDA:102,6,1,1
BRDA:119,7,0,0
BRDA:119,7,1,0
BRDA:136,8,0,0
BRDA:136,8,1,0
BRDA:153,9,0,0
BRDA:153,9,1,1
BRDA:170,10,0,0
BRDA:170,10,1,1
BRDA:187,11,0,0
BRDA:187,11,1,1
BRDA:204,12,0,0
BRDA:204,12,1,1
BRDA:221,13,0,0
BRDA:221,13,1,1
BRDA:238,14,0,0
BRDA:238,14,1,1
BRDA:255,15,0,0
BRDA:255,15,1,1
BRDA:272,16,0,0
BRDA:272,16,1,1
BRDA:294,17,0,0
BRDA:294,17,1,0
BRDA:308,18,0,0
BRDA:308,18,1,0
BRDA:324,19,0,0
BRDA:324,19,1,0
BRF:40
BRH:14
end_of_record
TN:
SF:modules\dao\parkingdao.js
FN:9,(anonymous_0)
FN:20,(anonymous_1)
FN:21,(anonymous_2)
FN:23,(anonymous_3)
FN:33,(anonymous_4)
FN:34,(anonymous_5)
FN:36,(anonymous_6)
FN:44,(anonymous_7)
FN:47,(anonymous_8)
FN:49,(anonymous_9)
FN:60,(anonymous_10)
FN:61,(anonymous_11)
FN:63,(anonymous_12)
FNF:13
FNH:13
FNDA:1,(anonymous_0)
FNDA:1,(anonymous_1)
FNDA:1,(anonymous_2)
FNDA:1,(anonymous_3)
FNDA:1,(anonymous_4)
FNDA:1,(anonymous_5)
FNDA:1,(anonymous_6)
FNDA:4,(anonymous_7)
FNDA:4,(anonymous_8)
FNDA:4,(anonymous_9)
FNDA:2,(anonymous_10)
FNDA:2,(anonymous_11)
FNDA:2,(anonymous_12)
DA:6,1
DA:9,1
DA:10,1
DA:20,1
DA:21,1
DA:22,1
DA:23,1
DA:24,1
DA:25,0
DA:27,1
DA:33,1
DA:34,1
DA:35,1
DA:36,1
DA:37,1
DA:38,0
DA:40,1
DA:44,1
DA:47,4
DA:48,4
DA:49,4
DA:50,4
DA:51,0
DA:52,0
DA:54,4
DA:60,1
DA:61,2
DA:62,2
DA:63,2
DA:64,2
DA:65,0
DA:67,2
LF:32
LH:27
BRDA:10,0,0,0
BRDA:10,0,1,1
BRDA:24,1,0,0
BRDA:24,1,1,1
BRDA:37,2,0,0
BRDA:37,2,1,1
BRDA:50,3,0,0
BRDA:50,3,1,4
BRDA:64,4,0,0
BRDA:64,4,1,2
BRF:10
BRH:5
end_of_record
TN:
SF:modules\dao\userdao.js
FN:9,(anonymous_0)
FN:15,(anonymous_1)
FN:16,(anonymous_2)
FN:19,(anonymous_3)
FN:29,(anonymous_4)
FN:30,(anonymous_5)
FN:32,(anonymous_6)
FN:42,(anonymous_7)
FN:43,(anonymous_8)
FN:45,(anonymous_9)
FN:55,(anonymous_10)
FN:56,(anonymous_11)
FN:58,(anonymous_12)
FN:70,(anonymous_13)
FN:71,(anonymous_14)
FN:73,(anonymous_15)
FN:83,(anonymous_16)
FN:84,(anonymous_17)
FN:86,(anonymous_18)
FN:96,(anonymous_19)
FN:97,(anonymous_20)
FN:99,(anonymous_21)
FN:106,(anonymous_22)
FN:120,(anonymous_23)
FN:121,(anonymous_24)
FN:123,(anonymous_25)
FN:133,(anonymous_26)
FN:134,(anonymous_27)
FN:136,(anonymous_28)
FN:146,(anonymous_29)
FN:147,(anonymous_30)
FN:150,(anonymous_31)
FN:160,(anonymous_32)
FN:171,(anonymous_33)
FN:172,(anonymous_34)
FN:175,(anonymous_35)
FNF:36
FNH:36
FNDA:2,(anonymous_0)
FNDA:31,(anonymous_1)
FNDA:31,(anonymous_2)
FNDA:31,(anonymous_3)
FNDA:1,(anonymous_4)
FNDA:1,(anonymous_5)
FNDA:1,(anonymous_6)
FNDA:2,(anonymous_7)
FNDA:2,(anonymous_8)
FNDA:2,(anonymous_9)
FNDA:1,(anonymous_10)
FNDA:1,(anonymous_11)
FNDA:1,(anonymous_12)
FNDA:2,(anonymous_13)
FNDA:2,(anonymous_14)
FNDA:2,(anonymous_15)
FNDA:1,(anonymous_16)
FNDA:1,(anonymous_17)
FNDA:1,(anonymous_18)
FNDA:2,(anonymous_19)
FNDA:2,(anonymous_20)
FNDA:2,(anonymous_21)
FNDA:2,(anonymous_22)
FNDA:1,(anonymous_23)
FNDA:1,(anonymous_24)
FNDA:1,(anonymous_25)
FNDA:1,(anonymous_26)
FNDA:1,(anonymous_27)
FNDA:1,(anonymous_28)
FNDA:16,(anonymous_29)
FNDA:16,(anonymous_30)
FNDA:16,(anonymous_31)
FNDA:16,(anonymous_32)
FNDA:1,(anonymous_33)
FNDA:1,(anonymous_34)
FNDA:1,(anonymous_35)
DA:5,2
DA:6,2
DA:9,2
DA:10,2
DA:15,2
DA:16,31
DA:18,31
DA:19,31
DA:20,31
DA:21,0
DA:22,0
DA:24,31
DA:29,2
DA:30,1
DA:31,1
DA:32,1
DA:33,1
DA:34,0
DA:35,0
DA:37,1
DA:42,2
DA:43,2
DA:44,2
DA:45,2
DA:46,2
DA:47,0
DA:49,2
DA:55,2
DA:56,1
DA:57,1
DA:58,1
DA:59,1
DA:60,0
DA:61,1
DA:62,0
DA:64,1
DA:70,2
DA:71,2
DA:72,2
DA:73,2
DA:74,2
DA:75,0
DA:77,2
DA:83,2
DA:84,1
DA:85,1
DA:86,1
DA:87,1
DA:88,0
DA:90,1
DA:96,2
DA:97,2
DA:98,2
DA:99,2
DA:100,2
DA:101,0
DA:102,2
DA:103,0
DA:104,0
DA:106,2
DA:107,2
DA:109,1
DA:111,1
DA:112,1
DA:120,2
DA:121,1
DA:122,1
DA:123,1
DA:124,1
DA:125,0
DA:127,1
DA:133,2
DA:134,1
DA:135,1
DA:136,1
DA:137,1
DA:138,0
DA:140,1
DA:146,2
DA:147,16
DA:149,16
DA:150,16
DA:151,16
DA:152,0
DA:153,0
DA:155,16
DA:159,16
DA:160,16
DA:161,16
DA:162,0
DA:163,0
DA:165,16
DA:171,2
DA:172,1
DA:174,1
DA:175,1
DA:176,1
DA:177,0
DA:178,0
DA:180,1
LF:100
LH:80
BRDA:10,0,0,0
BRDA:10,0,1,2
BRDA:20,1,0,0
BRDA:20,1,1,31
BRDA:33,2,0,0
BRDA:33,2,1,1
BRDA:46,3,0,0
BRDA:46,3,1,2
BRDA:59,4,0,0
BRDA:59,4,1,1
BRDA:61,5,0,0
BRDA:61,5,1,1
BRDA:74,6,0,0
BRDA:74,6,1,2
BRDA:87,7,0,0
BRDA:87,7,1,1
BRDA:100,8,0,0
BRDA:100,8,1,2
BRDA:102,9,0,0
BRDA:102,9,1,2
BRDA:107,10,0,1
BRDA:107,10,1,1
BRDA:124,11,0,0
BRDA:124,11,1,1
BRDA:137,12,0,0
BRDA:137,12,1,1
BRDA:151,13,0,0
BRDA:151,13,1,16
BRDA:161,14,0,0
BRDA:161,14,1,16
BRDA:176,15,0,0
BRDA:176,15,1,1
BRF:32
BRH:17
end_of_record
