TN:
SF:dao.js
FN:11,(anonymous_0)
FN:17,(anonymous_1)
FN:18,(anonymous_2)
FN:21,(anonymous_3)
FN:31,(anonymous_4)
FN:32,(anonymous_5)
FN:34,(anonymous_6)
FN:44,(anonymous_7)
FN:45,(anonymous_8)
FN:47,(anonymous_9)
FN:57,(anonymous_10)
FN:58,(anonymous_11)
FN:60,(anonymous_12)
FN:72,(anonymous_13)
FN:73,(anonymous_14)
FN:75,(anonymous_15)
FN:85,(anonymous_16)
FN:86,(anonymous_17)
FN:88,(anonymous_18)
FN:98,(anonymous_19)
FN:99,(anonymous_20)
FN:101,(anonymous_21)
FN:108,(anonymous_22)
FN:122,(anonymous_23)
FN:123,(anonymous_24)
FN:125,(anonymous_25)
FN:135,(anonymous_26)
FN:136,(anonymous_27)
FN:138,(anonymous_28)
FN:148,(anonymous_29)
FN:149,(anonymous_30)
FN:152,(anonymous_31)
FN:162,(anonymous_32)
FN:173,(anonymous_33)
FN:174,(anonymous_34)
FN:177,(anonymous_35)
FN:190,(anonymous_36)
FN:191,(anonymous_37)
FN:194,(anonymous_38)
FN:204,(anonymous_39)
FN:205,(anonymous_40)
FN:208,(anonymous_41)
FN:218,(anonymous_42)
FN:219,(anonymous_43)
FN:222,(anonymous_44)
FN:232,(anonymous_45)
FN:233,(anonymous_46)
FN:236,(anonymous_47)
FN:246,(anonymous_48)
FN:247,(anonymous_49)
FN:250,(anonymous_50)
FN:260,(anonymous_51)
FN:261,(anonymous_52)
FN:264,(anonymous_53)
FN:274,(anonymous_54)
FN:275,(anonymous_55)
FN:278,(anonymous_56)
FN:288,(anonymous_57)
FN:289,(anonymous_58)
FN:292,(anonymous_59)
FN:302,(anonymous_60)
FN:303,(anonymous_61)
FN:306,(anonymous_62)
FN:310,(anonymous_63)
FN:324,(anonymous_64)
FN:418,(anonymous_65)
FN:441,(anonymous_66)
FN:442,(anonymous_67)
FN:444,(anonymous_68)
FN:453,(anonymous_69)
FN:455,(anonymous_70)
FN:457,(anonymous_71)
FN:470,(anonymous_72)
FN:471,(anonymous_73)
FN:474,(anonymous_74)
FN:480,(anonymous_75)
FN:495,(anonymous_76)
FN:496,(anonymous_77)
FN:499,(anonymous_78)
FN:505,(anonymous_79)
FN:520,(anonymous_80)
FN:521,(anonymous_81)
FN:523,(anonymous_82)
FN:536,(anonymous_83)
FN:537,(anonymous_84)
FN:540,(anonymous_85)
FN:546,(anonymous_86)
FN:561,(anonymous_87)
FN:562,(anonymous_88)
FN:564,(anonymous_89)
FNF:90
FNH:76
FNDA:3,(anonymous_0)
FNDA:11,(anonymous_1)
FNDA:11,(anonymous_2)
FNDA:11,(anonymous_3)
FNDA:1,(anonymous_4)
FNDA:1,(anonymous_5)
FNDA:1,(anonymous_6)
FNDA:2,(anonymous_7)
FNDA:2,(anonymous_8)
FNDA:2,(anonymous_9)
FNDA:1,(anonymous_10)
FNDA:1,(anonymous_11)
FNDA:1,(anonymous_12)
FNDA:2,(anonymous_13)
FNDA:2,(anonymous_14)
FNDA:2,(anonymous_15)
FNDA:1,(anonymous_16)
FNDA:1,(anonymous_17)
FNDA:1,(anonymous_18)
FNDA:2,(anonymous_19)
FNDA:2,(anonymous_20)
FNDA:2,(anonymous_21)
FNDA:2,(anonymous_22)
FNDA:1,(anonymous_23)
FNDA:1,(anonymous_24)
FNDA:1,(anonymous_25)
FNDA:1,(anonymous_26)
FNDA:1,(anonymous_27)
FNDA:1,(anonymous_28)
FNDA:6,(anonymous_29)
FNDA:6,(anonymous_30)
FNDA:6,(anonymous_31)
FNDA:6,(anonymous_32)
FNDA:1,(anonymous_33)
FNDA:1,(anonymous_34)
FNDA:1,(anonymous_35)
FNDA:2,(anonymous_36)
FNDA:2,(anonymous_37)
FNDA:2,(anonymous_38)
FNDA:0,(anonymous_39)
FNDA:0,(anonymous_40)
FNDA:0,(anonymous_41)
FNDA:1,(anonymous_42)
FNDA:1,(anonymous_43)
FNDA:1,(anonymous_44)
FNDA:1,(anonymous_45)
FNDA:1,(anonymous_46)
FNDA:1,(anonymous_47)
FNDA:1,(anonymous_48)
FNDA:1,(anonymous_49)
FNDA:1,(anonymous_50)
FNDA:1,(anonymous_51)
FNDA:1,(anonymous_52)
FNDA:1,(anonymous_53)
FNDA:0,(anonymous_54)
FNDA:0,(anonymous_55)
FNDA:0,(anonymous_56)
FNDA:0,(anonymous_57)
FNDA:0,(anonymous_58)
FNDA:0,(anonymous_59)
FNDA:0,(anonymous_60)
FNDA:0,(anonymous_61)
FNDA:0,(anonymous_62)
FNDA:0,(anonymous_63)
FNDA:6,(anonymous_64)
FNDA:0,(anonymous_65)
FNDA:1,(anonymous_66)
FNDA:1,(anonymous_67)
FNDA:1,(anonymous_68)
FNDA:21,(anonymous_69)
FNDA:21,(anonymous_70)
FNDA:21,(anonymous_71)
FNDA:5,(anonymous_72)
FNDA:5,(anonymous_73)
FNDA:5,(anonymous_74)
FNDA:5,(anonymous_75)
FNDA:5,(anonymous_76)
FNDA:5,(anonymous_77)
FNDA:5,(anonymous_78)
FNDA:5,(anonymous_79)
FNDA:20,(anonymous_80)
FNDA:20,(anonymous_81)
FNDA:20,(anonymous_82)
FNDA:5,(anonymous_83)
FNDA:5,(anonymous_84)
FNDA:5,(anonymous_85)
FNDA:5,(anonymous_86)
FNDA:40,(anonymous_87)
FNDA:40,(anonymous_88)
FNDA:40,(anonymous_89)
DA:3,3
DA:6,3
DA:7,3
DA:8,3
DA:11,3
DA:12,3
DA:17,3
DA:18,11
DA:20,11
DA:21,11
DA:22,11
DA:23,0
DA:24,0
DA:26,11
DA:31,3
DA:32,1
DA:33,1
DA:34,1
DA:35,1
DA:36,0
DA:37,0
DA:39,1
DA:44,3
DA:45,2
DA:46,2
DA:47,2
DA:48,2
DA:49,0
DA:51,2
DA:57,3
DA:58,1
DA:59,1
DA:60,1
DA:61,1
DA:62,0
DA:63,1
DA:64,0
DA:66,1
DA:72,3
DA:73,2
DA:74,2
DA:75,2
DA:76,2
DA:77,0
DA:79,2
DA:85,3
DA:86,1
DA:87,1
DA:88,1
DA:89,1
DA:90,0
DA:92,1
DA:98,3
DA:99,2
DA:100,2
DA:101,2
DA:102,2
DA:103,0
DA:104,2
DA:105,0
DA:106,0
DA:108,2
DA:109,2
DA:111,1
DA:113,1
DA:114,1
DA:122,3
DA:123,1
DA:124,1
DA:125,1
DA:126,1
DA:127,0
DA:129,1
DA:135,3
DA:136,1
DA:137,1
DA:138,1
DA:139,1
DA:140,0
DA:142,1
DA:148,3
DA:149,6
DA:151,6
DA:152,6
DA:153,6
DA:154,0
DA:155,0
DA:157,6
DA:161,6
DA:162,6
DA:163,6
DA:164,0
DA:165,0
DA:167,6
DA:173,3
DA:174,1
DA:176,1
DA:177,1
DA:178,1
DA:179,0
DA:180,0
DA:182,1
DA:190,3
DA:191,2
DA:193,2
DA:194,2
DA:195,2
DA:197,2
DA:198,2
DA:204,3
DA:205,0
DA:207,0
DA:208,0
DA:209,0
DA:211,0
DA:212,0
DA:218,3
DA:219,1
DA:221,1
DA:222,1
DA:223,1
DA:225,1
DA:226,1
DA:232,3
DA:233,1
DA:235,1
DA:236,1
DA:237,1
DA:239,1
DA:240,1
DA:246,3
DA:247,1
DA:249,1
DA:250,1
DA:251,1
DA:253,1
DA:254,1
DA:260,3
DA:261,1
DA:263,1
DA:264,1
DA:265,1
DA:267,1
DA:268,1
DA:274,3
DA:275,0
DA:277,0
DA:278,0
DA:279,0
DA:281,0
DA:282,0
DA:288,3
DA:289,0
DA:291,0
DA:292,0
DA:293,0
DA:295,0
DA:296,0
DA:302,3
DA:303,0
DA:305,0
DA:306,0
DA:307,0
DA:309,0
DA:310,0
DA:311,0
DA:315,0
DA:316,0
DA:318,0
DA:324,3
DA:337,6
DA:338,6
DA:339,6
DA:340,6
DA:341,34
DA:342,17
DA:343,11
DA:358,17
DA:359,17
DA:360,17
DA:361,17
DA:362,17
DA:363,17
DA:364,17
DA:365,17
DA:366,17
DA:367,17
DA:369,34
DA:370,34
DA:378,34
DA:380,17
DA:381,17
DA:383,17
DA:384,17
DA:386,0
DA:387,0
DA:389,0
DA:390,0
DA:391,0
DA:394,6
DA:408,6
DA:414,3
DA:415,3
DA:416,3
DA:418,3
DA:421,0
DA:422,0
DA:424,0
DA:425,0
DA:426,0
DA:427,0
DA:428,0
DA:429,0
DA:431,0
DA:433,0
DA:435,0
DA:441,3
DA:442,1
DA:443,1
DA:444,1
DA:445,1
DA:446,0
DA:448,1
DA:453,3
DA:455,21
DA:456,21
DA:457,21
DA:458,21
DA:459,0
DA:460,0
DA:462,21
DA:470,3
DA:471,5
DA:472,5
DA:473,5
DA:474,5
DA:475,5
DA:476,0
DA:477,0
DA:480,5
DA:481,5
DA:482,0
DA:483,0
DA:486,5
DA:495,3
DA:496,5
DA:497,5
DA:498,5
DA:499,5
DA:500,5
DA:501,0
DA:502,0
DA:505,5
DA:506,5
DA:507,0
DA:508,0
DA:511,5
DA:520,3
DA:521,20
DA:522,20
DA:523,20
DA:524,20
DA:525,0
DA:526,0
DA:529,20
DA:536,3
DA:537,5
DA:538,5
DA:539,5
DA:540,5
DA:541,5
DA:542,0
DA:543,0
DA:546,5
DA:547,5
DA:548,0
DA:549,0
DA:552,5
DA:561,3
DA:562,40
DA:563,40
DA:564,40
DA:565,40
DA:566,0
DA:567,0
DA:570,40
LF:286
LH:203
BRDA:12,0,0,0
BRDA:12,0,1,3
BRDA:22,1,0,0
BRDA:22,1,1,11
BRDA:35,2,0,0
BRDA:35,2,1,1
BRDA:48,3,0,0
BRDA:48,3,1,2
BRDA:61,4,0,0
BRDA:61,4,1,1
BRDA:63,5,0,0
BRDA:63,5,1,1
BRDA:76,6,0,0
BRDA:76,6,1,2
BRDA:89,7,0,0
BRDA:89,7,1,1
BRDA:102,8,0,0
BRDA:102,8,1,2
BRDA:104,9,0,0
BRDA:104,9,1,2
BRDA:109,10,0,1
BRDA:109,10,1,1
BRDA:126,11,0,0
BRDA:126,11,1,1
BRDA:139,12,0,0
BRDA:139,12,1,1
BRDA:153,13,0,0
BRDA:153,13,1,6
BRDA:163,14,0,0
BRDA:163,14,1,6
BRDA:178,15,0,0
BRDA:178,15,1,1
BRDA:195,16,0,0
BRDA:195,16,1,2
BRDA:209,17,0,0
BRDA:209,17,1,0
BRDA:223,18,0,0
BRDA:223,18,1,1
BRDA:237,19,0,0
BRDA:237,19,1,1
BRDA:251,20,0,0
BRDA:251,20,1,1
BRDA:265,21,0,0
BRDA:265,21,1,1
BRDA:279,22,0,0
BRDA:279,22,1,0
BRDA:293,23,0,0
BRDA:293,23,1,0
BRDA:307,24,0,0
BRDA:307,24,1,0
BRDA:315,25,0,0
BRDA:315,25,1,0
BRDA:341,26,0,17
BRDA:341,26,1,17
BRDA:342,27,0,11
BRDA:342,27,1,6
BRDA:378,28,0,17
BRDA:378,28,1,17
BRDA:378,28,2,0
BRDA:378,28,3,0
BRDA:421,29,0,0
BRDA:421,29,1,0
BRDA:445,30,0,0
BRDA:445,30,1,1
BRDA:458,31,0,0
BRDA:458,31,1,21
BRDA:475,32,0,0
BRDA:475,32,1,5
BRDA:481,33,0,0
BRDA:481,33,1,5
BRDA:500,34,0,0
BRDA:500,34,1,5
BRDA:506,35,0,0
BRDA:506,35,1,5
BRDA:524,36,0,0
BRDA:524,36,1,20
BRDA:541,37,0,0
BRDA:541,37,1,5
BRDA:547,38,0,0
BRDA:547,38,1,5
BRDA:565,39,0,0
BRDA:565,39,1,40
BRF:82
BRH:38
end_of_record
TN:
SF:hike.js
FN:16,Hike
FNF:1
FNH:0
FNDA:0,Hike
DA:18,0
DA:19,0
DA:20,0
DA:21,0
DA:22,0
DA:23,0
DA:24,0
DA:25,0
DA:28,3
LF:9
LH:1
BRF:0
BRH:0
end_of_record
